{"numFailedTestSuites":1,"numFailedTests":1,"numPassedTestSuites":0,"numPassedTests":0,"numPendingTestSuites":0,"numPendingTests":0,"numRuntimeErrorTestSuites":0,"numTodoTests":0,"numTotalTestSuites":1,"numTotalTests":1,"openHandles":[],"snapshot":{"added":0,"didUpdate":false,"failure":false,"filesAdded":0,"filesRemoved":0,"filesRemovedList":[],"filesUnmatched":0,"filesUpdated":0,"matched":0,"total":0,"unchecked":0,"uncheckedKeysByFile":[],"unmatched":0,"updated":0},"startTime":1762152372458,"success":false,"testResults":[{"assertionResults":[{"ancestorTitles":["Payments Bill Flow"],"duration":1,"failureDetails":[{}],"failureMessages":["TypeError: Cannot read properties of undefined (reading 'room')\n    at room (C:\\Users\\MH\\Desktop\\记账系统\\Server-side\\tests\\integration\\payments-bill-flow.test.js:21:36)\n    at processTicksAndRejections (node:internal/process/task_queues:95:5)\n    at Object.<anonymous> (C:\\Users\\MH\\Desktop\\记账系统\\Server-side\\tests\\integration\\payments-bill-flow.test.js:38:14)"],"fullName":"Payments Bill Flow should get bill qr-code info and confirm payment","invocations":1,"location":null,"numPassingAsserts":0,"retryReasons":[],"status":"failed","title":"should get bill qr-code info and confirm payment"}],"endTime":1762152374357,"message":"  ● Payments Bill Flow › should get bill qr-code info and confirm payment\n\n    TypeError: Cannot read properties of undefined (reading 'room')\n\n      19 |     .set('Authorization', `Bearer ${token}`)\n      20 |     .send({ name: `Room_${Date.now()}` });\n    > 21 |   const roomId = roomRes.body.data.room.id;\n         |                                    ^\n      22 |\n      23 |   // 创建账单（最小化字段）\n      24 |   const billRes = await agent\n\n      at room (tests/integration/payments-bill-flow.test.js:21:36)\n      at Object.<anonymous> (tests/integration/payments-bill-flow.test.js:38:14)\n","name":"C:\\Users\\MH\\Desktop\\记账系统\\Server-side\\tests\\integration\\payments-bill-flow.test.js","startTime":1762152372504,"status":"failed","summary":""}],"wasInterrupted":false}
