{"numFailedTestSuites":19,"numFailedTests":234,"numPassedTestSuites":11,"numPassedTests":96,"numPendingTestSuites":1,"numPendingTests":10,"numRuntimeErrorTestSuites":6,"numTodoTests":0,"numTotalTestSuites":31,"numTotalTests":340,"openHandles":[],"snapshot":{"added":0,"didUpdate":false,"failure":false,"filesAdded":0,"filesRemoved":0,"filesRemovedList":[],"filesUnmatched":0,"filesUpdated":0,"matched":0,"total":0,"unchecked":0,"uncheckedKeysByFile":[],"unmatched":0,"updated":0},"startTime":1762159254061,"success":false,"testResults":[{"assertionResults":[{"ancestorTitles":["离线支付服务测试 - 真实数据库","createOfflinePayment"],"duration":378,"failureDetails":[{}],"failureMessages":["TypeError: Cannot read properties of undefined (reading 'User')\n    at Object.User (C:\\Users\\MH\\Desktop\\记账系统\\Server-side\\tests\\unit\\offline-payment-service-real-db.test.js:27:29)\n    at processTicksAndRejections (node:internal/process/task_queues:95:5)"],"fullName":"离线支付服务测试 - 真实数据库 createOfflinePayment 应该成功创建离线支付记录","invocations":1,"location":null,"numPassingAsserts":0,"retryReasons":[],"status":"failed","title":"应该成功创建离线支付记录"},{"ancestorTitles":["离线支付服务测试 - 真实数据库","createOfflinePayment"],"duration":301,"failureDetails":[{}],"failureMessages":["TypeError: Cannot read properties of undefined (reading 'User')\n    at Object.User (C:\\Users\\MH\\Desktop\\记账系统\\Server-side\\tests\\unit\\offline-payment-service-real-db.test.js:27:29)\n    at processTicksAndRejections (node:internal/process/task_queues:95:5)"],"fullName":"离线支付服务测试 - 真实数据库 createOfflinePayment 应该在缺少必要参数时抛出错误","invocations":1,"location":null,"numPassingAsserts":0,"retryReasons":[],"status":"failed","title":"应该在缺少必要参数时抛出错误"},{"ancestorTitles":["离线支付服务测试 - 真实数据库","createOfflinePayment"],"duration":300,"failureDetails":[{}],"failureMessages":["TypeError: Cannot read properties of undefined (reading 'User')\n    at Object.User (C:\\Users\\MH\\Desktop\\记账系统\\Server-side\\tests\\unit\\offline-payment-service-real-db.test.js:27:29)\n    at processTicksAndRejections (node:internal/process/task_queues:95:5)"],"fullName":"离线支付服务测试 - 真实数据库 createOfflinePayment 应该在账单不存在时抛出错误","invocations":1,"location":null,"numPassingAsserts":0,"retryReasons":[],"status":"failed","title":"应该在账单不存在时抛出错误"},{"ancestorTitles":["离线支付服务测试 - 真实数据库","createOfflinePayment"],"duration":299,"failureDetails":[{}],"failureMessages":["TypeError: Cannot read properties of undefined (reading 'User')\n    at Object.User (C:\\Users\\MH\\Desktop\\记账系统\\Server-side\\tests\\unit\\offline-payment-service-real-db.test.js:27:29)\n    at processTicksAndRejections (node:internal/process/task_queues:95:5)"],"fullName":"离线支付服务测试 - 真实数据库 createOfflinePayment 应该在用户不存在时抛出错误","invocations":1,"location":null,"numPassingAsserts":0,"retryReasons":[],"status":"failed","title":"应该在用户不存在时抛出错误"},{"ancestorTitles":["离线支付服务测试 - 真实数据库","syncOfflinePayment"],"duration":316,"failureDetails":[{}],"failureMessages":["TypeError: Cannot read properties of undefined (reading 'User')\n    at Object.User (C:\\Users\\MH\\Desktop\\记账系统\\Server-side\\tests\\unit\\offline-payment-service-real-db.test.js:27:29)\n    at processTicksAndRejections (node:internal/process/task_queues:95:5)"],"fullName":"离线支付服务测试 - 真实数据库 syncOfflinePayment 应该成功同步离线支付记录","invocations":1,"location":null,"numPassingAsserts":0,"retryReasons":[],"status":"failed","title":"应该成功同步离线支付记录"},{"ancestorTitles":["离线支付服务测试 - 真实数据库","syncOfflinePayment"],"duration":319,"failureDetails":[{}],"failureMessages":["TypeError: Cannot read properties of undefined (reading 'User')\n    at Object.User (C:\\Users\\MH\\Desktop\\记账系统\\Server-side\\tests\\unit\\offline-payment-service-real-db.test.js:27:29)\n    at processTicksAndRejections (node:internal/process/task_queues:95:5)"],"fullName":"离线支付服务测试 - 真实数据库 syncOfflinePayment 应该在支付记录不存在时抛出错误","invocations":1,"location":null,"numPassingAsserts":0,"retryReasons":[],"status":"failed","title":"应该在支付记录不存在时抛出错误"},{"ancestorTitles":["离线支付服务测试 - 真实数据库","syncOfflinePayment"],"duration":308,"failureDetails":[{}],"failureMessages":["TypeError: Cannot read properties of undefined (reading 'User')\n    at Object.User (C:\\Users\\MH\\Desktop\\记账系统\\Server-side\\tests\\unit\\offline-payment-service-real-db.test.js:27:29)\n    at processTicksAndRejections (node:internal/process/task_queues:95:5)"],"fullName":"离线支付服务测试 - 真实数据库 syncOfflinePayment 应该在支付记录状态不正确时抛出错误","invocations":1,"location":null,"numPassingAsserts":0,"retryReasons":[],"status":"failed","title":"应该在支付记录状态不正确时抛出错误"},{"ancestorTitles":["离线支付服务测试 - 真实数据库","getUserOfflinePayments"],"duration":312,"failureDetails":[{}],"failureMessages":["TypeError: Cannot read properties of undefined (reading 'User')\n    at Object.User (C:\\Users\\MH\\Desktop\\记账系统\\Server-side\\tests\\unit\\offline-payment-service-real-db.test.js:27:29)\n    at processTicksAndRejections (node:internal/process/task_queues:95:5)"],"fullName":"离线支付服务测试 - 真实数据库 getUserOfflinePayments 应该成功获取用户离线支付记录","invocations":1,"location":null,"numPassingAsserts":0,"retryReasons":[],"status":"failed","title":"应该成功获取用户离线支付记录"},{"ancestorTitles":["离线支付服务测试 - 真实数据库","getUserOfflinePayments"],"duration":377,"failureDetails":[{}],"failureMessages":["TypeError: Cannot read properties of undefined (reading 'User')\n    at Object.User (C:\\Users\\MH\\Desktop\\记账系统\\Server-side\\tests\\unit\\offline-payment-service-real-db.test.js:27:29)\n    at processTicksAndRejections (node:internal/process/task_queues:95:5)"],"fullName":"离线支付服务测试 - 真实数据库 getUserOfflinePayments 应该正确处理分页","invocations":1,"location":null,"numPassingAsserts":0,"retryReasons":[],"status":"failed","title":"应该正确处理分页"},{"ancestorTitles":["离线支付服务测试 - 真实数据库","getUserOfflinePayments"],"duration":305,"failureDetails":[{}],"failureMessages":["TypeError: Cannot read properties of undefined (reading 'User')\n    at Object.User (C:\\Users\\MH\\Desktop\\记账系统\\Server-side\\tests\\unit\\offline-payment-service-real-db.test.js:27:29)\n    at processTicksAndRejections (node:internal/process/task_queues:95:5)"],"fullName":"离线支付服务测试 - 真实数据库 getUserOfflinePayments 应该根据状态筛选支付记录","invocations":1,"location":null,"numPassingAsserts":0,"retryReasons":[],"status":"failed","title":"应该根据状态筛选支付记录"}],"coverage":{},"endTime":1762159288876,"message":"\u001b[1m\u001b[31m  \u001b[1m● \u001b[22m\u001b[1m离线支付服务测试 - 真实数据库 › createOfflinePayment › 应该成功创建离线支付记录\u001b[39m\u001b[22m\n\n    TypeError: Cannot read properties of undefined (reading 'User')\n\u001b[2m\u001b[22m\n\u001b[2m    \u001b[0m \u001b[90m 25 |\u001b[39m\u001b[22m\n\u001b[2m     \u001b[90m 26 |\u001b[39m     \u001b[90m// 创建测试用户\u001b[39m\u001b[22m\n\u001b[2m    \u001b[31m\u001b[1m>\u001b[22m\u001b[2m\u001b[39m\u001b[90m 27 |\u001b[39m     testUser \u001b[33m=\u001b[39m \u001b[36mawait\u001b[39m models\u001b[33m.\u001b[39m\u001b[33mUser\u001b[39m\u001b[33m.\u001b[39mcreate({\u001b[22m\n\u001b[2m     \u001b[90m    |\u001b[39m                             \u001b[31m\u001b[1m^\u001b[22m\u001b[2m\u001b[39m\u001b[22m\n\u001b[2m     \u001b[90m 28 |\u001b[39m       username\u001b[33m:\u001b[39m \u001b[32m'testuser'\u001b[39m\u001b[33m,\u001b[39m\u001b[22m\n\u001b[2m     \u001b[90m 29 |\u001b[39m       email\u001b[33m:\u001b[39m \u001b[32m'test@example.com'\u001b[39m\u001b[33m,\u001b[39m\u001b[22m\n\u001b[2m     \u001b[90m 30 |\u001b[39m       password\u001b[33m:\u001b[39m \u001b[32m'password123'\u001b[39m\u001b[33m,\u001b[39m\u001b[0m\u001b[22m\n\u001b[2m\u001b[22m\n\u001b[2m      \u001b[2mat Object.User (\u001b[22m\u001b[2m\u001b[0m\u001b[36mtests/unit/offline-payment-service-real-db.test.js\u001b[39m\u001b[0m\u001b[2m:27:29)\u001b[22m\u001b[2m\u001b[22m\n\n\u001b[1m\u001b[31m  \u001b[1m● \u001b[22m\u001b[1m离线支付服务测试 - 真实数据库 › createOfflinePayment › 应该在缺少必要参数时抛出错误\u001b[39m\u001b[22m\n\n    TypeError: Cannot read properties of undefined (reading 'User')\n\u001b[2m\u001b[22m\n\u001b[2m    \u001b[0m \u001b[90m 25 |\u001b[39m\u001b[22m\n\u001b[2m     \u001b[90m 26 |\u001b[39m     \u001b[90m// 创建测试用户\u001b[39m\u001b[22m\n\u001b[2m    \u001b[31m\u001b[1m>\u001b[22m\u001b[2m\u001b[39m\u001b[90m 27 |\u001b[39m     testUser \u001b[33m=\u001b[39m \u001b[36mawait\u001b[39m models\u001b[33m.\u001b[39m\u001b[33mUser\u001b[39m\u001b[33m.\u001b[39mcreate({\u001b[22m\n\u001b[2m     \u001b[90m    |\u001b[39m                             \u001b[31m\u001b[1m^\u001b[22m\u001b[2m\u001b[39m\u001b[22m\n\u001b[2m     \u001b[90m 28 |\u001b[39m       username\u001b[33m:\u001b[39m \u001b[32m'testuser'\u001b[39m\u001b[33m,\u001b[39m\u001b[22m\n\u001b[2m     \u001b[90m 29 |\u001b[39m       email\u001b[33m:\u001b[39m \u001b[32m'test@example.com'\u001b[39m\u001b[33m,\u001b[39m\u001b[22m\n\u001b[2m     \u001b[90m 30 |\u001b[39m       password\u001b[33m:\u001b[39m \u001b[32m'password123'\u001b[39m\u001b[33m,\u001b[39m\u001b[0m\u001b[22m\n\u001b[2m\u001b[22m\n\u001b[2m      \u001b[2mat Object.User (\u001b[22m\u001b[2m\u001b[0m\u001b[36mtests/unit/offline-payment-service-real-db.test.js\u001b[39m\u001b[0m\u001b[2m:27:29)\u001b[22m\u001b[2m\u001b[22m\n\n\u001b[1m\u001b[31m  \u001b[1m● \u001b[22m\u001b[1m离线支付服务测试 - 真实数据库 › createOfflinePayment › 应该在账单不存在时抛出错误\u001b[39m\u001b[22m\n\n    TypeError: Cannot read properties of undefined (reading 'User')\n\u001b[2m\u001b[22m\n\u001b[2m    \u001b[0m \u001b[90m 25 |\u001b[39m\u001b[22m\n\u001b[2m     \u001b[90m 26 |\u001b[39m     \u001b[90m// 创建测试用户\u001b[39m\u001b[22m\n\u001b[2m    \u001b[31m\u001b[1m>\u001b[22m\u001b[2m\u001b[39m\u001b[90m 27 |\u001b[39m     testUser \u001b[33m=\u001b[39m \u001b[36mawait\u001b[39m models\u001b[33m.\u001b[39m\u001b[33mUser\u001b[39m\u001b[33m.\u001b[39mcreate({\u001b[22m\n\u001b[2m     \u001b[90m    |\u001b[39m                             \u001b[31m\u001b[1m^\u001b[22m\u001b[2m\u001b[39m\u001b[22m\n\u001b[2m     \u001b[90m 28 |\u001b[39m       username\u001b[33m:\u001b[39m \u001b[32m'testuser'\u001b[39m\u001b[33m,\u001b[39m\u001b[22m\n\u001b[2m     \u001b[90m 29 |\u001b[39m       email\u001b[33m:\u001b[39m \u001b[32m'test@example.com'\u001b[39m\u001b[33m,\u001b[39m\u001b[22m\n\u001b[2m     \u001b[90m 30 |\u001b[39m       password\u001b[33m:\u001b[39m \u001b[32m'password123'\u001b[39m\u001b[33m,\u001b[39m\u001b[0m\u001b[22m\n\u001b[2m\u001b[22m\n\u001b[2m      \u001b[2mat Object.User (\u001b[22m\u001b[2m\u001b[0m\u001b[36mtests/unit/offline-payment-service-real-db.test.js\u001b[39m\u001b[0m\u001b[2m:27:29)\u001b[22m\u001b[2m\u001b[22m\n\n\u001b[1m\u001b[31m  \u001b[1m● \u001b[22m\u001b[1m离线支付服务测试 - 真实数据库 › createOfflinePayment › 应该在用户不存在时抛出错误\u001b[39m\u001b[22m\n\n    TypeError: Cannot read properties of undefined (reading 'User')\n\u001b[2m\u001b[22m\n\u001b[2m    \u001b[0m \u001b[90m 25 |\u001b[39m\u001b[22m\n\u001b[2m     \u001b[90m 26 |\u001b[39m     \u001b[90m// 创建测试用户\u001b[39m\u001b[22m\n\u001b[2m    \u001b[31m\u001b[1m>\u001b[22m\u001b[2m\u001b[39m\u001b[90m 27 |\u001b[39m     testUser \u001b[33m=\u001b[39m \u001b[36mawait\u001b[39m models\u001b[33m.\u001b[39m\u001b[33mUser\u001b[39m\u001b[33m.\u001b[39mcreate({\u001b[22m\n\u001b[2m     \u001b[90m    |\u001b[39m                             \u001b[31m\u001b[1m^\u001b[22m\u001b[2m\u001b[39m\u001b[22m\n\u001b[2m     \u001b[90m 28 |\u001b[39m       username\u001b[33m:\u001b[39m \u001b[32m'testuser'\u001b[39m\u001b[33m,\u001b[39m\u001b[22m\n\u001b[2m     \u001b[90m 29 |\u001b[39m       email\u001b[33m:\u001b[39m \u001b[32m'test@example.com'\u001b[39m\u001b[33m,\u001b[39m\u001b[22m\n\u001b[2m     \u001b[90m 30 |\u001b[39m       password\u001b[33m:\u001b[39m \u001b[32m'password123'\u001b[39m\u001b[33m,\u001b[39m\u001b[0m\u001b[22m\n\u001b[2m\u001b[22m\n\u001b[2m      \u001b[2mat Object.User (\u001b[22m\u001b[2m\u001b[0m\u001b[36mtests/unit/offline-payment-service-real-db.test.js\u001b[39m\u001b[0m\u001b[2m:27:29)\u001b[22m\u001b[2m\u001b[22m\n\n\u001b[1m\u001b[31m  \u001b[1m● \u001b[22m\u001b[1m离线支付服务测试 - 真实数据库 › syncOfflinePayment › 应该成功同步离线支付记录\u001b[39m\u001b[22m\n\n    TypeError: Cannot read properties of undefined (reading 'User')\n\u001b[2m\u001b[22m\n\u001b[2m    \u001b[0m \u001b[90m 25 |\u001b[39m\u001b[22m\n\u001b[2m     \u001b[90m 26 |\u001b[39m     \u001b[90m// 创建测试用户\u001b[39m\u001b[22m\n\u001b[2m    \u001b[31m\u001b[1m>\u001b[22m\u001b[2m\u001b[39m\u001b[90m 27 |\u001b[39m     testUser \u001b[33m=\u001b[39m \u001b[36mawait\u001b[39m models\u001b[33m.\u001b[39m\u001b[33mUser\u001b[39m\u001b[33m.\u001b[39mcreate({\u001b[22m\n\u001b[2m     \u001b[90m    |\u001b[39m                             \u001b[31m\u001b[1m^\u001b[22m\u001b[2m\u001b[39m\u001b[22m\n\u001b[2m     \u001b[90m 28 |\u001b[39m       username\u001b[33m:\u001b[39m \u001b[32m'testuser'\u001b[39m\u001b[33m,\u001b[39m\u001b[22m\n\u001b[2m     \u001b[90m 29 |\u001b[39m       email\u001b[33m:\u001b[39m \u001b[32m'test@example.com'\u001b[39m\u001b[33m,\u001b[39m\u001b[22m\n\u001b[2m     \u001b[90m 30 |\u001b[39m       password\u001b[33m:\u001b[39m \u001b[32m'password123'\u001b[39m\u001b[33m,\u001b[39m\u001b[0m\u001b[22m\n\u001b[2m\u001b[22m\n\u001b[2m      \u001b[2mat Object.User (\u001b[22m\u001b[2m\u001b[0m\u001b[36mtests/unit/offline-payment-service-real-db.test.js\u001b[39m\u001b[0m\u001b[2m:27:29)\u001b[22m\u001b[2m\u001b[22m\n\n\u001b[1m\u001b[31m  \u001b[1m● \u001b[22m\u001b[1m离线支付服务测试 - 真实数据库 › syncOfflinePayment › 应该在支付记录不存在时抛出错误\u001b[39m\u001b[22m\n\n    TypeError: Cannot read properties of undefined (reading 'User')\n\u001b[2m\u001b[22m\n\u001b[2m    \u001b[0m \u001b[90m 25 |\u001b[39m\u001b[22m\n\u001b[2m     \u001b[90m 26 |\u001b[39m     \u001b[90m// 创建测试用户\u001b[39m\u001b[22m\n\u001b[2m    \u001b[31m\u001b[1m>\u001b[22m\u001b[2m\u001b[39m\u001b[90m 27 |\u001b[39m     testUser \u001b[33m=\u001b[39m \u001b[36mawait\u001b[39m models\u001b[33m.\u001b[39m\u001b[33mUser\u001b[39m\u001b[33m.\u001b[39mcreate({\u001b[22m\n\u001b[2m     \u001b[90m    |\u001b[39m                             \u001b[31m\u001b[1m^\u001b[22m\u001b[2m\u001b[39m\u001b[22m\n\u001b[2m     \u001b[90m 28 |\u001b[39m       username\u001b[33m:\u001b[39m \u001b[32m'testuser'\u001b[39m\u001b[33m,\u001b[39m\u001b[22m\n\u001b[2m     \u001b[90m 29 |\u001b[39m       email\u001b[33m:\u001b[39m \u001b[32m'test@example.com'\u001b[39m\u001b[33m,\u001b[39m\u001b[22m\n\u001b[2m     \u001b[90m 30 |\u001b[39m       password\u001b[33m:\u001b[39m \u001b[32m'password123'\u001b[39m\u001b[33m,\u001b[39m\u001b[0m\u001b[22m\n\u001b[2m\u001b[22m\n\u001b[2m      \u001b[2mat Object.User (\u001b[22m\u001b[2m\u001b[0m\u001b[36mtests/unit/offline-payment-service-real-db.test.js\u001b[39m\u001b[0m\u001b[2m:27:29)\u001b[22m\u001b[2m\u001b[22m\n\n\u001b[1m\u001b[31m  \u001b[1m● \u001b[22m\u001b[1m离线支付服务测试 - 真实数据库 › syncOfflinePayment › 应该在支付记录状态不正确时抛出错误\u001b[39m\u001b[22m\n\n    TypeError: Cannot read properties of undefined (reading 'User')\n\u001b[2m\u001b[22m\n\u001b[2m    \u001b[0m \u001b[90m 25 |\u001b[39m\u001b[22m\n\u001b[2m     \u001b[90m 26 |\u001b[39m     \u001b[90m// 创建测试用户\u001b[39m\u001b[22m\n\u001b[2m    \u001b[31m\u001b[1m>\u001b[22m\u001b[2m\u001b[39m\u001b[90m 27 |\u001b[39m     testUser \u001b[33m=\u001b[39m \u001b[36mawait\u001b[39m models\u001b[33m.\u001b[39m\u001b[33mUser\u001b[39m\u001b[33m.\u001b[39mcreate({\u001b[22m\n\u001b[2m     \u001b[90m    |\u001b[39m                             \u001b[31m\u001b[1m^\u001b[22m\u001b[2m\u001b[39m\u001b[22m\n\u001b[2m     \u001b[90m 28 |\u001b[39m       username\u001b[33m:\u001b[39m \u001b[32m'testuser'\u001b[39m\u001b[33m,\u001b[39m\u001b[22m\n\u001b[2m     \u001b[90m 29 |\u001b[39m       email\u001b[33m:\u001b[39m \u001b[32m'test@example.com'\u001b[39m\u001b[33m,\u001b[39m\u001b[22m\n\u001b[2m     \u001b[90m 30 |\u001b[39m       password\u001b[33m:\u001b[39m \u001b[32m'password123'\u001b[39m\u001b[33m,\u001b[39m\u001b[0m\u001b[22m\n\u001b[2m\u001b[22m\n\u001b[2m      \u001b[2mat Object.User (\u001b[22m\u001b[2m\u001b[0m\u001b[36mtests/unit/offline-payment-service-real-db.test.js\u001b[39m\u001b[0m\u001b[2m:27:29)\u001b[22m\u001b[2m\u001b[22m\n\n\u001b[1m\u001b[31m  \u001b[1m● \u001b[22m\u001b[1m离线支付服务测试 - 真实数据库 › getUserOfflinePayments › 应该成功获取用户离线支付记录\u001b[39m\u001b[22m\n\n    TypeError: Cannot read properties of undefined (reading 'User')\n\u001b[2m\u001b[22m\n\u001b[2m    \u001b[0m \u001b[90m 25 |\u001b[39m\u001b[22m\n\u001b[2m     \u001b[90m 26 |\u001b[39m     \u001b[90m// 创建测试用户\u001b[39m\u001b[22m\n\u001b[2m    \u001b[31m\u001b[1m>\u001b[22m\u001b[2m\u001b[39m\u001b[90m 27 |\u001b[39m     testUser \u001b[33m=\u001b[39m \u001b[36mawait\u001b[39m models\u001b[33m.\u001b[39m\u001b[33mUser\u001b[39m\u001b[33m.\u001b[39mcreate({\u001b[22m\n\u001b[2m     \u001b[90m    |\u001b[39m                             \u001b[31m\u001b[1m^\u001b[22m\u001b[2m\u001b[39m\u001b[22m\n\u001b[2m     \u001b[90m 28 |\u001b[39m       username\u001b[33m:\u001b[39m \u001b[32m'testuser'\u001b[39m\u001b[33m,\u001b[39m\u001b[22m\n\u001b[2m     \u001b[90m 29 |\u001b[39m       email\u001b[33m:\u001b[39m \u001b[32m'test@example.com'\u001b[39m\u001b[33m,\u001b[39m\u001b[22m\n\u001b[2m     \u001b[90m 30 |\u001b[39m       password\u001b[33m:\u001b[39m \u001b[32m'password123'\u001b[39m\u001b[33m,\u001b[39m\u001b[0m\u001b[22m\n\u001b[2m\u001b[22m\n\u001b[2m      \u001b[2mat Object.User (\u001b[22m\u001b[2m\u001b[0m\u001b[36mtests/unit/offline-payment-service-real-db.test.js\u001b[39m\u001b[0m\u001b[2m:27:29)\u001b[22m\u001b[2m\u001b[22m\n\n\u001b[1m\u001b[31m  \u001b[1m● \u001b[22m\u001b[1m离线支付服务测试 - 真实数据库 › getUserOfflinePayments › 应该正确处理分页\u001b[39m\u001b[22m\n\n    TypeError: Cannot read properties of undefined (reading 'User')\n\u001b[2m\u001b[22m\n\u001b[2m    \u001b[0m \u001b[90m 25 |\u001b[39m\u001b[22m\n\u001b[2m     \u001b[90m 26 |\u001b[39m     \u001b[90m// 创建测试用户\u001b[39m\u001b[22m\n\u001b[2m    \u001b[31m\u001b[1m>\u001b[22m\u001b[2m\u001b[39m\u001b[90m 27 |\u001b[39m     testUser \u001b[33m=\u001b[39m \u001b[36mawait\u001b[39m models\u001b[33m.\u001b[39m\u001b[33mUser\u001b[39m\u001b[33m.\u001b[39mcreate({\u001b[22m\n\u001b[2m     \u001b[90m    |\u001b[39m                             \u001b[31m\u001b[1m^\u001b[22m\u001b[2m\u001b[39m\u001b[22m\n\u001b[2m     \u001b[90m 28 |\u001b[39m       username\u001b[33m:\u001b[39m \u001b[32m'testuser'\u001b[39m\u001b[33m,\u001b[39m\u001b[22m\n\u001b[2m     \u001b[90m 29 |\u001b[39m       email\u001b[33m:\u001b[39m \u001b[32m'test@example.com'\u001b[39m\u001b[33m,\u001b[39m\u001b[22m\n\u001b[2m     \u001b[90m 30 |\u001b[39m       password\u001b[33m:\u001b[39m \u001b[32m'password123'\u001b[39m\u001b[33m,\u001b[39m\u001b[0m\u001b[22m\n\u001b[2m\u001b[22m\n\u001b[2m      \u001b[2mat Object.User (\u001b[22m\u001b[2m\u001b[0m\u001b[36mtests/unit/offline-payment-service-real-db.test.js\u001b[39m\u001b[0m\u001b[2m:27:29)\u001b[22m\u001b[2m\u001b[22m\n\n\u001b[1m\u001b[31m  \u001b[1m● \u001b[22m\u001b[1m离线支付服务测试 - 真实数据库 › getUserOfflinePayments › 应该根据状态筛选支付记录\u001b[39m\u001b[22m\n\n    TypeError: Cannot read properties of undefined (reading 'User')\n\u001b[2m\u001b[22m\n\u001b[2m    \u001b[0m \u001b[90m 25 |\u001b[39m\u001b[22m\n\u001b[2m     \u001b[90m 26 |\u001b[39m     \u001b[90m// 创建测试用户\u001b[39m\u001b[22m\n\u001b[2m    \u001b[31m\u001b[1m>\u001b[22m\u001b[2m\u001b[39m\u001b[90m 27 |\u001b[39m     testUser \u001b[33m=\u001b[39m \u001b[36mawait\u001b[39m models\u001b[33m.\u001b[39m\u001b[33mUser\u001b[39m\u001b[33m.\u001b[39mcreate({\u001b[22m\n\u001b[2m     \u001b[90m    |\u001b[39m                             \u001b[31m\u001b[1m^\u001b[22m\u001b[2m\u001b[39m\u001b[22m\n\u001b[2m     \u001b[90m 28 |\u001b[39m       username\u001b[33m:\u001b[39m \u001b[32m'testuser'\u001b[39m\u001b[33m,\u001b[39m\u001b[22m\n\u001b[2m     \u001b[90m 29 |\u001b[39m       email\u001b[33m:\u001b[39m \u001b[32m'test@example.com'\u001b[39m\u001b[33m,\u001b[39m\u001b[22m\n\u001b[2m     \u001b[90m 30 |\u001b[39m       password\u001b[33m:\u001b[39m \u001b[32m'password123'\u001b[39m\u001b[33m,\u001b[39m\u001b[0m\u001b[22m\n\u001b[2m\u001b[22m\n\u001b[2m      \u001b[2mat Object.User (\u001b[22m\u001b[2m\u001b[0m\u001b[36mtests/unit/offline-payment-service-real-db.test.js\u001b[39m\u001b[0m\u001b[2m:27:29)\u001b[22m\u001b[2m\u001b[22m\n\n\n  \u001b[1m● \u001b[22mTest suite failed to run\n\n    Called end on pool more than once\n\n    \u001b[0m \u001b[90m 81 |\u001b[39m \u001b[36masync\u001b[39m \u001b[36mfunction\u001b[39m closeTestDatabase() {\n     \u001b[90m 82 |\u001b[39m   \u001b[36mtry\u001b[39m {\n    \u001b[31m\u001b[1m>\u001b[22m\u001b[39m\u001b[90m 83 |\u001b[39m     \u001b[36mawait\u001b[39m pool\u001b[33m.\u001b[39mend()\u001b[33m;\u001b[39m\n     \u001b[90m    |\u001b[39m                \u001b[31m\u001b[1m^\u001b[22m\u001b[39m\n     \u001b[90m 84 |\u001b[39m     console\u001b[33m.\u001b[39mlog(\u001b[32m'测试数据库连接池已关闭'\u001b[39m)\u001b[33m;\u001b[39m\n     \u001b[90m 85 |\u001b[39m   } \u001b[36mcatch\u001b[39m (e) {\n     \u001b[90m 86 |\u001b[39m     console\u001b[33m.\u001b[39merror(\u001b[32m'关闭测试数据库连接池失败:'\u001b[39m\u001b[33m,\u001b[39m e\u001b[33m.\u001b[39mmessage)\u001b[33m;\u001b[39m\u001b[0m\n\n      \u001b[2mat BoundPool.end (\u001b[22mnode_modules/pg-pool/index.js\u001b[2m:453:19)\u001b[22m\n      \u001b[2mat end (\u001b[22mtests/setup/test-database.js\u001b[2m:83:16)\u001b[22m\n      \u001b[2mat Object.closeTestDatabase (\u001b[22mtests/setup/jest.setup.js\u001b[2m:58:9)\u001b[22m\n","name":"C:\\Users\\MH\\Desktop\\记账系统\\Server-side\\tests\\unit\\offline-payment-service-real-db.test.js","startTime":1762159288876,"status":"failed","summary":""},{"assertionResults":[{"ancestorTitles":["支付流程优化控制器测试 - 真实数据库","createOfflinePayment"],"duration":528,"failureDetails":[{}],"failureMessages":["TypeError: Cannot read properties of undefined (reading 'User')\n    at Object.User (C:\\Users\\MH\\Desktop\\记账系统\\Server-side\\tests\\unit\\payment-optimization-controller-real-db.test.js:27:29)\n    at processTicksAndRejections (node:internal/process/task_queues:95:5)"],"fullName":"支付流程优化控制器测试 - 真实数据库 createOfflinePayment 应该成功创建离线支付","invocations":1,"location":null,"numPassingAsserts":0,"retryReasons":[],"status":"failed","title":"应该成功创建离线支付"},{"ancestorTitles":["支付流程优化控制器测试 - 真实数据库","createOfflinePayment"],"duration":338,"failureDetails":[{}],"failureMessages":["TypeError: Cannot read properties of undefined (reading 'User')\n    at Object.User (C:\\Users\\MH\\Desktop\\记账系统\\Server-side\\tests\\unit\\payment-optimization-controller-real-db.test.js:27:29)\n    at processTicksAndRejections (node:internal/process/task_queues:95:5)"],"fullName":"支付流程优化控制器测试 - 真实数据库 createOfflinePayment 应该在缺少必要参数时返回错误","invocations":1,"location":null,"numPassingAsserts":0,"retryReasons":[],"status":"failed","title":"应该在缺少必要参数时返回错误"},{"ancestorTitles":["支付流程优化控制器测试 - 真实数据库","createOfflinePayment"],"duration":330,"failureDetails":[{}],"failureMessages":["TypeError: Cannot read properties of undefined (reading 'User')\n    at Object.User (C:\\Users\\MH\\Desktop\\记账系统\\Server-side\\tests\\unit\\payment-optimization-controller-real-db.test.js:27:29)\n    at processTicksAndRejections (node:internal/process/task_queues:95:5)"],"fullName":"支付流程优化控制器测试 - 真实数据库 createOfflinePayment 应该在账单不存在时返回错误","invocations":1,"location":null,"numPassingAsserts":0,"retryReasons":[],"status":"failed","title":"应该在账单不存在时返回错误"},{"ancestorTitles":["支付流程优化控制器测试 - 真实数据库","syncOfflinePayment"],"duration":296,"failureDetails":[{}],"failureMessages":["TypeError: Cannot read properties of undefined (reading 'User')\n    at Object.User (C:\\Users\\MH\\Desktop\\记账系统\\Server-side\\tests\\unit\\payment-optimization-controller-real-db.test.js:27:29)\n    at processTicksAndRejections (node:internal/process/task_queues:95:5)"],"fullName":"支付流程优化控制器测试 - 真实数据库 syncOfflinePayment 应该成功同步离线支付","invocations":1,"location":null,"numPassingAsserts":0,"retryReasons":[],"status":"failed","title":"应该成功同步离线支付"},{"ancestorTitles":["支付流程优化控制器测试 - 真实数据库","syncOfflinePayment"],"duration":318,"failureDetails":[{}],"failureMessages":["TypeError: Cannot read properties of undefined (reading 'User')\n    at Object.User (C:\\Users\\MH\\Desktop\\记账系统\\Server-side\\tests\\unit\\payment-optimization-controller-real-db.test.js:27:29)\n    at processTicksAndRejections (node:internal/process/task_queues:95:5)"],"fullName":"支付流程优化控制器测试 - 真实数据库 syncOfflinePayment 应该在ID无效时返回错误","invocations":1,"location":null,"numPassingAsserts":0,"retryReasons":[],"status":"failed","title":"应该在ID无效时返回错误"},{"ancestorTitles":["支付流程优化控制器测试 - 真实数据库","syncOfflinePayment"],"duration":323,"failureDetails":[{}],"failureMessages":["TypeError: Cannot read properties of undefined (reading 'User')\n    at Object.User (C:\\Users\\MH\\Desktop\\记账系统\\Server-side\\tests\\unit\\payment-optimization-controller-real-db.test.js:27:29)\n    at processTicksAndRejections (node:internal/process/task_queues:95:5)"],"fullName":"支付流程优化控制器测试 - 真实数据库 syncOfflinePayment 应该在支付记录不存在时返回错误","invocations":1,"location":null,"numPassingAsserts":0,"retryReasons":[],"status":"failed","title":"应该在支付记录不存在时返回错误"},{"ancestorTitles":["支付流程优化控制器测试 - 真实数据库","getUserOfflinePayments"],"duration":313,"failureDetails":[{}],"failureMessages":["TypeError: Cannot read properties of undefined (reading 'User')\n    at Object.User (C:\\Users\\MH\\Desktop\\记账系统\\Server-side\\tests\\unit\\payment-optimization-controller-real-db.test.js:27:29)\n    at processTicksAndRejections (node:internal/process/task_queues:95:5)"],"fullName":"支付流程优化控制器测试 - 真实数据库 getUserOfflinePayments 应该成功获取用户离线支付记录","invocations":1,"location":null,"numPassingAsserts":0,"retryReasons":[],"status":"failed","title":"应该成功获取用户离线支付记录"},{"ancestorTitles":["支付流程优化控制器测试 - 真实数据库","getUserOfflinePayments"],"duration":304,"failureDetails":[{}],"failureMessages":["TypeError: Cannot read properties of undefined (reading 'User')\n    at Object.User (C:\\Users\\MH\\Desktop\\记账系统\\Server-side\\tests\\unit\\payment-optimization-controller-real-db.test.js:27:29)\n    at processTicksAndRejections (node:internal/process/task_queues:95:5)"],"fullName":"支付流程优化控制器测试 - 真实数据库 getUserOfflinePayments 应该正确处理分页","invocations":1,"location":null,"numPassingAsserts":0,"retryReasons":[],"status":"failed","title":"应该正确处理分页"},{"ancestorTitles":["支付流程优化控制器测试 - 真实数据库","getUserOfflinePayments"],"duration":284,"failureDetails":[{}],"failureMessages":["TypeError: Cannot read properties of undefined (reading 'User')\n    at Object.User (C:\\Users\\MH\\Desktop\\记账系统\\Server-side\\tests\\unit\\payment-optimization-controller-real-db.test.js:27:29)\n    at processTicksAndRejections (node:internal/process/task_queues:95:5)"],"fullName":"支付流程优化控制器测试 - 真实数据库 getUserOfflinePayments 应该根据状态筛选支付记录","invocations":1,"location":null,"numPassingAsserts":0,"retryReasons":[],"status":"failed","title":"应该根据状态筛选支付记录"}],"coverage":{},"endTime":1762159288876,"message":"\u001b[1m\u001b[31m  \u001b[1m● \u001b[22m\u001b[1m支付流程优化控制器测试 - 真实数据库 › createOfflinePayment › 应该成功创建离线支付\u001b[39m\u001b[22m\n\n    TypeError: Cannot read properties of undefined (reading 'User')\n\u001b[2m\u001b[22m\n\u001b[2m    \u001b[0m \u001b[90m 25 |\u001b[39m\u001b[22m\n\u001b[2m     \u001b[90m 26 |\u001b[39m     \u001b[90m// 创建测试用户\u001b[39m\u001b[22m\n\u001b[2m    \u001b[31m\u001b[1m>\u001b[22m\u001b[2m\u001b[39m\u001b[90m 27 |\u001b[39m     testUser \u001b[33m=\u001b[39m \u001b[36mawait\u001b[39m models\u001b[33m.\u001b[39m\u001b[33mUser\u001b[39m\u001b[33m.\u001b[39mcreate({\u001b[22m\n\u001b[2m     \u001b[90m    |\u001b[39m                             \u001b[31m\u001b[1m^\u001b[22m\u001b[2m\u001b[39m\u001b[22m\n\u001b[2m     \u001b[90m 28 |\u001b[39m       username\u001b[33m:\u001b[39m \u001b[32m'testuser'\u001b[39m\u001b[33m,\u001b[39m\u001b[22m\n\u001b[2m     \u001b[90m 29 |\u001b[39m       email\u001b[33m:\u001b[39m \u001b[32m'test@example.com'\u001b[39m\u001b[33m,\u001b[39m\u001b[22m\n\u001b[2m     \u001b[90m 30 |\u001b[39m       password\u001b[33m:\u001b[39m \u001b[32m'password123'\u001b[39m\u001b[33m,\u001b[39m\u001b[0m\u001b[22m\n\u001b[2m\u001b[22m\n\u001b[2m      \u001b[2mat Object.User (\u001b[22m\u001b[2m\u001b[0m\u001b[36mtests/unit/payment-optimization-controller-real-db.test.js\u001b[39m\u001b[0m\u001b[2m:27:29)\u001b[22m\u001b[2m\u001b[22m\n\n\u001b[1m\u001b[31m  \u001b[1m● \u001b[22m\u001b[1m支付流程优化控制器测试 - 真实数据库 › createOfflinePayment › 应该在缺少必要参数时返回错误\u001b[39m\u001b[22m\n\n    TypeError: Cannot read properties of undefined (reading 'User')\n\u001b[2m\u001b[22m\n\u001b[2m    \u001b[0m \u001b[90m 25 |\u001b[39m\u001b[22m\n\u001b[2m     \u001b[90m 26 |\u001b[39m     \u001b[90m// 创建测试用户\u001b[39m\u001b[22m\n\u001b[2m    \u001b[31m\u001b[1m>\u001b[22m\u001b[2m\u001b[39m\u001b[90m 27 |\u001b[39m     testUser \u001b[33m=\u001b[39m \u001b[36mawait\u001b[39m models\u001b[33m.\u001b[39m\u001b[33mUser\u001b[39m\u001b[33m.\u001b[39mcreate({\u001b[22m\n\u001b[2m     \u001b[90m    |\u001b[39m                             \u001b[31m\u001b[1m^\u001b[22m\u001b[2m\u001b[39m\u001b[22m\n\u001b[2m     \u001b[90m 28 |\u001b[39m       username\u001b[33m:\u001b[39m \u001b[32m'testuser'\u001b[39m\u001b[33m,\u001b[39m\u001b[22m\n\u001b[2m     \u001b[90m 29 |\u001b[39m       email\u001b[33m:\u001b[39m \u001b[32m'test@example.com'\u001b[39m\u001b[33m,\u001b[39m\u001b[22m\n\u001b[2m     \u001b[90m 30 |\u001b[39m       password\u001b[33m:\u001b[39m \u001b[32m'password123'\u001b[39m\u001b[33m,\u001b[39m\u001b[0m\u001b[22m\n\u001b[2m\u001b[22m\n\u001b[2m      \u001b[2mat Object.User (\u001b[22m\u001b[2m\u001b[0m\u001b[36mtests/unit/payment-optimization-controller-real-db.test.js\u001b[39m\u001b[0m\u001b[2m:27:29)\u001b[22m\u001b[2m\u001b[22m\n\n\u001b[1m\u001b[31m  \u001b[1m● \u001b[22m\u001b[1m支付流程优化控制器测试 - 真实数据库 › createOfflinePayment › 应该在账单不存在时返回错误\u001b[39m\u001b[22m\n\n    TypeError: Cannot read properties of undefined (reading 'User')\n\u001b[2m\u001b[22m\n\u001b[2m    \u001b[0m \u001b[90m 25 |\u001b[39m\u001b[22m\n\u001b[2m     \u001b[90m 26 |\u001b[39m     \u001b[90m// 创建测试用户\u001b[39m\u001b[22m\n\u001b[2m    \u001b[31m\u001b[1m>\u001b[22m\u001b[2m\u001b[39m\u001b[90m 27 |\u001b[39m     testUser \u001b[33m=\u001b[39m \u001b[36mawait\u001b[39m models\u001b[33m.\u001b[39m\u001b[33mUser\u001b[39m\u001b[33m.\u001b[39mcreate({\u001b[22m\n\u001b[2m     \u001b[90m    |\u001b[39m                             \u001b[31m\u001b[1m^\u001b[22m\u001b[2m\u001b[39m\u001b[22m\n\u001b[2m     \u001b[90m 28 |\u001b[39m       username\u001b[33m:\u001b[39m \u001b[32m'testuser'\u001b[39m\u001b[33m,\u001b[39m\u001b[22m\n\u001b[2m     \u001b[90m 29 |\u001b[39m       email\u001b[33m:\u001b[39m \u001b[32m'test@example.com'\u001b[39m\u001b[33m,\u001b[39m\u001b[22m\n\u001b[2m     \u001b[90m 30 |\u001b[39m       password\u001b[33m:\u001b[39m \u001b[32m'password123'\u001b[39m\u001b[33m,\u001b[39m\u001b[0m\u001b[22m\n\u001b[2m\u001b[22m\n\u001b[2m      \u001b[2mat Object.User (\u001b[22m\u001b[2m\u001b[0m\u001b[36mtests/unit/payment-optimization-controller-real-db.test.js\u001b[39m\u001b[0m\u001b[2m:27:29)\u001b[22m\u001b[2m\u001b[22m\n\n\u001b[1m\u001b[31m  \u001b[1m● \u001b[22m\u001b[1m支付流程优化控制器测试 - 真实数据库 › syncOfflinePayment › 应该成功同步离线支付\u001b[39m\u001b[22m\n\n    TypeError: Cannot read properties of undefined (reading 'User')\n\u001b[2m\u001b[22m\n\u001b[2m    \u001b[0m \u001b[90m 25 |\u001b[39m\u001b[22m\n\u001b[2m     \u001b[90m 26 |\u001b[39m     \u001b[90m// 创建测试用户\u001b[39m\u001b[22m\n\u001b[2m    \u001b[31m\u001b[1m>\u001b[22m\u001b[2m\u001b[39m\u001b[90m 27 |\u001b[39m     testUser \u001b[33m=\u001b[39m \u001b[36mawait\u001b[39m models\u001b[33m.\u001b[39m\u001b[33mUser\u001b[39m\u001b[33m.\u001b[39mcreate({\u001b[22m\n\u001b[2m     \u001b[90m    |\u001b[39m                             \u001b[31m\u001b[1m^\u001b[22m\u001b[2m\u001b[39m\u001b[22m\n\u001b[2m     \u001b[90m 28 |\u001b[39m       username\u001b[33m:\u001b[39m \u001b[32m'testuser'\u001b[39m\u001b[33m,\u001b[39m\u001b[22m\n\u001b[2m     \u001b[90m 29 |\u001b[39m       email\u001b[33m:\u001b[39m \u001b[32m'test@example.com'\u001b[39m\u001b[33m,\u001b[39m\u001b[22m\n\u001b[2m     \u001b[90m 30 |\u001b[39m       password\u001b[33m:\u001b[39m \u001b[32m'password123'\u001b[39m\u001b[33m,\u001b[39m\u001b[0m\u001b[22m\n\u001b[2m\u001b[22m\n\u001b[2m      \u001b[2mat Object.User (\u001b[22m\u001b[2m\u001b[0m\u001b[36mtests/unit/payment-optimization-controller-real-db.test.js\u001b[39m\u001b[0m\u001b[2m:27:29)\u001b[22m\u001b[2m\u001b[22m\n\n\u001b[1m\u001b[31m  \u001b[1m● \u001b[22m\u001b[1m支付流程优化控制器测试 - 真实数据库 › syncOfflinePayment › 应该在ID无效时返回错误\u001b[39m\u001b[22m\n\n    TypeError: Cannot read properties of undefined (reading 'User')\n\u001b[2m\u001b[22m\n\u001b[2m    \u001b[0m \u001b[90m 25 |\u001b[39m\u001b[22m\n\u001b[2m     \u001b[90m 26 |\u001b[39m     \u001b[90m// 创建测试用户\u001b[39m\u001b[22m\n\u001b[2m    \u001b[31m\u001b[1m>\u001b[22m\u001b[2m\u001b[39m\u001b[90m 27 |\u001b[39m     testUser \u001b[33m=\u001b[39m \u001b[36mawait\u001b[39m models\u001b[33m.\u001b[39m\u001b[33mUser\u001b[39m\u001b[33m.\u001b[39mcreate({\u001b[22m\n\u001b[2m     \u001b[90m    |\u001b[39m                             \u001b[31m\u001b[1m^\u001b[22m\u001b[2m\u001b[39m\u001b[22m\n\u001b[2m     \u001b[90m 28 |\u001b[39m       username\u001b[33m:\u001b[39m \u001b[32m'testuser'\u001b[39m\u001b[33m,\u001b[39m\u001b[22m\n\u001b[2m     \u001b[90m 29 |\u001b[39m       email\u001b[33m:\u001b[39m \u001b[32m'test@example.com'\u001b[39m\u001b[33m,\u001b[39m\u001b[22m\n\u001b[2m     \u001b[90m 30 |\u001b[39m       password\u001b[33m:\u001b[39m \u001b[32m'password123'\u001b[39m\u001b[33m,\u001b[39m\u001b[0m\u001b[22m\n\u001b[2m\u001b[22m\n\u001b[2m      \u001b[2mat Object.User (\u001b[22m\u001b[2m\u001b[0m\u001b[36mtests/unit/payment-optimization-controller-real-db.test.js\u001b[39m\u001b[0m\u001b[2m:27:29)\u001b[22m\u001b[2m\u001b[22m\n\n\u001b[1m\u001b[31m  \u001b[1m● \u001b[22m\u001b[1m支付流程优化控制器测试 - 真实数据库 › syncOfflinePayment › 应该在支付记录不存在时返回错误\u001b[39m\u001b[22m\n\n    TypeError: Cannot read properties of undefined (reading 'User')\n\u001b[2m\u001b[22m\n\u001b[2m    \u001b[0m \u001b[90m 25 |\u001b[39m\u001b[22m\n\u001b[2m     \u001b[90m 26 |\u001b[39m     \u001b[90m// 创建测试用户\u001b[39m\u001b[22m\n\u001b[2m    \u001b[31m\u001b[1m>\u001b[22m\u001b[2m\u001b[39m\u001b[90m 27 |\u001b[39m     testUser \u001b[33m=\u001b[39m \u001b[36mawait\u001b[39m models\u001b[33m.\u001b[39m\u001b[33mUser\u001b[39m\u001b[33m.\u001b[39mcreate({\u001b[22m\n\u001b[2m     \u001b[90m    |\u001b[39m                             \u001b[31m\u001b[1m^\u001b[22m\u001b[2m\u001b[39m\u001b[22m\n\u001b[2m     \u001b[90m 28 |\u001b[39m       username\u001b[33m:\u001b[39m \u001b[32m'testuser'\u001b[39m\u001b[33m,\u001b[39m\u001b[22m\n\u001b[2m     \u001b[90m 29 |\u001b[39m       email\u001b[33m:\u001b[39m \u001b[32m'test@example.com'\u001b[39m\u001b[33m,\u001b[39m\u001b[22m\n\u001b[2m     \u001b[90m 30 |\u001b[39m       password\u001b[33m:\u001b[39m \u001b[32m'password123'\u001b[39m\u001b[33m,\u001b[39m\u001b[0m\u001b[22m\n\u001b[2m\u001b[22m\n\u001b[2m      \u001b[2mat Object.User (\u001b[22m\u001b[2m\u001b[0m\u001b[36mtests/unit/payment-optimization-controller-real-db.test.js\u001b[39m\u001b[0m\u001b[2m:27:29)\u001b[22m\u001b[2m\u001b[22m\n\n\u001b[1m\u001b[31m  \u001b[1m● \u001b[22m\u001b[1m支付流程优化控制器测试 - 真实数据库 › getUserOfflinePayments › 应该成功获取用户离线支付记录\u001b[39m\u001b[22m\n\n    TypeError: Cannot read properties of undefined (reading 'User')\n\u001b[2m\u001b[22m\n\u001b[2m    \u001b[0m \u001b[90m 25 |\u001b[39m\u001b[22m\n\u001b[2m     \u001b[90m 26 |\u001b[39m     \u001b[90m// 创建测试用户\u001b[39m\u001b[22m\n\u001b[2m    \u001b[31m\u001b[1m>\u001b[22m\u001b[2m\u001b[39m\u001b[90m 27 |\u001b[39m     testUser \u001b[33m=\u001b[39m \u001b[36mawait\u001b[39m models\u001b[33m.\u001b[39m\u001b[33mUser\u001b[39m\u001b[33m.\u001b[39mcreate({\u001b[22m\n\u001b[2m     \u001b[90m    |\u001b[39m                             \u001b[31m\u001b[1m^\u001b[22m\u001b[2m\u001b[39m\u001b[22m\n\u001b[2m     \u001b[90m 28 |\u001b[39m       username\u001b[33m:\u001b[39m \u001b[32m'testuser'\u001b[39m\u001b[33m,\u001b[39m\u001b[22m\n\u001b[2m     \u001b[90m 29 |\u001b[39m       email\u001b[33m:\u001b[39m \u001b[32m'test@example.com'\u001b[39m\u001b[33m,\u001b[39m\u001b[22m\n\u001b[2m     \u001b[90m 30 |\u001b[39m       password\u001b[33m:\u001b[39m \u001b[32m'password123'\u001b[39m\u001b[33m,\u001b[39m\u001b[0m\u001b[22m\n\u001b[2m\u001b[22m\n\u001b[2m      \u001b[2mat Object.User (\u001b[22m\u001b[2m\u001b[0m\u001b[36mtests/unit/payment-optimization-controller-real-db.test.js\u001b[39m\u001b[0m\u001b[2m:27:29)\u001b[22m\u001b[2m\u001b[22m\n\n\u001b[1m\u001b[31m  \u001b[1m● \u001b[22m\u001b[1m支付流程优化控制器测试 - 真实数据库 › getUserOfflinePayments › 应该正确处理分页\u001b[39m\u001b[22m\n\n    TypeError: Cannot read properties of undefined (reading 'User')\n\u001b[2m\u001b[22m\n\u001b[2m    \u001b[0m \u001b[90m 25 |\u001b[39m\u001b[22m\n\u001b[2m     \u001b[90m 26 |\u001b[39m     \u001b[90m// 创建测试用户\u001b[39m\u001b[22m\n\u001b[2m    \u001b[31m\u001b[1m>\u001b[22m\u001b[2m\u001b[39m\u001b[90m 27 |\u001b[39m     testUser \u001b[33m=\u001b[39m \u001b[36mawait\u001b[39m models\u001b[33m.\u001b[39m\u001b[33mUser\u001b[39m\u001b[33m.\u001b[39mcreate({\u001b[22m\n\u001b[2m     \u001b[90m    |\u001b[39m                             \u001b[31m\u001b[1m^\u001b[22m\u001b[2m\u001b[39m\u001b[22m\n\u001b[2m     \u001b[90m 28 |\u001b[39m       username\u001b[33m:\u001b[39m \u001b[32m'testuser'\u001b[39m\u001b[33m,\u001b[39m\u001b[22m\n\u001b[2m     \u001b[90m 29 |\u001b[39m       email\u001b[33m:\u001b[39m \u001b[32m'test@example.com'\u001b[39m\u001b[33m,\u001b[39m\u001b[22m\n\u001b[2m     \u001b[90m 30 |\u001b[39m       password\u001b[33m:\u001b[39m \u001b[32m'password123'\u001b[39m\u001b[33m,\u001b[39m\u001b[0m\u001b[22m\n\u001b[2m\u001b[22m\n\u001b[2m      \u001b[2mat Object.User (\u001b[22m\u001b[2m\u001b[0m\u001b[36mtests/unit/payment-optimization-controller-real-db.test.js\u001b[39m\u001b[0m\u001b[2m:27:29)\u001b[22m\u001b[2m\u001b[22m\n\n\u001b[1m\u001b[31m  \u001b[1m● \u001b[22m\u001b[1m支付流程优化控制器测试 - 真实数据库 › getUserOfflinePayments › 应该根据状态筛选支付记录\u001b[39m\u001b[22m\n\n    TypeError: Cannot read properties of undefined (reading 'User')\n\u001b[2m\u001b[22m\n\u001b[2m    \u001b[0m \u001b[90m 25 |\u001b[39m\u001b[22m\n\u001b[2m     \u001b[90m 26 |\u001b[39m     \u001b[90m// 创建测试用户\u001b[39m\u001b[22m\n\u001b[2m    \u001b[31m\u001b[1m>\u001b[22m\u001b[2m\u001b[39m\u001b[90m 27 |\u001b[39m     testUser \u001b[33m=\u001b[39m \u001b[36mawait\u001b[39m models\u001b[33m.\u001b[39m\u001b[33mUser\u001b[39m\u001b[33m.\u001b[39mcreate({\u001b[22m\n\u001b[2m     \u001b[90m    |\u001b[39m                             \u001b[31m\u001b[1m^\u001b[22m\u001b[2m\u001b[39m\u001b[22m\n\u001b[2m     \u001b[90m 28 |\u001b[39m       username\u001b[33m:\u001b[39m \u001b[32m'testuser'\u001b[39m\u001b[33m,\u001b[39m\u001b[22m\n\u001b[2m     \u001b[90m 29 |\u001b[39m       email\u001b[33m:\u001b[39m \u001b[32m'test@example.com'\u001b[39m\u001b[33m,\u001b[39m\u001b[22m\n\u001b[2m     \u001b[90m 30 |\u001b[39m       password\u001b[33m:\u001b[39m \u001b[32m'password123'\u001b[39m\u001b[33m,\u001b[39m\u001b[0m\u001b[22m\n\u001b[2m\u001b[22m\n\u001b[2m      \u001b[2mat Object.User (\u001b[22m\u001b[2m\u001b[0m\u001b[36mtests/unit/payment-optimization-controller-real-db.test.js\u001b[39m\u001b[0m\u001b[2m:27:29)\u001b[22m\u001b[2m\u001b[22m\n\n\n  \u001b[1m● \u001b[22mTest suite failed to run\n\n    Called end on pool more than once\n\n    \u001b[0m \u001b[90m 81 |\u001b[39m \u001b[36masync\u001b[39m \u001b[36mfunction\u001b[39m closeTestDatabase() {\n     \u001b[90m 82 |\u001b[39m   \u001b[36mtry\u001b[39m {\n    \u001b[31m\u001b[1m>\u001b[22m\u001b[39m\u001b[90m 83 |\u001b[39m     \u001b[36mawait\u001b[39m pool\u001b[33m.\u001b[39mend()\u001b[33m;\u001b[39m\n     \u001b[90m    |\u001b[39m                \u001b[31m\u001b[1m^\u001b[22m\u001b[39m\n     \u001b[90m 84 |\u001b[39m     console\u001b[33m.\u001b[39mlog(\u001b[32m'测试数据库连接池已关闭'\u001b[39m)\u001b[33m;\u001b[39m\n     \u001b[90m 85 |\u001b[39m   } \u001b[36mcatch\u001b[39m (e) {\n     \u001b[90m 86 |\u001b[39m     console\u001b[33m.\u001b[39merror(\u001b[32m'关闭测试数据库连接池失败:'\u001b[39m\u001b[33m,\u001b[39m e\u001b[33m.\u001b[39mmessage)\u001b[33m;\u001b[39m\u001b[0m\n\n      \u001b[2mat BoundPool.end (\u001b[22mnode_modules/pg-pool/index.js\u001b[2m:453:19)\u001b[22m\n      \u001b[2mat end (\u001b[22mtests/setup/test-database.js\u001b[2m:83:16)\u001b[22m\n      \u001b[2mat Object.closeTestDatabase (\u001b[22mtests/setup/jest.setup.js\u001b[2m:58:9)\u001b[22m\n","name":"C:\\Users\\MH\\Desktop\\记账系统\\Server-side\\tests\\unit\\payment-optimization-controller-real-db.test.js","startTime":1762159288876,"status":"failed","summary":""},{"assertionResults":[{"ancestorTitles":["简单API集成测试","变量初始化测试"],"duration":3,"failureDetails":[{"matcherResult":{"message":"\u001b[2mexpect(\u001b[22m\u001b[31mreceived\u001b[39m\u001b[2m).\u001b[22mtoBeDefined\u001b[2m()\u001b[22m\n\nReceived: \u001b[31mundefined\u001b[39m","pass":false}}],"failureMessages":["Error: \u001b[2mexpect(\u001b[22m\u001b[31mreceived\u001b[39m\u001b[2m).\u001b[22mtoBeDefined\u001b[2m()\u001b[22m\n\nReceived: \u001b[31mundefined\u001b[39m\n    at Object.toBeDefined (C:\\Users\\MH\\Desktop\\记账系统\\Server-side\\tests\\integration\\simple.test.js:140:24)\n    at Promise.then.completed (C:\\Users\\MH\\Desktop\\记账系统\\Server-side\\node_modules\\jest-circus\\build\\utils.js:298:28)\n    at new Promise (<anonymous>)\n    at callAsyncCircusFn (C:\\Users\\MH\\Desktop\\记账系统\\Server-side\\node_modules\\jest-circus\\build\\utils.js:231:10)\n    at _callCircusTest (C:\\Users\\MH\\Desktop\\记账系统\\Server-side\\node_modules\\jest-circus\\build\\run.js:316:40)\n    at processTicksAndRejections (node:internal/process/task_queues:95:5)\n    at _runTest (C:\\Users\\MH\\Desktop\\记账系统\\Server-side\\node_modules\\jest-circus\\build\\run.js:252:3)\n    at _runTestsForDescribeBlock (C:\\Users\\MH\\Desktop\\记账系统\\Server-side\\node_modules\\jest-circus\\build\\run.js:126:9)\n    at _runTestsForDescribeBlock (C:\\Users\\MH\\Desktop\\记账系统\\Server-side\\node_modules\\jest-circus\\build\\run.js:121:9)\n    at _runTestsForDescribeBlock (C:\\Users\\MH\\Desktop\\记账系统\\Server-side\\node_modules\\jest-circus\\build\\run.js:121:9)\n    at run (C:\\Users\\MH\\Desktop\\记账系统\\Server-side\\node_modules\\jest-circus\\build\\run.js:71:3)\n    at runAndTransformResultsToJestFormat (C:\\Users\\MH\\Desktop\\记账系统\\Server-side\\node_modules\\jest-circus\\build\\legacy-code-todo-rewrite\\jestAdapterInit.js:122:21)\n    at jestAdapter (C:\\Users\\MH\\Desktop\\记账系统\\Server-side\\node_modules\\jest-circus\\build\\legacy-code-todo-rewrite\\jestAdapter.js:79:19)\n    at runTestInternal (C:\\Users\\MH\\Desktop\\记账系统\\Server-side\\node_modules\\jest-runner\\build\\runTest.js:367:16)\n    at runTest (C:\\Users\\MH\\Desktop\\记账系统\\Server-side\\node_modules\\jest-runner\\build\\runTest.js:444:34)"],"fullName":"简单API集成测试 变量初始化测试 应该正确初始化所有测试变量","invocations":1,"location":null,"numPassingAsserts":2,"retryReasons":[],"status":"failed","title":"应该正确初始化所有测试变量"},{"ancestorTitles":["简单API集成测试","GET /api/rooms/:id"],"duration":0,"failureDetails":[],"failureMessages":[],"fullName":"简单API集成测试 GET /api/rooms/:id 应该成功获取寝室详情","invocations":1,"location":null,"numPassingAsserts":0,"retryReasons":[],"status":"passed","title":"应该成功获取寝室详情"}],"endTime":1762159263670,"message":"\u001b[1m\u001b[31m  \u001b[1m● \u001b[22m\u001b[1m简单API集成测试 › 变量初始化测试 › 应该正确初始化所有测试变量\u001b[39m\u001b[22m\n\n    \u001b[2mexpect(\u001b[22m\u001b[31mreceived\u001b[39m\u001b[2m).\u001b[22mtoBeDefined\u001b[2m()\u001b[22m\n\n    Received: \u001b[31mundefined\u001b[39m\n\u001b[2m\u001b[22m\n\u001b[2m    \u001b[0m \u001b[90m 138 |\u001b[39m       expect(testUser)\u001b[33m.\u001b[39mtoBeDefined()\u001b[33m;\u001b[39m\u001b[22m\n\u001b[2m     \u001b[90m 139 |\u001b[39m       expect(testUser\u001b[33m.\u001b[39mid)\u001b[33m.\u001b[39mtoBeDefined()\u001b[33m;\u001b[39m\u001b[22m\n\u001b[2m    \u001b[31m\u001b[1m>\u001b[22m\u001b[2m\u001b[39m\u001b[90m 140 |\u001b[39m       expect(testRoom)\u001b[33m.\u001b[39mtoBeDefined()\u001b[33m;\u001b[39m\u001b[22m\n\u001b[2m     \u001b[90m     |\u001b[39m                        \u001b[31m\u001b[1m^\u001b[22m\u001b[2m\u001b[39m\u001b[22m\n\u001b[2m     \u001b[90m 141 |\u001b[39m       expect(testRoom\u001b[33m.\u001b[39mid)\u001b[33m.\u001b[39mtoBeDefined()\u001b[33m;\u001b[39m\u001b[22m\n\u001b[2m     \u001b[90m 142 |\u001b[39m       expect(testRoomCode)\u001b[33m.\u001b[39mtoBeDefined()\u001b[33m;\u001b[39m\u001b[22m\n\u001b[2m     \u001b[90m 143 |\u001b[39m       expect(authToken)\u001b[33m.\u001b[39mtoBeDefined()\u001b[33m;\u001b[39m\u001b[0m\u001b[22m\n\u001b[2m\u001b[22m\n\u001b[2m      \u001b[2mat Object.toBeDefined (\u001b[22m\u001b[2m\u001b[0m\u001b[36mtests/integration/simple.test.js\u001b[39m\u001b[0m\u001b[2m:140:24)\u001b[22m\u001b[2m\u001b[22m\n","name":"C:\\Users\\MH\\Desktop\\记账系统\\Server-side\\tests\\integration\\simple.test.js","startTime":1762159262518,"status":"failed","summary":""},{"assertionResults":[{"ancestorTitles":["寝室API集成测试 - 简化版","变量初始化测试"],"duration":0,"failureDetails":[{}],"failureMessages":["Error: 寝室创建失败: 服务器内部错误\n    at createTestRoom (C:\\Users\\MH\\Desktop\\记账系统\\Server-side\\tests\\integration\\simple-rooms.test.js:91:11)\n    at processTicksAndRejections (node:internal/process/task_queues:95:5)\n    at Object.<anonymous> (C:\\Users\\MH\\Desktop\\记账系统\\Server-side\\tests\\integration\\simple-rooms.test.js:120:18)"],"fullName":"寝室API集成测试 - 简化版 变量初始化测试 应该正确初始化所有测试变量","invocations":1,"location":null,"numPassingAsserts":0,"retryReasons":[],"status":"failed","title":"应该正确初始化所有测试变量"},{"ancestorTitles":["寝室API集成测试 - 简化版","GET /api/rooms"],"duration":1,"failureDetails":[{}],"failureMessages":["Error: 寝室创建失败: 服务器内部错误\n    at createTestRoom (C:\\Users\\MH\\Desktop\\记账系统\\Server-side\\tests\\integration\\simple-rooms.test.js:91:11)\n    at processTicksAndRejections (node:internal/process/task_queues:95:5)\n    at Object.<anonymous> (C:\\Users\\MH\\Desktop\\记账系统\\Server-side\\tests\\integration\\simple-rooms.test.js:120:18)"],"fullName":"寝室API集成测试 - 简化版 GET /api/rooms 应该成功获取用户寝室列表","invocations":1,"location":null,"numPassingAsserts":0,"retryReasons":[],"status":"failed","title":"应该成功获取用户寝室列表"},{"ancestorTitles":["寝室API集成测试 - 简化版","GET /api/rooms/:id"],"duration":0,"failureDetails":[{}],"failureMessages":["Error: 寝室创建失败: 服务器内部错误\n    at createTestRoom (C:\\Users\\MH\\Desktop\\记账系统\\Server-side\\tests\\integration\\simple-rooms.test.js:91:11)\n    at processTicksAndRejections (node:internal/process/task_queues:95:5)\n    at Object.<anonymous> (C:\\Users\\MH\\Desktop\\记账系统\\Server-side\\tests\\integration\\simple-rooms.test.js:120:18)"],"fullName":"寝室API集成测试 - 简化版 GET /api/rooms/:id 应该成功获取寝室详情","invocations":1,"location":null,"numPassingAsserts":0,"retryReasons":[],"status":"failed","title":"应该成功获取寝室详情"}],"endTime":1762159264677,"message":"\u001b[1m\u001b[31m  \u001b[1m● \u001b[22m\u001b[1m寝室API集成测试 - 简化版 › 变量初始化测试 › 应该正确初始化所有测试变量\u001b[39m\u001b[22m\n\n    寝室创建失败: 服务器内部错误\n\u001b[2m\u001b[22m\n\u001b[2m    \u001b[0m \u001b[90m 89 |\u001b[39m   \u001b[36mif\u001b[39m (response\u001b[33m.\u001b[39mstatus \u001b[33m!==\u001b[39m \u001b[35m201\u001b[39m) {\u001b[22m\n\u001b[2m     \u001b[90m 90 |\u001b[39m     console\u001b[33m.\u001b[39merror(\u001b[32m'寝室创建失败:'\u001b[39m\u001b[33m,\u001b[39m response\u001b[33m.\u001b[39mbody)\u001b[33m;\u001b[39m\u001b[22m\n\u001b[2m    \u001b[31m\u001b[1m>\u001b[22m\u001b[2m\u001b[39m\u001b[90m 91 |\u001b[39m     \u001b[36mthrow\u001b[39m \u001b[36mnew\u001b[39m \u001b[33mError\u001b[39m(\u001b[32m`寝室创建失败: ${response.body.message}`\u001b[39m)\u001b[33m;\u001b[39m\u001b[22m\n\u001b[2m     \u001b[90m    |\u001b[39m           \u001b[31m\u001b[1m^\u001b[22m\u001b[2m\u001b[39m\u001b[22m\n\u001b[2m     \u001b[90m 92 |\u001b[39m   }\u001b[22m\n\u001b[2m     \u001b[90m 93 |\u001b[39m   \u001b[22m\n\u001b[2m     \u001b[90m 94 |\u001b[39m   console\u001b[33m.\u001b[39mlog(\u001b[32m'寝室创建成功:'\u001b[39m\u001b[33m,\u001b[39m response\u001b[33m.\u001b[39mbody\u001b[33m.\u001b[39mdata)\u001b[33m;\u001b[39m\u001b[0m\u001b[22m\n\u001b[2m\u001b[22m\n\u001b[2m      \u001b[2mat createTestRoom (\u001b[22m\u001b[2m\u001b[0m\u001b[36mtests/integration/simple-rooms.test.js\u001b[39m\u001b[0m\u001b[2m:91:11)\u001b[22m\u001b[2m\u001b[22m\n\u001b[2m      \u001b[2mat Object.<anonymous> (\u001b[22m\u001b[2m\u001b[0m\u001b[36mtests/integration/simple-rooms.test.js\u001b[39m\u001b[0m\u001b[2m:120:18)\u001b[22m\u001b[2m\u001b[22m\n\n\u001b[1m\u001b[31m  \u001b[1m● \u001b[22m\u001b[1m寝室API集成测试 - 简化版 › GET /api/rooms › 应该成功获取用户寝室列表\u001b[39m\u001b[22m\n\n    寝室创建失败: 服务器内部错误\n\u001b[2m\u001b[22m\n\u001b[2m    \u001b[0m \u001b[90m 89 |\u001b[39m   \u001b[36mif\u001b[39m (response\u001b[33m.\u001b[39mstatus \u001b[33m!==\u001b[39m \u001b[35m201\u001b[39m) {\u001b[22m\n\u001b[2m     \u001b[90m 90 |\u001b[39m     console\u001b[33m.\u001b[39merror(\u001b[32m'寝室创建失败:'\u001b[39m\u001b[33m,\u001b[39m response\u001b[33m.\u001b[39mbody)\u001b[33m;\u001b[39m\u001b[22m\n\u001b[2m    \u001b[31m\u001b[1m>\u001b[22m\u001b[2m\u001b[39m\u001b[90m 91 |\u001b[39m     \u001b[36mthrow\u001b[39m \u001b[36mnew\u001b[39m \u001b[33mError\u001b[39m(\u001b[32m`寝室创建失败: ${response.body.message}`\u001b[39m)\u001b[33m;\u001b[39m\u001b[22m\n\u001b[2m     \u001b[90m    |\u001b[39m           \u001b[31m\u001b[1m^\u001b[22m\u001b[2m\u001b[39m\u001b[22m\n\u001b[2m     \u001b[90m 92 |\u001b[39m   }\u001b[22m\n\u001b[2m     \u001b[90m 93 |\u001b[39m   \u001b[22m\n\u001b[2m     \u001b[90m 94 |\u001b[39m   console\u001b[33m.\u001b[39mlog(\u001b[32m'寝室创建成功:'\u001b[39m\u001b[33m,\u001b[39m response\u001b[33m.\u001b[39mbody\u001b[33m.\u001b[39mdata)\u001b[33m;\u001b[39m\u001b[0m\u001b[22m\n\u001b[2m\u001b[22m\n\u001b[2m      \u001b[2mat createTestRoom (\u001b[22m\u001b[2m\u001b[0m\u001b[36mtests/integration/simple-rooms.test.js\u001b[39m\u001b[0m\u001b[2m:91:11)\u001b[22m\u001b[2m\u001b[22m\n\u001b[2m      \u001b[2mat Object.<anonymous> (\u001b[22m\u001b[2m\u001b[0m\u001b[36mtests/integration/simple-rooms.test.js\u001b[39m\u001b[0m\u001b[2m:120:18)\u001b[22m\u001b[2m\u001b[22m\n\n\u001b[1m\u001b[31m  \u001b[1m● \u001b[22m\u001b[1m寝室API集成测试 - 简化版 › GET /api/rooms/:id › 应该成功获取寝室详情\u001b[39m\u001b[22m\n\n    寝室创建失败: 服务器内部错误\n\u001b[2m\u001b[22m\n\u001b[2m    \u001b[0m \u001b[90m 89 |\u001b[39m   \u001b[36mif\u001b[39m (response\u001b[33m.\u001b[39mstatus \u001b[33m!==\u001b[39m \u001b[35m201\u001b[39m) {\u001b[22m\n\u001b[2m     \u001b[90m 90 |\u001b[39m     console\u001b[33m.\u001b[39merror(\u001b[32m'寝室创建失败:'\u001b[39m\u001b[33m,\u001b[39m response\u001b[33m.\u001b[39mbody)\u001b[33m;\u001b[39m\u001b[22m\n\u001b[2m    \u001b[31m\u001b[1m>\u001b[22m\u001b[2m\u001b[39m\u001b[90m 91 |\u001b[39m     \u001b[36mthrow\u001b[39m \u001b[36mnew\u001b[39m \u001b[33mError\u001b[39m(\u001b[32m`寝室创建失败: ${response.body.message}`\u001b[39m)\u001b[33m;\u001b[39m\u001b[22m\n\u001b[2m     \u001b[90m    |\u001b[39m           \u001b[31m\u001b[1m^\u001b[22m\u001b[2m\u001b[39m\u001b[22m\n\u001b[2m     \u001b[90m 92 |\u001b[39m   }\u001b[22m\n\u001b[2m     \u001b[90m 93 |\u001b[39m   \u001b[22m\n\u001b[2m     \u001b[90m 94 |\u001b[39m   console\u001b[33m.\u001b[39mlog(\u001b[32m'寝室创建成功:'\u001b[39m\u001b[33m,\u001b[39m response\u001b[33m.\u001b[39mbody\u001b[33m.\u001b[39mdata)\u001b[33m;\u001b[39m\u001b[0m\u001b[22m\n\u001b[2m\u001b[22m\n\u001b[2m      \u001b[2mat createTestRoom (\u001b[22m\u001b[2m\u001b[0m\u001b[36mtests/integration/simple-rooms.test.js\u001b[39m\u001b[0m\u001b[2m:91:11)\u001b[22m\u001b[2m\u001b[22m\n\u001b[2m      \u001b[2mat Object.<anonymous> (\u001b[22m\u001b[2m\u001b[0m\u001b[36mtests/integration/simple-rooms.test.js\u001b[39m\u001b[0m\u001b[2m:120:18)\u001b[22m\u001b[2m\u001b[22m\n","name":"C:\\Users\\MH\\Desktop\\记账系统\\Server-side\\tests\\integration\\simple-rooms.test.js","startTime":1762159263683,"status":"failed","summary":""},{"assertionResults":[{"ancestorTitles":["支付流程优化集成测试","离线支付流程"],"duration":188,"failureDetails":[{}],"failureMessages":["TypeError: Cannot read properties of undefined (reading 'authenticate')\n    at Object.authenticate (C:\\Users\\MH\\Desktop\\记账系统\\Server-side\\tests\\integration\\payment-optimization.test.js:15:21)\n    at Promise.then.completed (C:\\Users\\MH\\Desktop\\记账系统\\Server-side\\node_modules\\jest-circus\\build\\utils.js:298:28)\n    at new Promise (<anonymous>)\n    at callAsyncCircusFn (C:\\Users\\MH\\Desktop\\记账系统\\Server-side\\node_modules\\jest-circus\\build\\utils.js:231:10)\n    at _callCircusHook (C:\\Users\\MH\\Desktop\\记账系统\\Server-side\\node_modules\\jest-circus\\build\\run.js:281:40)\n    at processTicksAndRejections (node:internal/process/task_queues:95:5)\n    at _runTestsForDescribeBlock (C:\\Users\\MH\\Desktop\\记账系统\\Server-side\\node_modules\\jest-circus\\build\\run.js:95:7)\n    at _runTestsForDescribeBlock (C:\\Users\\MH\\Desktop\\记账系统\\Server-side\\node_modules\\jest-circus\\build\\run.js:121:9)\n    at run (C:\\Users\\MH\\Desktop\\记账系统\\Server-side\\node_modules\\jest-circus\\build\\run.js:71:3)\n    at runAndTransformResultsToJestFormat (C:\\Users\\MH\\Desktop\\记账系统\\Server-side\\node_modules\\jest-circus\\build\\legacy-code-todo-rewrite\\jestAdapterInit.js:122:21)\n    at jestAdapter (C:\\Users\\MH\\Desktop\\记账系统\\Server-side\\node_modules\\jest-circus\\build\\legacy-code-todo-rewrite\\jestAdapter.js:79:19)\n    at runTestInternal (C:\\Users\\MH\\Desktop\\记账系统\\Server-side\\node_modules\\jest-runner\\build\\runTest.js:367:16)\n    at runTest (C:\\Users\\MH\\Desktop\\记账系统\\Server-side\\node_modules\\jest-runner\\build\\runTest.js:444:34)"],"fullName":"支付流程优化集成测试 离线支付流程 应该完成完整的离线支付流程","invocations":1,"location":null,"numPassingAsserts":0,"retryReasons":[],"status":"failed","title":"应该完成完整的离线支付流程"},{"ancestorTitles":["支付流程优化集成测试","支付提醒流程"],"duration":3,"failureDetails":[{}],"failureMessages":["TypeError: Cannot read properties of undefined (reading 'authenticate')\n    at Object.authenticate (C:\\Users\\MH\\Desktop\\记账系统\\Server-side\\tests\\integration\\payment-optimization.test.js:15:21)\n    at Promise.then.completed (C:\\Users\\MH\\Desktop\\记账系统\\Server-side\\node_modules\\jest-circus\\build\\utils.js:298:28)\n    at new Promise (<anonymous>)\n    at callAsyncCircusFn (C:\\Users\\MH\\Desktop\\记账系统\\Server-side\\node_modules\\jest-circus\\build\\utils.js:231:10)\n    at _callCircusHook (C:\\Users\\MH\\Desktop\\记账系统\\Server-side\\node_modules\\jest-circus\\build\\run.js:281:40)\n    at processTicksAndRejections (node:internal/process/task_queues:95:5)\n    at _runTestsForDescribeBlock (C:\\Users\\MH\\Desktop\\记账系统\\Server-side\\node_modules\\jest-circus\\build\\run.js:95:7)\n    at _runTestsForDescribeBlock (C:\\Users\\MH\\Desktop\\记账系统\\Server-side\\node_modules\\jest-circus\\build\\run.js:121:9)\n    at run (C:\\Users\\MH\\Desktop\\记账系统\\Server-side\\node_modules\\jest-circus\\build\\run.js:71:3)\n    at runAndTransformResultsToJestFormat (C:\\Users\\MH\\Desktop\\记账系统\\Server-side\\node_modules\\jest-circus\\build\\legacy-code-todo-rewrite\\jestAdapterInit.js:122:21)\n    at jestAdapter (C:\\Users\\MH\\Desktop\\记账系统\\Server-side\\node_modules\\jest-circus\\build\\legacy-code-todo-rewrite\\jestAdapter.js:79:19)\n    at runTestInternal (C:\\Users\\MH\\Desktop\\记账系统\\Server-side\\node_modules\\jest-runner\\build\\runTest.js:367:16)\n    at runTest (C:\\Users\\MH\\Desktop\\记账系统\\Server-side\\node_modules\\jest-runner\\build\\runTest.js:444:34)"],"fullName":"支付流程优化集成测试 支付提醒流程 应该完成完整的支付提醒流程","invocations":1,"location":null,"numPassingAsserts":0,"retryReasons":[],"status":"failed","title":"应该完成完整的支付提醒流程"},{"ancestorTitles":["支付流程优化集成测试","支付记录查询流程"],"duration":3,"failureDetails":[{}],"failureMessages":["TypeError: Cannot read properties of undefined (reading 'authenticate')\n    at Object.authenticate (C:\\Users\\MH\\Desktop\\记账系统\\Server-side\\tests\\integration\\payment-optimization.test.js:15:21)\n    at Promise.then.completed (C:\\Users\\MH\\Desktop\\记账系统\\Server-side\\node_modules\\jest-circus\\build\\utils.js:298:28)\n    at new Promise (<anonymous>)\n    at callAsyncCircusFn (C:\\Users\\MH\\Desktop\\记账系统\\Server-side\\node_modules\\jest-circus\\build\\utils.js:231:10)\n    at _callCircusHook (C:\\Users\\MH\\Desktop\\记账系统\\Server-side\\node_modules\\jest-circus\\build\\run.js:281:40)\n    at processTicksAndRejections (node:internal/process/task_queues:95:5)\n    at _runTestsForDescribeBlock (C:\\Users\\MH\\Desktop\\记账系统\\Server-side\\node_modules\\jest-circus\\build\\run.js:95:7)\n    at _runTestsForDescribeBlock (C:\\Users\\MH\\Desktop\\记账系统\\Server-side\\node_modules\\jest-circus\\build\\run.js:121:9)\n    at run (C:\\Users\\MH\\Desktop\\记账系统\\Server-side\\node_modules\\jest-circus\\build\\run.js:71:3)\n    at runAndTransformResultsToJestFormat (C:\\Users\\MH\\Desktop\\记账系统\\Server-side\\node_modules\\jest-circus\\build\\legacy-code-todo-rewrite\\jestAdapterInit.js:122:21)\n    at jestAdapter (C:\\Users\\MH\\Desktop\\记账系统\\Server-side\\node_modules\\jest-circus\\build\\legacy-code-todo-rewrite\\jestAdapter.js:79:19)\n    at runTestInternal (C:\\Users\\MH\\Desktop\\记账系统\\Server-side\\node_modules\\jest-runner\\build\\runTest.js:367:16)\n    at runTest (C:\\Users\\MH\\Desktop\\记账系统\\Server-side\\node_modules\\jest-runner\\build\\runTest.js:444:34)"],"fullName":"支付流程优化集成测试 支付记录查询流程 应该完成支付记录查询流程","invocations":1,"location":null,"numPassingAsserts":0,"retryReasons":[],"status":"failed","title":"应该完成支付记录查询流程"},{"ancestorTitles":["支付流程优化集成测试","定时任务管理"],"duration":2,"failureDetails":[{}],"failureMessages":["TypeError: Cannot read properties of undefined (reading 'authenticate')\n    at Object.authenticate (C:\\Users\\MH\\Desktop\\记账系统\\Server-side\\tests\\integration\\payment-optimization.test.js:15:21)\n    at Promise.then.completed (C:\\Users\\MH\\Desktop\\记账系统\\Server-side\\node_modules\\jest-circus\\build\\utils.js:298:28)\n    at new Promise (<anonymous>)\n    at callAsyncCircusFn (C:\\Users\\MH\\Desktop\\记账系统\\Server-side\\node_modules\\jest-circus\\build\\utils.js:231:10)\n    at _callCircusHook (C:\\Users\\MH\\Desktop\\记账系统\\Server-side\\node_modules\\jest-circus\\build\\run.js:281:40)\n    at processTicksAndRejections (node:internal/process/task_queues:95:5)\n    at _runTestsForDescribeBlock (C:\\Users\\MH\\Desktop\\记账系统\\Server-side\\node_modules\\jest-circus\\build\\run.js:95:7)\n    at _runTestsForDescribeBlock (C:\\Users\\MH\\Desktop\\记账系统\\Server-side\\node_modules\\jest-circus\\build\\run.js:121:9)\n    at run (C:\\Users\\MH\\Desktop\\记账系统\\Server-side\\node_modules\\jest-circus\\build\\run.js:71:3)\n    at runAndTransformResultsToJestFormat (C:\\Users\\MH\\Desktop\\记账系统\\Server-side\\node_modules\\jest-circus\\build\\legacy-code-todo-rewrite\\jestAdapterInit.js:122:21)\n    at jestAdapter (C:\\Users\\MH\\Desktop\\记账系统\\Server-side\\node_modules\\jest-circus\\build\\legacy-code-todo-rewrite\\jestAdapter.js:79:19)\n    at runTestInternal (C:\\Users\\MH\\Desktop\\记账系统\\Server-side\\node_modules\\jest-runner\\build\\runTest.js:367:16)\n    at runTest (C:\\Users\\MH\\Desktop\\记账系统\\Server-side\\node_modules\\jest-runner\\build\\runTest.js:444:34)"],"fullName":"支付流程优化集成测试 定时任务管理 应该完成定时任务管理流程","invocations":1,"location":null,"numPassingAsserts":0,"retryReasons":[],"status":"failed","title":"应该完成定时任务管理流程"},{"ancestorTitles":["支付流程优化集成测试","错误处理"],"duration":2,"failureDetails":[{}],"failureMessages":["TypeError: Cannot read properties of undefined (reading 'authenticate')\n    at Object.authenticate (C:\\Users\\MH\\Desktop\\记账系统\\Server-side\\tests\\integration\\payment-optimization.test.js:15:21)\n    at Promise.then.completed (C:\\Users\\MH\\Desktop\\记账系统\\Server-side\\node_modules\\jest-circus\\build\\utils.js:298:28)\n    at new Promise (<anonymous>)\n    at callAsyncCircusFn (C:\\Users\\MH\\Desktop\\记账系统\\Server-side\\node_modules\\jest-circus\\build\\utils.js:231:10)\n    at _callCircusHook (C:\\Users\\MH\\Desktop\\记账系统\\Server-side\\node_modules\\jest-circus\\build\\run.js:281:40)\n    at processTicksAndRejections (node:internal/process/task_queues:95:5)\n    at _runTestsForDescribeBlock (C:\\Users\\MH\\Desktop\\记账系统\\Server-side\\node_modules\\jest-circus\\build\\run.js:95:7)\n    at _runTestsForDescribeBlock (C:\\Users\\MH\\Desktop\\记账系统\\Server-side\\node_modules\\jest-circus\\build\\run.js:121:9)\n    at run (C:\\Users\\MH\\Desktop\\记账系统\\Server-side\\node_modules\\jest-circus\\build\\run.js:71:3)\n    at runAndTransformResultsToJestFormat (C:\\Users\\MH\\Desktop\\记账系统\\Server-side\\node_modules\\jest-circus\\build\\legacy-code-todo-rewrite\\jestAdapterInit.js:122:21)\n    at jestAdapter (C:\\Users\\MH\\Desktop\\记账系统\\Server-side\\node_modules\\jest-circus\\build\\legacy-code-todo-rewrite\\jestAdapter.js:79:19)\n    at runTestInternal (C:\\Users\\MH\\Desktop\\记账系统\\Server-side\\node_modules\\jest-runner\\build\\runTest.js:367:16)\n    at runTest (C:\\Users\\MH\\Desktop\\记账系统\\Server-side\\node_modules\\jest-runner\\build\\runTest.js:444:34)"],"fullName":"支付流程优化集成测试 错误处理 应该处理无效的认证","invocations":1,"location":null,"numPassingAsserts":0,"retryReasons":[],"status":"failed","title":"应该处理无效的认证"},{"ancestorTitles":["支付流程优化集成测试","错误处理"],"duration":2,"failureDetails":[{}],"failureMessages":["TypeError: Cannot read properties of undefined (reading 'authenticate')\n    at Object.authenticate (C:\\Users\\MH\\Desktop\\记账系统\\Server-side\\tests\\integration\\payment-optimization.test.js:15:21)\n    at Promise.then.completed (C:\\Users\\MH\\Desktop\\记账系统\\Server-side\\node_modules\\jest-circus\\build\\utils.js:298:28)\n    at new Promise (<anonymous>)\n    at callAsyncCircusFn (C:\\Users\\MH\\Desktop\\记账系统\\Server-side\\node_modules\\jest-circus\\build\\utils.js:231:10)\n    at _callCircusHook (C:\\Users\\MH\\Desktop\\记账系统\\Server-side\\node_modules\\jest-circus\\build\\run.js:281:40)\n    at processTicksAndRejections (node:internal/process/task_queues:95:5)\n    at _runTestsForDescribeBlock (C:\\Users\\MH\\Desktop\\记账系统\\Server-side\\node_modules\\jest-circus\\build\\run.js:95:7)\n    at _runTestsForDescribeBlock (C:\\Users\\MH\\Desktop\\记账系统\\Server-side\\node_modules\\jest-circus\\build\\run.js:121:9)\n    at run (C:\\Users\\MH\\Desktop\\记账系统\\Server-side\\node_modules\\jest-circus\\build\\run.js:71:3)\n    at runAndTransformResultsToJestFormat (C:\\Users\\MH\\Desktop\\记账系统\\Server-side\\node_modules\\jest-circus\\build\\legacy-code-todo-rewrite\\jestAdapterInit.js:122:21)\n    at jestAdapter (C:\\Users\\MH\\Desktop\\记账系统\\Server-side\\node_modules\\jest-circus\\build\\legacy-code-todo-rewrite\\jestAdapter.js:79:19)\n    at runTestInternal (C:\\Users\\MH\\Desktop\\记账系统\\Server-side\\node_modules\\jest-runner\\build\\runTest.js:367:16)\n    at runTest (C:\\Users\\MH\\Desktop\\记账系统\\Server-side\\node_modules\\jest-runner\\build\\runTest.js:444:34)"],"fullName":"支付流程优化集成测试 错误处理 应该处理无效的支付ID","invocations":1,"location":null,"numPassingAsserts":0,"retryReasons":[],"status":"failed","title":"应该处理无效的支付ID"},{"ancestorTitles":["支付流程优化集成测试","错误处理"],"duration":2,"failureDetails":[{}],"failureMessages":["TypeError: Cannot read properties of undefined (reading 'authenticate')\n    at Object.authenticate (C:\\Users\\MH\\Desktop\\记账系统\\Server-side\\tests\\integration\\payment-optimization.test.js:15:21)\n    at Promise.then.completed (C:\\Users\\MH\\Desktop\\记账系统\\Server-side\\node_modules\\jest-circus\\build\\utils.js:298:28)\n    at new Promise (<anonymous>)\n    at callAsyncCircusFn (C:\\Users\\MH\\Desktop\\记账系统\\Server-side\\node_modules\\jest-circus\\build\\utils.js:231:10)\n    at _callCircusHook (C:\\Users\\MH\\Desktop\\记账系统\\Server-side\\node_modules\\jest-circus\\build\\run.js:281:40)\n    at processTicksAndRejections (node:internal/process/task_queues:95:5)\n    at _runTestsForDescribeBlock (C:\\Users\\MH\\Desktop\\记账系统\\Server-side\\node_modules\\jest-circus\\build\\run.js:95:7)\n    at _runTestsForDescribeBlock (C:\\Users\\MH\\Desktop\\记账系统\\Server-side\\node_modules\\jest-circus\\build\\run.js:121:9)\n    at run (C:\\Users\\MH\\Desktop\\记账系统\\Server-side\\node_modules\\jest-circus\\build\\run.js:71:3)\n    at runAndTransformResultsToJestFormat (C:\\Users\\MH\\Desktop\\记账系统\\Server-side\\node_modules\\jest-circus\\build\\legacy-code-todo-rewrite\\jestAdapterInit.js:122:21)\n    at jestAdapter (C:\\Users\\MH\\Desktop\\记账系统\\Server-side\\node_modules\\jest-circus\\build\\legacy-code-todo-rewrite\\jestAdapter.js:79:19)\n    at runTestInternal (C:\\Users\\MH\\Desktop\\记账系统\\Server-side\\node_modules\\jest-runner\\build\\runTest.js:367:16)\n    at runTest (C:\\Users\\MH\\Desktop\\记账系统\\Server-side\\node_modules\\jest-runner\\build\\runTest.js:444:34)"],"fullName":"支付流程优化集成测试 错误处理 应该处理无效的任务名称","invocations":1,"location":null,"numPassingAsserts":0,"retryReasons":[],"status":"failed","title":"应该处理无效的任务名称"},{"ancestorTitles":["支付流程优化集成测试","错误处理"],"duration":2,"failureDetails":[{}],"failureMessages":["TypeError: Cannot read properties of undefined (reading 'authenticate')\n    at Object.authenticate (C:\\Users\\MH\\Desktop\\记账系统\\Server-side\\tests\\integration\\payment-optimization.test.js:15:21)\n    at Promise.then.completed (C:\\Users\\MH\\Desktop\\记账系统\\Server-side\\node_modules\\jest-circus\\build\\utils.js:298:28)\n    at new Promise (<anonymous>)\n    at callAsyncCircusFn (C:\\Users\\MH\\Desktop\\记账系统\\Server-side\\node_modules\\jest-circus\\build\\utils.js:231:10)\n    at _callCircusHook (C:\\Users\\MH\\Desktop\\记账系统\\Server-side\\node_modules\\jest-circus\\build\\run.js:281:40)\n    at processTicksAndRejections (node:internal/process/task_queues:95:5)\n    at _runTestsForDescribeBlock (C:\\Users\\MH\\Desktop\\记账系统\\Server-side\\node_modules\\jest-circus\\build\\run.js:95:7)\n    at _runTestsForDescribeBlock (C:\\Users\\MH\\Desktop\\记账系统\\Server-side\\node_modules\\jest-circus\\build\\run.js:121:9)\n    at run (C:\\Users\\MH\\Desktop\\记账系统\\Server-side\\node_modules\\jest-circus\\build\\run.js:71:3)\n    at runAndTransformResultsToJestFormat (C:\\Users\\MH\\Desktop\\记账系统\\Server-side\\node_modules\\jest-circus\\build\\legacy-code-todo-rewrite\\jestAdapterInit.js:122:21)\n    at jestAdapter (C:\\Users\\MH\\Desktop\\记账系统\\Server-side\\node_modules\\jest-circus\\build\\legacy-code-todo-rewrite\\jestAdapter.js:79:19)\n    at runTestInternal (C:\\Users\\MH\\Desktop\\记账系统\\Server-side\\node_modules\\jest-runner\\build\\runTest.js:367:16)\n    at runTest (C:\\Users\\MH\\Desktop\\记账系统\\Server-side\\node_modules\\jest-runner\\build\\runTest.js:444:34)"],"fullName":"支付流程优化集成测试 错误处理 应该处理缺少必要参数的请求","invocations":1,"location":null,"numPassingAsserts":0,"retryReasons":[],"status":"failed","title":"应该处理缺少必要参数的请求"}],"coverage":{},"endTime":1762159288876,"message":"\u001b[1m\u001b[31m  \u001b[1m● \u001b[22m\u001b[1m支付流程优化集成测试 › 离线支付流程 › 应该完成完整的离线支付流程\u001b[39m\u001b[22m\n\n    TypeError: Cannot read properties of undefined (reading 'authenticate')\n\u001b[2m\u001b[22m\n\u001b[2m    \u001b[0m \u001b[90m 13 |\u001b[39m   beforeAll(\u001b[36masync\u001b[39m () \u001b[33m=>\u001b[39m {\u001b[22m\n\u001b[2m     \u001b[90m 14 |\u001b[39m     \u001b[90m// 确保数据库连接\u001b[39m\u001b[22m\n\u001b[2m    \u001b[31m\u001b[1m>\u001b[22m\u001b[2m\u001b[39m\u001b[90m 15 |\u001b[39m     \u001b[36mawait\u001b[39m sequelize\u001b[33m.\u001b[39mauthenticate()\u001b[33m;\u001b[39m\u001b[22m\n\u001b[2m     \u001b[90m    |\u001b[39m                     \u001b[31m\u001b[1m^\u001b[22m\u001b[2m\u001b[39m\u001b[22m\n\u001b[2m     \u001b[90m 16 |\u001b[39m   })\u001b[33m;\u001b[39m\u001b[22m\n\u001b[2m     \u001b[90m 17 |\u001b[39m\u001b[22m\n\u001b[2m     \u001b[90m 18 |\u001b[39m   afterAll(\u001b[36masync\u001b[39m () \u001b[33m=>\u001b[39m {\u001b[0m\u001b[22m\n\u001b[2m\u001b[22m\n\u001b[2m      \u001b[2mat Object.authenticate (\u001b[22m\u001b[2m\u001b[0m\u001b[36mtests/integration/payment-optimization.test.js\u001b[39m\u001b[0m\u001b[2m:15:21)\u001b[22m\u001b[2m\u001b[22m\n\n\u001b[1m\u001b[31m  \u001b[1m● \u001b[22m\u001b[1m支付流程优化集成测试 › 支付提醒流程 › 应该完成完整的支付提醒流程\u001b[39m\u001b[22m\n\n    TypeError: Cannot read properties of undefined (reading 'authenticate')\n\u001b[2m\u001b[22m\n\u001b[2m    \u001b[0m \u001b[90m 13 |\u001b[39m   beforeAll(\u001b[36masync\u001b[39m () \u001b[33m=>\u001b[39m {\u001b[22m\n\u001b[2m     \u001b[90m 14 |\u001b[39m     \u001b[90m// 确保数据库连接\u001b[39m\u001b[22m\n\u001b[2m    \u001b[31m\u001b[1m>\u001b[22m\u001b[2m\u001b[39m\u001b[90m 15 |\u001b[39m     \u001b[36mawait\u001b[39m sequelize\u001b[33m.\u001b[39mauthenticate()\u001b[33m;\u001b[39m\u001b[22m\n\u001b[2m     \u001b[90m    |\u001b[39m                     \u001b[31m\u001b[1m^\u001b[22m\u001b[2m\u001b[39m\u001b[22m\n\u001b[2m     \u001b[90m 16 |\u001b[39m   })\u001b[33m;\u001b[39m\u001b[22m\n\u001b[2m     \u001b[90m 17 |\u001b[39m\u001b[22m\n\u001b[2m     \u001b[90m 18 |\u001b[39m   afterAll(\u001b[36masync\u001b[39m () \u001b[33m=>\u001b[39m {\u001b[0m\u001b[22m\n\u001b[2m\u001b[22m\n\u001b[2m      \u001b[2mat Object.authenticate (\u001b[22m\u001b[2m\u001b[0m\u001b[36mtests/integration/payment-optimization.test.js\u001b[39m\u001b[0m\u001b[2m:15:21)\u001b[22m\u001b[2m\u001b[22m\n\n\u001b[1m\u001b[31m  \u001b[1m● \u001b[22m\u001b[1m支付流程优化集成测试 › 支付记录查询流程 › 应该完成支付记录查询流程\u001b[39m\u001b[22m\n\n    TypeError: Cannot read properties of undefined (reading 'authenticate')\n\u001b[2m\u001b[22m\n\u001b[2m    \u001b[0m \u001b[90m 13 |\u001b[39m   beforeAll(\u001b[36masync\u001b[39m () \u001b[33m=>\u001b[39m {\u001b[22m\n\u001b[2m     \u001b[90m 14 |\u001b[39m     \u001b[90m// 确保数据库连接\u001b[39m\u001b[22m\n\u001b[2m    \u001b[31m\u001b[1m>\u001b[22m\u001b[2m\u001b[39m\u001b[90m 15 |\u001b[39m     \u001b[36mawait\u001b[39m sequelize\u001b[33m.\u001b[39mauthenticate()\u001b[33m;\u001b[39m\u001b[22m\n\u001b[2m     \u001b[90m    |\u001b[39m                     \u001b[31m\u001b[1m^\u001b[22m\u001b[2m\u001b[39m\u001b[22m\n\u001b[2m     \u001b[90m 16 |\u001b[39m   })\u001b[33m;\u001b[39m\u001b[22m\n\u001b[2m     \u001b[90m 17 |\u001b[39m\u001b[22m\n\u001b[2m     \u001b[90m 18 |\u001b[39m   afterAll(\u001b[36masync\u001b[39m () \u001b[33m=>\u001b[39m {\u001b[0m\u001b[22m\n\u001b[2m\u001b[22m\n\u001b[2m      \u001b[2mat Object.authenticate (\u001b[22m\u001b[2m\u001b[0m\u001b[36mtests/integration/payment-optimization.test.js\u001b[39m\u001b[0m\u001b[2m:15:21)\u001b[22m\u001b[2m\u001b[22m\n\n\u001b[1m\u001b[31m  \u001b[1m● \u001b[22m\u001b[1m支付流程优化集成测试 › 定时任务管理 › 应该完成定时任务管理流程\u001b[39m\u001b[22m\n\n    TypeError: Cannot read properties of undefined (reading 'authenticate')\n\u001b[2m\u001b[22m\n\u001b[2m    \u001b[0m \u001b[90m 13 |\u001b[39m   beforeAll(\u001b[36masync\u001b[39m () \u001b[33m=>\u001b[39m {\u001b[22m\n\u001b[2m     \u001b[90m 14 |\u001b[39m     \u001b[90m// 确保数据库连接\u001b[39m\u001b[22m\n\u001b[2m    \u001b[31m\u001b[1m>\u001b[22m\u001b[2m\u001b[39m\u001b[90m 15 |\u001b[39m     \u001b[36mawait\u001b[39m sequelize\u001b[33m.\u001b[39mauthenticate()\u001b[33m;\u001b[39m\u001b[22m\n\u001b[2m     \u001b[90m    |\u001b[39m                     \u001b[31m\u001b[1m^\u001b[22m\u001b[2m\u001b[39m\u001b[22m\n\u001b[2m     \u001b[90m 16 |\u001b[39m   })\u001b[33m;\u001b[39m\u001b[22m\n\u001b[2m     \u001b[90m 17 |\u001b[39m\u001b[22m\n\u001b[2m     \u001b[90m 18 |\u001b[39m   afterAll(\u001b[36masync\u001b[39m () \u001b[33m=>\u001b[39m {\u001b[0m\u001b[22m\n\u001b[2m\u001b[22m\n\u001b[2m      \u001b[2mat Object.authenticate (\u001b[22m\u001b[2m\u001b[0m\u001b[36mtests/integration/payment-optimization.test.js\u001b[39m\u001b[0m\u001b[2m:15:21)\u001b[22m\u001b[2m\u001b[22m\n\n\u001b[1m\u001b[31m  \u001b[1m● \u001b[22m\u001b[1m支付流程优化集成测试 › 错误处理 › 应该处理无效的认证\u001b[39m\u001b[22m\n\n    TypeError: Cannot read properties of undefined (reading 'authenticate')\n\u001b[2m\u001b[22m\n\u001b[2m    \u001b[0m \u001b[90m 13 |\u001b[39m   beforeAll(\u001b[36masync\u001b[39m () \u001b[33m=>\u001b[39m {\u001b[22m\n\u001b[2m     \u001b[90m 14 |\u001b[39m     \u001b[90m// 确保数据库连接\u001b[39m\u001b[22m\n\u001b[2m    \u001b[31m\u001b[1m>\u001b[22m\u001b[2m\u001b[39m\u001b[90m 15 |\u001b[39m     \u001b[36mawait\u001b[39m sequelize\u001b[33m.\u001b[39mauthenticate()\u001b[33m;\u001b[39m\u001b[22m\n\u001b[2m     \u001b[90m    |\u001b[39m                     \u001b[31m\u001b[1m^\u001b[22m\u001b[2m\u001b[39m\u001b[22m\n\u001b[2m     \u001b[90m 16 |\u001b[39m   })\u001b[33m;\u001b[39m\u001b[22m\n\u001b[2m     \u001b[90m 17 |\u001b[39m\u001b[22m\n\u001b[2m     \u001b[90m 18 |\u001b[39m   afterAll(\u001b[36masync\u001b[39m () \u001b[33m=>\u001b[39m {\u001b[0m\u001b[22m\n\u001b[2m\u001b[22m\n\u001b[2m      \u001b[2mat Object.authenticate (\u001b[22m\u001b[2m\u001b[0m\u001b[36mtests/integration/payment-optimization.test.js\u001b[39m\u001b[0m\u001b[2m:15:21)\u001b[22m\u001b[2m\u001b[22m\n\n\u001b[1m\u001b[31m  \u001b[1m● \u001b[22m\u001b[1m支付流程优化集成测试 › 错误处理 › 应该处理无效的支付ID\u001b[39m\u001b[22m\n\n    TypeError: Cannot read properties of undefined (reading 'authenticate')\n\u001b[2m\u001b[22m\n\u001b[2m    \u001b[0m \u001b[90m 13 |\u001b[39m   beforeAll(\u001b[36masync\u001b[39m () \u001b[33m=>\u001b[39m {\u001b[22m\n\u001b[2m     \u001b[90m 14 |\u001b[39m     \u001b[90m// 确保数据库连接\u001b[39m\u001b[22m\n\u001b[2m    \u001b[31m\u001b[1m>\u001b[22m\u001b[2m\u001b[39m\u001b[90m 15 |\u001b[39m     \u001b[36mawait\u001b[39m sequelize\u001b[33m.\u001b[39mauthenticate()\u001b[33m;\u001b[39m\u001b[22m\n\u001b[2m     \u001b[90m    |\u001b[39m                     \u001b[31m\u001b[1m^\u001b[22m\u001b[2m\u001b[39m\u001b[22m\n\u001b[2m     \u001b[90m 16 |\u001b[39m   })\u001b[33m;\u001b[39m\u001b[22m\n\u001b[2m     \u001b[90m 17 |\u001b[39m\u001b[22m\n\u001b[2m     \u001b[90m 18 |\u001b[39m   afterAll(\u001b[36masync\u001b[39m () \u001b[33m=>\u001b[39m {\u001b[0m\u001b[22m\n\u001b[2m\u001b[22m\n\u001b[2m      \u001b[2mat Object.authenticate (\u001b[22m\u001b[2m\u001b[0m\u001b[36mtests/integration/payment-optimization.test.js\u001b[39m\u001b[0m\u001b[2m:15:21)\u001b[22m\u001b[2m\u001b[22m\n\n\u001b[1m\u001b[31m  \u001b[1m● \u001b[22m\u001b[1m支付流程优化集成测试 › 错误处理 › 应该处理无效的任务名称\u001b[39m\u001b[22m\n\n    TypeError: Cannot read properties of undefined (reading 'authenticate')\n\u001b[2m\u001b[22m\n\u001b[2m    \u001b[0m \u001b[90m 13 |\u001b[39m   beforeAll(\u001b[36masync\u001b[39m () \u001b[33m=>\u001b[39m {\u001b[22m\n\u001b[2m     \u001b[90m 14 |\u001b[39m     \u001b[90m// 确保数据库连接\u001b[39m\u001b[22m\n\u001b[2m    \u001b[31m\u001b[1m>\u001b[22m\u001b[2m\u001b[39m\u001b[90m 15 |\u001b[39m     \u001b[36mawait\u001b[39m sequelize\u001b[33m.\u001b[39mauthenticate()\u001b[33m;\u001b[39m\u001b[22m\n\u001b[2m     \u001b[90m    |\u001b[39m                     \u001b[31m\u001b[1m^\u001b[22m\u001b[2m\u001b[39m\u001b[22m\n\u001b[2m     \u001b[90m 16 |\u001b[39m   })\u001b[33m;\u001b[39m\u001b[22m\n\u001b[2m     \u001b[90m 17 |\u001b[39m\u001b[22m\n\u001b[2m     \u001b[90m 18 |\u001b[39m   afterAll(\u001b[36masync\u001b[39m () \u001b[33m=>\u001b[39m {\u001b[0m\u001b[22m\n\u001b[2m\u001b[22m\n\u001b[2m      \u001b[2mat Object.authenticate (\u001b[22m\u001b[2m\u001b[0m\u001b[36mtests/integration/payment-optimization.test.js\u001b[39m\u001b[0m\u001b[2m:15:21)\u001b[22m\u001b[2m\u001b[22m\n\n\u001b[1m\u001b[31m  \u001b[1m● \u001b[22m\u001b[1m支付流程优化集成测试 › 错误处理 › 应该处理缺少必要参数的请求\u001b[39m\u001b[22m\n\n    TypeError: Cannot read properties of undefined (reading 'authenticate')\n\u001b[2m\u001b[22m\n\u001b[2m    \u001b[0m \u001b[90m 13 |\u001b[39m   beforeAll(\u001b[36masync\u001b[39m () \u001b[33m=>\u001b[39m {\u001b[22m\n\u001b[2m     \u001b[90m 14 |\u001b[39m     \u001b[90m// 确保数据库连接\u001b[39m\u001b[22m\n\u001b[2m    \u001b[31m\u001b[1m>\u001b[22m\u001b[2m\u001b[39m\u001b[90m 15 |\u001b[39m     \u001b[36mawait\u001b[39m sequelize\u001b[33m.\u001b[39mauthenticate()\u001b[33m;\u001b[39m\u001b[22m\n\u001b[2m     \u001b[90m    |\u001b[39m                     \u001b[31m\u001b[1m^\u001b[22m\u001b[2m\u001b[39m\u001b[22m\n\u001b[2m     \u001b[90m 16 |\u001b[39m   })\u001b[33m;\u001b[39m\u001b[22m\n\u001b[2m     \u001b[90m 17 |\u001b[39m\u001b[22m\n\u001b[2m     \u001b[90m 18 |\u001b[39m   afterAll(\u001b[36masync\u001b[39m () \u001b[33m=>\u001b[39m {\u001b[0m\u001b[22m\n\u001b[2m\u001b[22m\n\u001b[2m      \u001b[2mat Object.authenticate (\u001b[22m\u001b[2m\u001b[0m\u001b[36mtests/integration/payment-optimization.test.js\u001b[39m\u001b[0m\u001b[2m:15:21)\u001b[22m\u001b[2m\u001b[22m\n\n\n  \u001b[1m● \u001b[22mTest suite failed to run\n\n    TypeError: Cannot read properties of undefined (reading 'close')\n\n    \u001b[0m \u001b[90m 18 |\u001b[39m   afterAll(\u001b[36masync\u001b[39m () \u001b[33m=>\u001b[39m {\n     \u001b[90m 19 |\u001b[39m     \u001b[90m// 关闭数据库连接\u001b[39m\n    \u001b[31m\u001b[1m>\u001b[22m\u001b[39m\u001b[90m 20 |\u001b[39m     \u001b[36mawait\u001b[39m sequelize\u001b[33m.\u001b[39mclose()\u001b[33m;\u001b[39m\n     \u001b[90m    |\u001b[39m                     \u001b[31m\u001b[1m^\u001b[22m\u001b[39m\n     \u001b[90m 21 |\u001b[39m   })\u001b[33m;\u001b[39m\n     \u001b[90m 22 |\u001b[39m\n     \u001b[90m 23 |\u001b[39m   beforeEach(\u001b[36masync\u001b[39m () \u001b[33m=>\u001b[39m {\u001b[0m\n\n      \u001b[2mat Object.close (\u001b[22mtests/integration/payment-optimization.test.js\u001b[2m:20:21)\u001b[22m\n","name":"C:\\Users\\MH\\Desktop\\记账系统\\Server-side\\tests\\integration\\payment-optimization.test.js","startTime":1762159288876,"status":"failed","summary":""},{"assertionResults":[{"ancestorTitles":["离线支付功能集成测试","创建离线支付记录"],"duration":1,"failureDetails":[{}],"failureMessages":["Error: 房间创建失败，状态码: 500\n    at Object.<anonymous> (C:\\Users\\MH\\Desktop\\记账系统\\Server-side\\tests\\integration\\offline-payments.test.js:69:13)\n    at processTicksAndRejections (node:internal/process/task_queues:95:5)"],"fullName":"离线支付功能集成测试 创建离线支付记录 应该成功创建离线支付记录","invocations":1,"location":null,"numPassingAsserts":0,"retryReasons":[],"status":"failed","title":"应该成功创建离线支付记录"},{"ancestorTitles":["离线支付功能集成测试","创建离线支付记录"],"duration":0,"failureDetails":[{}],"failureMessages":["Error: 房间创建失败，状态码: 500\n    at Object.<anonymous> (C:\\Users\\MH\\Desktop\\记账系统\\Server-side\\tests\\integration\\offline-payments.test.js:69:13)\n    at processTicksAndRejections (node:internal/process/task_queues:95:5)"],"fullName":"离线支付功能集成测试 创建离线支付记录 应该在缺少必要参数时返回错误","invocations":1,"location":null,"numPassingAsserts":0,"retryReasons":[],"status":"failed","title":"应该在缺少必要参数时返回错误"},{"ancestorTitles":["离线支付功能集成测试","创建离线支付记录"],"duration":0,"failureDetails":[{}],"failureMessages":["Error: 房间创建失败，状态码: 500\n    at Object.<anonymous> (C:\\Users\\MH\\Desktop\\记账系统\\Server-side\\tests\\integration\\offline-payments.test.js:69:13)\n    at processTicksAndRejections (node:internal/process/task_queues:95:5)"],"fullName":"离线支付功能集成测试 创建离线支付记录 应该在账单不存在时返回错误","invocations":1,"location":null,"numPassingAsserts":0,"retryReasons":[],"status":"failed","title":"应该在账单不存在时返回错误"},{"ancestorTitles":["离线支付功能集成测试","获取用户离线支付记录"],"duration":0,"failureDetails":[{},{}],"failureMessages":["Error: 房间创建失败，状态码: 500\n    at Object.<anonymous> (C:\\Users\\MH\\Desktop\\记账系统\\Server-side\\tests\\integration\\offline-payments.test.js:69:13)\n    at processTicksAndRejections (node:internal/process/task_queues:95:5)","TypeError: Cannot read properties of undefined (reading 'id')\n    at Object.id (C:\\Users\\MH\\Desktop\\记账系统\\Server-side\\tests\\integration\\offline-payments.test.js:227:26)\n    at Promise.then.completed (C:\\Users\\MH\\Desktop\\记账系统\\Server-side\\node_modules\\jest-circus\\build\\utils.js:298:28)\n    at new Promise (<anonymous>)\n    at callAsyncCircusFn (C:\\Users\\MH\\Desktop\\记账系统\\Server-side\\node_modules\\jest-circus\\build\\utils.js:231:10)\n    at _callCircusHook (C:\\Users\\MH\\Desktop\\记账系统\\Server-side\\node_modules\\jest-circus\\build\\run.js:281:40)\n    at processTicksAndRejections (node:internal/process/task_queues:95:5)\n    at _runTestsForDescribeBlock (C:\\Users\\MH\\Desktop\\记账系统\\Server-side\\node_modules\\jest-circus\\build\\run.js:95:7)\n    at _runTestsForDescribeBlock (C:\\Users\\M
[...]
管理API集成测试 权限测试 应该在非创建者尝试删除费用类型时返回403错误","invocations":1,"location":null,"numPassingAsserts":3,"retryReasons":[],"status":"passed","title":"应该在非创建者尝试删除费用类型时返回403错误"}],"endTime":1762159276141,"message":"","name":"C:\\Users\\MH\\Desktop\\记账系统\\Server-side\\tests\\integration\\expense-types.test.js","startTime":1762159275005,"status":"passed","summary":""},{"assertionResults":[{"ancestorTitles":["最小测试","变量初始化测试"],"duration":1,"failureDetails":[],"failureMessages":[],"fullName":"最小测试 变量初始化测试 应该正确初始化testUser变量","invocations":1,"location":null,"numPassingAsserts":2,"retryReasons":[],"status":"passed","title":"应该正确初始化testUser变量"}],"endTime":1762159276849,"message":"","name":"C:\\Users\\MH\\Desktop\\记账系统\\Server-side\\tests\\integration\\minimal.test.js","startTime":1762159276153,"status":"passed","summary":""},{"assertionResults":[{"ancestorTitles":["Rooms API - integration"],"duration":164,"failureDetails":[],"failureMessages":[],"fullName":"Rooms API - integration create room, list rooms, get detail, second user joins","invocations":1,"location":null,"numPassingAsserts":2,"retryReasons":[],"status":"passed","title":"create room, list rooms, get detail, second user joins"}],"endTime":1762159277519,"message":"","name":"C:\\Users\\MH\\Desktop\\记账系统\\Server-side\\tests\\integration\\rooms.test.js","startTime":1762159276857,"status":"passed","summary":""},{"assertionResults":[{"ancestorTitles":["Bills API - basic flows"],"duration":177,"failureDetails":[],"failureMessages":[],"fullName":"Bills API - basic flows create bill (optional), list bills, get one, review/payment guarded","invocations":1,"location":null,"numPassingAsserts":2,"retryReasons":[],"status":"passed","title":"create bill (optional), list bills, get one, review/payment guarded"}],"endTime":1762159278209,"message":"","name":"C:\\Users\\MH\\Desktop\\记账系统\\Server-side\\tests\\integration\\bills-basic.test.js","startTime":1762159277529,"status":"passed","summary":""},{"assertionResults":[{"ancestorTitles":["定时任务服务测试","startAllTasks"],"duration":1,"failureDetails":[],"failureMessages":[],"fullName":"定时任务服务测试 startAllTasks 应该成功启动所有定时任务","invocations":1,"location":null,"numPassingAsserts":1,"retryReasons":[],"status":"passed","title":"应该成功启动所有定时任务"},{"ancestorTitles":["定时任务服务测试","startAllTasks"],"duration":1,"failureDetails":[],"failureMessages":[],"fullName":"定时任务服务测试 startAllTasks 应该在任务已启动时返回相应消息","invocations":1,"location":null,"numPassingAsserts":1,"retryReasons":[],"status":"passed","title":"应该在任务已启动时返回相应消息"},{"ancestorTitles":["定时任务服务测试","stopAllTasks"],"duration":0,"failureDetails":[],"failureMessages":[],"fullName":"定时任务服务测试 stopAllTasks 应该成功停止所有定时任务","invocations":1,"location":null,"numPassingAsserts":1,"retryReasons":[],"status":"passed","title":"应该成功停止所有定时任务"},{"ancestorTitles":["定时任务服务测试","stopAllTasks"],"duration":1,"failureDetails":[],"failureMessages":[],"fullName":"定时任务服务测试 stopAllTasks 应该在任务未启动时返回相应消息","invocations":1,"location":null,"numPassingAsserts":1,"retryReasons":[],"status":"passed","title":"应该在任务未启动时返回相应消息"},{"ancestorTitles":["定时任务服务测试","checkPaymentReminders"],"duration":0,"failureDetails":[],"failureMessages":[],"fullName":"定时任务服务测试 checkPaymentReminders 应该成功检查并发送支付提醒","invocations":1,"location":null,"numPassingAsserts":3,"retryReasons":[],"status":"passed","title":"应该成功检查并发送支付提醒"},{"ancestorTitles":["定时任务服务测试","checkPaymentReminders"],"duration":0,"failureDetails":[],"failureMessages":[],"fullName":"定时任务服务测试 checkPaymentReminders 应该处理没有待发送提醒的情况","invocations":1,"location":null,"numPassingAsserts":3,"retryReasons":[],"status":"passed","title":"应该处理没有待发送提醒的情况"},{"ancestorTitles":["定时任务服务测试","checkPaymentReminders"],"duration":1,"failureDetails":[],"failureMessages":[],"fullName":"定时任务服务测试 checkPaymentReminders 应该处理发送提醒失败的情况","invocations":1,"location":null,"numPassingAsserts":3,"retryReasons":[],"status":"passed","title":"应该处理发送提醒失败的情况"},{"ancestorTitles":["定时任务服务测试","checkPaymentReminders"],"duration":0,"failureDetails":[],"failureMessages":[],"fullName":"定时任务服务测试 checkPaymentReminders 应该处理获取提醒失败的情况","invocations":1,"location":null,"numPassingAsserts":2,"retryReasons":[],"status":"passed","title":"应该处理获取提醒失败的情况"},{"ancestorTitles":["定时任务服务测试","syncOfflinePayments"],"duration":1,"failureDetails":[],"failureMessages":[],"fullName":"定时任务服务测试 syncOfflinePayments 应该成功同步离线支付","invocations":1,"location":null,"numPassingAsserts":3,"retryReasons":[],"status":"passed","title":"应该成功同步离线支付"},{"ancestorTitles":["定时任务服务测试","syncOfflinePayments"],"duration":1,"failureDetails":[],"failureMessages":[],"fullName":"定时任务服务测试 syncOfflinePayments 应该处理没有待同步支付的情况","invocations":1,"location":null,"numPassingAsserts":3,"retryReasons":[],"status":"passed","title":"应该处理没有待同步支付的情况"},{"ancestorTitles":["定时任务服务测试","syncOfflinePayments"],"duration":0,"failureDetails":[],"failureMessages":[],"fullName":"定时任务服务测试 syncOfflinePayments 应该处理部分同步失败的情况","invocations":1,"location":null,"numPassingAsserts":3,"retryReasons":[],"status":"passed","title":"应该处理部分同步失败的情况"},{"ancestorTitles":["定时任务服务测试","syncOfflinePayments"],"duration":1,"failureDetails":[],"failureMessages":[],"fullName":"定时任务服务测试 syncOfflinePayments 应该处理获取待同步支付失败的情况","invocations":1,"location":null,"numPassingAsserts":2,"retryReasons":[],"status":"passed","title":"应该处理获取待同步支付失败的情况"},{"ancestorTitles":["定时任务服务测试","cleanupExpiredReminders"],"duration":1,"failureDetails":[],"failureMessages":[],"fullName":"定时任务服务测试 cleanupExpiredReminders 应该成功清理过期提醒","invocations":1,"location":null,"numPassingAsserts":2,"retryReasons":[],"status":"passed","title":"应该成功清理过期提醒"},{"ancestorTitles":["定时任务服务测试","cleanupExpiredReminders"],"duration":0,"failureDetails":[],"failureMessages":[],"fullName":"定时任务服务测试 cleanupExpiredReminders 应该处理没有过期提醒的情况","invocations":1,"location":null,"numPassingAsserts":2,"retryReasons":[],"status":"passed","title":"应该处理没有过期提醒的情况"},{"ancestorTitles":["定时任务服务测试","cleanupExpiredReminders"],"duration":0,"failureDetails":[],"failureMessages":[],"fullName":"定时任务服务测试 cleanupExpiredReminders 应该处理清理过期提醒失败的情况","invocations":1,"location":null,"numPassingAsserts":2,"retryReasons":[],"status":"passed","title":"应该处理清理过期提醒失败的情况"},{"ancestorTitles":["定时任务服务测试","generatePaymentStats"],"duration":1,"failureDetails":[],"failureMessages":[],"fullName":"定时任务服务测试 generatePaymentStats 应该成功生成支付统计报告","invocations":1,"location":null,"numPassingAsserts":3,"retryReasons":[],"status":"passed","title":"应该成功生成支付统计报告"},{"ancestorTitles":["定时任务服务测试","generatePaymentStats"],"duration":0,"failureDetails":[],"failureMessages":[],"fullName":"定时任务服务测试 generatePaymentStats 应该处理没有支付记录的情况","invocations":1,"location":null,"numPassingAsserts":3,"retryReasons":[],"status":"passed","title":"应该处理没有支付记录的情况"},{"ancestorTitles":["定时任务服务测试","generatePaymentStats"],"duration":1,"failureDetails":[],"failureMessages":[],"fullName":"定时任务服务测试 generatePaymentStats 应该处理生成支付统计失败的情况","invocations":1,"location":null,"numPassingAsserts":2,"retryReasons":[],"status":"passed","title":"应该处理生成支付统计失败的情况"},{"ancestorTitles":["定时任务服务测试","getTaskStatus"],"duration":0,"failureDetails":[],"failureMessages":[],"fullName":"定时任务服务测试 getTaskStatus 应该返回所有任务状态","invocations":1,"location":null,"numPassingAsserts":1,"retryReasons":[],"status":"passed","title":"应该返回所有任务状态"},{"ancestorTitles":["定时任务服务测试","getTaskStatus"],"duration":0,"failureDetails":[],"failureMessages":[],"fullName":"定时任务服务测试 getTaskStatus 应该在任务未启动时返回相应状态","invocations":1,"location":null,"numPassingAsserts":1,"retryReasons":[],"status":"passed","title":"应该在任务未启动时返回相应状态"},{"ancestorTitles":["定时任务服务测试","triggerTask"],"duration":1,"failureDetails":[],"failureMessages":[],"fullName":"定时任务服务测试 triggerTask 应该成功触发指定任务","invocations":1,"location":null,"numPassingAsserts":2,"retryReasons":[],"status":"passed","title":"应该成功触发指定任务"},{"ancestorTitles":["定时任务服务测试","triggerTask"],"duration":0,"failureDetails":[],"failureMessages":[],"fullName":"定时任务服务测试 triggerTask 应该在任务不存在时返回错误","invocations":1,"location":null,"numPassingAsserts":1,"retryReasons":[],"status":"passed","title":"应该在任务不存在时返回错误"},{"ancestorTitles":["定时任务服务测试","triggerTask"],"duration":1,"failureDetails":[],"failureMessages":[],"fullName":"定时任务服务测试 triggerTask 应该处理任务执行失败的情况","invocations":1,"location":null,"numPassingAsserts":2,"retryReasons":[],"status":"passed","title":"应该处理任务执行失败的情况"}],"endTime":1762159278960,"message":"","name":"C:\\Users\\MH\\Desktop\\记账系统\\Server-side\\tests\\unit\\scheduler.test.js","startTime":1762159278216,"status":"passed","summary":""},{"assertionResults":[{"ancestorTitles":["Payments Bill Flow"],"duration":0,"failureDetails":[],"failureMessages":[],"fullName":"Payments Bill Flow should get bill qr-code info and confirm payment","invocations":1,"location":null,"numPassingAsserts":0,"retryReasons":[],"status":"passed","title":"should get bill qr-code info and confirm payment"}],"endTime":1762159279604,"message":"","name":"C:\\Users\\MH\\Desktop\\记账系统\\Server-side\\tests\\integration\\payments-bill-flow.test.js","startTime":1762159278973,"status":"passed","summary":""},{"assertionResults":[{"ancestorTitles":["支付流程优化控制器测试","createOfflinePayment"],"duration":1,"failureDetails":[],"failureMessages":[],"fullName":"支付流程优化控制器测试 createOfflinePayment 应该成功创建离线支付","invocations":1,"location":null,"numPassingAsserts":3,"retryReasons":[],"status":"passed","title":"应该成功创建离线支付"},{"ancestorTitles":["支付流程优化控制器测试","createOfflinePayment"],"duration":0,"failureDetails":[],"failureMessages":[],"fullName":"支付流程优化控制器测试 createOfflinePayment 应该在缺少必要参数时返回错误","invocations":1,"location":null,"numPassingAsserts":2,"retryReasons":[],"status":"passed","title":"应该在缺少必要参数时返回错误"},{"ancestorTitles":["支付流程优化控制器测试","createOfflinePayment"],"duration":19,"failureDetails":[],"failureMessages":[],"fullName":"支付流程优化控制器测试 createOfflinePayment 应该在服务失败时返回错误","invocations":1,"location":null,"numPassingAsserts":2,"retryReasons":[],"status":"passed","title":"应该在服务失败时返回错误"},{"ancestorTitles":["支付流程优化控制器测试","syncOfflinePayment"],"duration":0,"failureDetails":[],"failureMessages":[],"fullName":"支付流程优化控制器测试 syncOfflinePayment 应该成功同步离线支付","invocations":1,"location":null,"numPassingAsserts":3,"retryReasons":[],"status":"passed","title":"应该成功同步离线支付"},{"ancestorTitles":["支付流程优化控制器测试","syncOfflinePayment"],"duration":1,"failureDetails":[],"failureMessages":[],"fullName":"支付流程优化控制器测试 syncOfflinePayment 应该在ID无效时返回错误","invocations":1,"location":null,"numPassingAsserts":2,"retryReasons":[],"status":"passed","title":"应该在ID无效时返回错误"},{"ancestorTitles":["支付流程优化控制器测试","syncOfflinePayment"],"duration":0,"failureDetails":[],"failureMessages":[],"fullName":"支付流程优化控制器测试 syncOfflinePayment 应该在支付记录不存在时返回错误","invocations":1,"location":null,"numPassingAsserts":2,"retryReasons":[],"status":"passed","title":"应该在支付记录不存在时返回错误"},{"ancestorTitles":["支付流程优化控制器测试","getUserOfflinePayments"],"duration":1,"failureDetails":[],"failureMessages":[],"fullName":"支付流程优化控制器测试 getUserOfflinePayments 应该成功获取用户离线支付记录","invocations":1,"location":null,"numPassingAsserts":3,"retryReasons":[],"status":"passed","title":"应该成功获取用户离线支付记录"},{"ancestorTitles":["支付流程优化控制器测试","getUserOfflinePayments"],"duration":0,"failureDetails":[],"failureMessages":[],"fullName":"支付流程优化控制器测试 getUserOfflinePayments 应该在用户ID无效时返回错误","invocations":1,"location":null,"numPassingAsserts":2,"retryReasons":[],"status":"passed","title":"应该在用户ID无效时返回错误"},{"ancestorTitles":["支付流程优化控制器测试","getPendingSyncPayments"],"duration":0,"failureDetails":[],"failureMessages":[],"fullName":"支付流程优化控制器测试 getPendingSyncPayments 应该成功获取待同步的离线支付记录","invocations":1,"location":null,"numPassingAsserts":3,"retryReasons":[],"status":"passed","title":"应该成功获取待同步的离线支付记录"},{"ancestorTitles":["支付流程优化控制器测试","createPaymentReminder"],"duration":1,"failureDetails":[],"failureMessages":[],"fullName":"支付流程优化控制器测试 createPaymentReminder 应该成功创建支付提醒","invocations":1,"location":null,"numPassingAsserts":3,"retryReasons":[],"status":"passed","title":"应该成功创建支付提醒"},{"ancestorTitles":["支付流程优化控制器测试","createPaymentReminder"],"duration":1,"failureDetails":[],"failureMessages":[],"fullName":"支付流程优化控制器测试 createPaymentReminder 应该在缺少必要参数时返回错误","invocations":1,"location":null,"numPassingAsserts":2,"retryReasons":[],"status":"passed","title":"应该在缺少必要参数时返回错误"},{"ancestorTitles":["支付流程优化控制器测试","getUserPaymentReminders"],"duration":0,"failureDetails":[],"failureMessages":[],"fullName":"支付流程优化控制器测试 getUserPaymentReminders 应该成功获取用户支付提醒列表","invocations":1,"location":null,"numPassingAsserts":3,"retryReasons":[],"status":"passed","title":"应该成功获取用户支付提醒列表"},{"ancestorTitles":["支付流程优化控制器测试","getPaymentRecords"],"duration":0,"failureDetails":[],"failureMessages":[],"fullName":"支付流程优化控制器测试 getPaymentRecords 应该成功获取支付记录列表","invocations":1,"location":null,"numPassingAsserts":3,"retryReasons":[],"status":"passed","title":"应该成功获取支付记录列表"},{"ancestorTitles":["支付流程优化控制器测试","getPaymentRecordById"],"duration":1,"failureDetails":[],"failureMessages":[],"fullName":"支付流程优化控制器测试 getPaymentRecordById 应该成功获取支付记录详情","invocations":1,"location":null,"numPassingAsserts":3,"retryReasons":[],"status":"passed","title":"应该成功获取支付记录详情"},{"ancestorTitles":["支付流程优化控制器测试","getPaymentRecordById"],"duration":0,"failureDetails":[],"failureMessages":[],"fullName":"支付流程优化控制器测试 getPaymentRecordById 应该在支付记录不存在时返回404","invocations":1,"location":null,"numPassingAsserts":3,"retryReasons":[],"status":"passed","title":"应该在支付记录不存在时返回404"},{"ancestorTitles":["支付流程优化控制器测试","getUserPaymentStats"],"duration":0,"failureDetails":[],"failureMessages":[],"fullName":"支付流程优化控制器测试 getUserPaymentStats 应该成功获取用户支付统计","invocations":1,"location":null,"numPassingAsserts":3,"retryReasons":[],"status":"passed","title":"应该成功获取用户支付统计"},{"ancestorTitles":["支付流程优化控制器测试","getRoomPaymentStats"],"duration":1,"failureDetails":[],"failureMessages":[],"fullName":"支付流程优化控制器测试 getRoomPaymentStats 应该成功获取房间支付统计","invocations":1,"location":null,"numPassingAsserts":3,"retryReasons":[],"status":"passed","title":"应该成功获取房间支付统计"},{"ancestorTitles":["支付流程优化控制器测试","triggerTask"],"duration":0,"failureDetails":[],"failureMessages":[],"fullName":"支付流程优化控制器测试 triggerTask 应该成功触发定时任务","invocations":1,"location":null,"numPassingAsserts":3,"retryReasons":[],"status":"passed","title":"应该成功触发定时任务"},{"ancestorTitles":["支付流程优化控制器测试","triggerTask"],"duration":1,"failureDetails":[],"failureMessages":[],"fullName":"支付流程优化控制器测试 triggerTask 应该在任务不存在时返回错误","invocations":1,"location":null,"numPassingAsserts":3,"retryReasons":[],"status":"passed","title":"应该在任务不存在时返回错误"},{"ancestorTitles":["支付流程优化控制器测试","getTaskStatus"],"duration":0,"failureDetails":[],"failureMessages":[],"fullName":"支付流程优化控制器测试 getTaskStatus 应该成功获取任务状态","invocations":1,"location":null,"numPassingAsserts":3,"retryReasons":[],"status":"passed","title":"应该成功获取任务状态"}],"endTime":1762159280292,"message":"","name":"C:\\Users\\MH\\Desktop\\记账系统\\Server-side\\tests\\unit\\payment-optimization-controller.test.js","startTime":1762159279612,"status":"passed","summary":""},{"assertionResults":[{"ancestorTitles":["Expenses API - basic flows"],"duration":197,"failureDetails":[],"failureMessages":[],"fullName":"Expenses API - basic flows list expenses empty, calculate split works, create expense guarded","invocations":1,"location":null,"numPassingAsserts":4,"retryReasons":[],"status":"passed","title":"list expenses empty, calculate split works, create expense guarded"}],"endTime":1762159280973,"message":"","name":"C:\\Users\\MH\\Desktop\\记账系统\\Server-side\\tests\\integration\\expenses-basic.test.js","startTime":1762159280305,"status":"passed","summary":""},{"assertionResults":[{"ancestorTitles":["QR Codes API"],"duration":1,"failureDetails":[],"failureMessages":[],"fullName":"QR Codes API should upload and list qr codes","invocations":1,"location":null,"numPassingAsserts":0,"retryReasons":[],"status":"passed","title":"should upload and list qr codes"}],"endTime":1762159281747,"message":"","name":"C:\\Users\\MH\\Desktop\\记账系统\\Server-side\\tests\\integration\\qr-codes.test.js","startTime":1762159280983,"status":"passed","summary":""},{"assertionResults":[{"ancestorTitles":["BillController单元测试","createBill"],"duration":null,"failureDetails":[],"failureMessages":[],"fullName":"BillController单元测试 createBill 应该成功创建账单","invocations":1,"location":null,"numPassingAsserts":0,"retryReasons":[],"status":"pending","title":"应该成功创建账单"},{"ancestorTitles":["BillController单元测试","createBill"],"duration":null,"failureDetails":[],"failureMessages":[],"fullName":"BillController单元测试 createBill 应该在缺少必填字段时返回500错误","invocations":1,"location":null,"numPassingAsserts":0,"retryReasons":[],"status":"pending","title":"应该在缺少必填字段时返回500错误"},{"ancestorTitles":["BillController单元测试","createBill"],"duration":null,"failureDetails":[],"failureMessages":[],"fullName":"BillController单元测试 createBill 应该在用户不是寝室成员时返回403错误","invocations":1,"location":null,"numPassingAsserts":0,"retryReasons":[],"status":"pending","title":"应该在用户不是寝室成员时返回403错误"},{"ancestorTitles":["BillController单元测试","getBills"],"duration":null,"failureDetails":[],"failureMessages":[],"fullName":"BillController单元测试 getBills 应该成功获取账单列表","invocations":1,"location":null,"numPassingAsserts":0,"retryReasons":[],"status":"pending","title":"应该成功获取账单列表"},{"ancestorTitles":["BillController单元测试","getBillById"],"duration":null,"failureDetails":[],"failureMessages":[],"fullName":"BillController单元测试 getBillById 应该成功获取特定账单详情","invocations":1,"location":null,"numPassingAsserts":0,"retryReasons":[],"status":"pending","title":"应该成功获取特定账单详情"},{"ancestorTitles":["BillController单元测试","getBillById"],"duration":null,"failureDetails":[],"failureMessages":[],"fullName":"BillController单元测试 getBillById 应该在账单不存在时返回403错误","invocations":1,"location":null,"numPassingAsserts":0,"retryReasons":[],"status":"pending","title":"应该在账单不存在时返回403错误"},{"ancestorTitles":["BillController单元测试","reviewBill"],"duration":null,"failureDetails":[],"failureMessages":[],"fullName":"BillController单元测试 reviewBill 应该成功审核账单","invocations":1,"location":null,"numPassingAsserts":0,"retryReasons":[],"status":"pending","title":"应该成功审核账单"},{"ancestorTitles":["BillController单元测试","reviewBill"],"duration":null,"failureDetails":[],"failureMessages":[],"fullName":"BillController单元测试 reviewBill 应该在账单不存在时返回403错误","invocations":1,"location":null,"numPassingAsserts":0,"retryReasons":[],"status":"pending","title":"应该在账单不存在时返回403错误"},{"ancestorTitles":["BillController单元测试","confirmBillPayment"],"duration":null,"failureDetails":[],"failureMessages":[],"fullName":"BillController单元测试 confirmBillPayment 应该成功确认账单支付","invocations":1,"location":null,"numPassingAsserts":0,"retryReasons":[],"status":"pending","title":"应该成功确认账单支付"},{"ancestorTitles":["BillController单元测试","confirmBillPayment"],"duration":null,"failureDetails":[],"failureMessages":[],"fullName":"BillController单元测试 confirmBillPayment 应该在分摊ID不存在时返回403错误","invocations":1,"location":null,"numPassingAsserts":0,"retryReasons":[],"status":"pending","title":"应该在分摊ID不存在时返回403错误"}],"coverage":{},"endTime":1762159288876,"message":"","name":"C:\\Users\\MH\\Desktop\\记账系统\\Server-side\\tests\\unit\\bill-controller.test.js","startTime":1762159288876,"status":"skipped","summary":""},{"assertionResults":[{"ancestorTitles":["BillController 真实数据库集成测试"],"duration":1,"failureDetails":[],"failureMessages":[],"fullName":"BillController 真实数据库集成测试 should connect to real DB and run a simple query","invocations":1,"location":null,"numPassingAsserts":1,"retryReasons":[],"status":"passed","title":"should connect to real DB and run a simple query"},{"ancestorTitles":["BillController 真实数据库集成测试"],"duration":3,"failureDetails":[],"failureMessages":[],"fullName":"BillController 真实数据库集成测试 should not throw when calling getBills with empty data","invocations":1,"location":null,"numPassingAsserts":1,"retryReasons":[],"status":"passed","title":"should not throw when calling getBills with empty data"}],"endTime":1762159282172,"message":"","name":"C:\\Users\\MH\\Desktop\\记账系统\\Server-side\\tests\\integration\\bill-controller-real-db.test.js","startTime":1762159281855,"status":"passed","summary":""}],"wasInterrupted":false}
