{"numFailedTestSuites":19,"numFailedTests":241,"numPassedTestSuites":11,"numPassedTests":89,"numPendingTestSuites":1,"numPendingTests":10,"numRuntimeErrorTestSuites":2,"numTodoTests":0,"numTotalTestSuites":31,"numTotalTests":340,"openHandles":[],"snapshot":{"added":0,"didUpdate":false,"failure":false,"filesAdded":0,"filesRemoved":0,"filesRemovedList":[],"filesUnmatched":0,"filesUpdated":0,"matched":0,"total":0,"unchecked":0,"uncheckedKeysByFile":[],"unmatched":0,"updated":0},"startTime":1762160850945,"success":false,"testResults":[{"assertionResults":[{"ancestorTitles":["离线支付服务测试 - 真实数据库","createOfflinePayment"],"duration":513,"failureDetails":[{"name":"SequelizeValidationError","errors":[{"message":"users.password_hash cannot be null","type":"notNull Violation","path":"password_hash","value":null,"origin":"CORE","instance":{"dataValues":{"id":{"val":"gen_random_uuid()"},"username":"testuser","email":"test@example.com","name":"测试用户","updated_at":{},"created_at":{}},"_previousDataValues":{},"uniqno":1,"_changed":{},"_options":{"isNewRecord":true,"_schema":null,"_schemaDelimiter":""},"isNewRecord":true},"validatorKey":"is_null","validatorName":null,"validatorArgs":[]}]}],"failureMessages":["SequelizeValidationError: notNull Violation: users.password_hash cannot be null\n    at InstanceValidator._validate (C:\\Users\\MH\\Desktop\\记账系统\\Server-side\\node_modules\\sequelize\\src\\instance-validator.js:78:13)\n    at processTicksAndRejections (node:internal/process/task_queues:95:5)\n    at InstanceValidator._validateAndRunHooks (C:\\Users\\MH\\Desktop\\记账系统\\Server-side\\node_modules\\sequelize\\src\\instance-validator.js:111:7)\n    at InstanceValidator.validate (C:\\Users\\MH\\Desktop\\记账系统\\Server-side\\node_modules\\sequelize\\src\\instance-validator.js:93:12)\n    at model.save (C:\\Users\\MH\\Desktop\\记账系统\\Server-side\\node_modules\\sequelize\\src\\model.js:4077:7)\n    at Function.create (C:\\Users\\MH\\Desktop\\记账系统\\Server-side\\node_modules\\sequelize\\src\\model.js:2305:12)\n    at Object.<anonymous> (C:\\Users\\MH\\Desktop\\记账系统\\Server-side\\tests\\unit\\offline-payment-service-real-db.test.js:27:16)"],"fullName":"离线支付服务测试 - 真实数据库 createOfflinePayment 应该成功创建离线支付记录","invocations":1,"location":null,"numPassingAsserts":0,"retryReasons":[],"status":"failed","title":"应该成功创建离线支付记录"},{"ancestorTitles":["离线支付服务测试 - 真实数据库","createOfflinePayment"],"duration":411,"failureDetails":[{"name":"SequelizeValidationError","errors":[{"message":"users.password_hash cannot be null","type":"notNull Violation","path":"password_hash","value":null,"origin":"CORE","instance":{"dataValues":{"id":{"val":"gen_random_uuid()"},"username":"testuser","email":"test@example.com","name":"测试用户","updated_at":{},"created_at":{}},"_previousDataValues":{},"uniqno":1,"_changed":{},"_options":{"isNewRecord":true,"_schema":null,"_schemaDelimiter":""},"isNewRecord":true},"validatorKey":"is_null","validatorName":null,"validatorArgs":[]}]}],"failureMessages":["SequelizeValidationError: notNull Violation: users.password_hash cannot be null\n    at InstanceValidator._validate (C:\\Users\\MH\\Desktop\\记账系统\\Server-side\\node_modules\\sequelize\\src\\instance-validator.js:78:13)\n    at processTicksAndRejections (node:internal/process/task_queues:95:5)\n    at InstanceValidator._validateAndRunHooks (C:\\Users\\MH\\Desktop\\记账系统\\Server-side\\node_modules\\sequelize\\src\\instance-validator.js:111:7)\n    at InstanceValidator.validate (C:\\Users\\MH\\Desktop\\记账系统\\Server-side\\node_modules\\sequelize\\src\\instance-validator.js:93:12)\n    at model.save (C:\\Users\\MH\\Desktop\\记账系统\\Server-side\\node_modules\\sequelize\\src\\model.js:4077:7)\n    at Function.create (C:\\Users\\MH\\Desktop\\记账系统\\Server-side\\node_modules\\sequelize\\src\\model.js:2305:12)\n    at Object.<anonymous> (C:\\Users\\MH\\Desktop\\记账系统\\Server-side\\tests\\unit\\offline-payment-service-real-db.test.js:27:16)"],"fullName":"离线支付服务测试 - 真实数据库 createOfflinePayment 应该在缺少必要参数时抛出错误","invocations":1,"location":null,"numPassingAsserts":0,"retryReasons":[],"status":"failed","title":"应该在缺少必要参数时抛出错误"},{"ancestorTitles":["离线支付服务测试 - 真实数据库","createOfflinePayment"],"duration":392,"failureDetails":[{"name":"SequelizeValidationError","errors":[{"message":"users.password_hash cannot be null","type":"notNull Violation","path":"password_hash","value":null,"origin":"CORE","instance":{"dataValues":{"id":{"val":"gen_random_uuid()"},"username":"testuser","email":"test@example.com","name":"测试用户","updated_at":{},"created_at":{}},"_previousDataValues":{},"uniqno":1,"_changed":{},"_options":{"isNewRecord":true,"_schema":null,"_schemaDelimiter":""},"isNewRecord":true},"validatorKey":"is_null","validatorName":null,"validatorArgs":[]}]}],"failureMessages":["SequelizeValidationError: notNull Violation: users.password_hash cannot be null\n    at InstanceValidator._validate (C:\\Users\\MH\\Desktop\\记账系统\\Server-side\\node_modules\\sequelize\\src\\instance-validator.js:78:13)\n    at processTicksAndRejections (node:internal/process/task_queues:95:5)\n    at InstanceValidator._validateAndRunHooks (C:\\Users\\MH\\Desktop\\记账系统\\Server-side\\node_modules\\sequelize\\src\\instance-validator.js:111:7)\n    at InstanceValidator.validate (C:\\Users\\MH\\Desktop\\记账系统\\Server-side\\node_modules\\sequelize\\src\\instance-validator.js:93:12)\n    at model.save (C:\\Users\\MH\\Desktop\\记账系统\\Server-side\\node_modules\\sequelize\\src\\model.js:4077:7)\n    at Function.create (C:\\Users\\MH\\Desktop\\记账系统\\Server-side\\node_modules\\sequelize\\src\\model.js:2305:12)\n    at Object.<anonymous> (C:\\Users\\MH\\Desktop\\记账系统\\Server-side\\tests\\unit\\offline-payment-service-real-db.test.js:27:16)"],"fullName":"离线支付服务测试 - 真实数据库 createOfflinePayment 应该在账单不存在时抛出错误","invocations":1,"location":null,"numPassingAsserts":0,"retryReasons":[],"status":"failed","title":"应该在账单不存在时抛出错误"},{"ancestorTitles":["离线支付服务测试 - 真实数据库","createOfflinePayment"],"duration":407,"failureDetails":[{"name":"SequelizeValidationError","errors":[{"message":"users.password_hash cannot be null","type":"notNull Violation","path":"password_hash","value":null,"origin":"CORE","instance":{"dataValues":{"id":{"val":"gen_random_uuid()"},"username":"testuser","email":"test@example.com","name":"测试用户","updated_at":{},"created_at":{}},"_previousDataValues":{},"uniqno":1,"_changed":{},"_options":{"isNewRecord":true,"_schema":null,"_schemaDelimiter":""},"isNewRecord":true},"validatorKey":"is_null","validatorName":null,"validatorArgs":[]}]}],"failureMessages":["SequelizeValidationError: notNull Violation: users.password_hash cannot be null\n    at InstanceValidator._validate (C:\\Users\\MH\\Desktop\\记账系统\\Server-side\\node_modules\\sequelize\\src\\instance-validator.js:78:13)\n    at processTicksAndRejections (node:internal/process/task_queues:95:5)\n    at InstanceValidator._validateAndRunHooks (C:\\Users\\MH\\Desktop\\记账系统\\Server-side\\node_modules\\sequelize\\src\\instance-validator.js:111:7)\n    at InstanceValidator.validate (C:\\Users\\MH\\Desktop\\记账系统\\Server-side\\node_modules\\sequelize\\src\\instance-validator.js:93:12)\n    at model.save (C:\\Users\\MH\\Desktop\\记账系统\\Server-side\\node_modules\\sequelize\\src\\model.js:4077:7)\n    at Function.create (C:\\Users\\MH\\Desktop\\记账系统\\Server-side\\node_modules\\sequelize\\src\\model.js:2305:12)\n    at Object.<anonymous> (C:\\Users\\MH\\Desktop\\记账系统\\Server-side\\tests\\unit\\offline-payment-service-real-db.test.js:27:16)"],"fullName":"离线支付服务测试 - 真实数据库 createOfflinePayment 应该在用户不存在时抛出错误","invocations":1,"location":null,"numPassingAsserts":0,"retryReasons":[],"status":"failed","title":"应该在用户不存在时抛出错误"},{"ancestorTitles":["离线支付服务测试 - 真实数据库","syncOfflinePayment"],"duration":500,"failureDetails":[{"name":"SequelizeValidationError","errors":[{"message":"users.password_hash cannot be null","type":"notNull Violation","path":"password_hash","value":null,"origin":"CORE","instance":{"dataValues":{"id":{"val":"gen_random_uuid()"},"username":"testuser","email":"test@example.com","name":"测试用户","updated_at":{},"created_at":{}},"_previousDataValues":{},"uniqno":1,"_changed":{},"_options":{"isNewRecord":true,"_schema":null,"_schemaDelimiter":""},"isNewRecord":true},"validatorKey":"is_null","validatorName":null,"validatorArgs":[]}]}],"failureMessages":["SequelizeValidationError: notNull Violation: users.password_hash cannot be null\n    at InstanceValidator._validate (C:\\Users\\MH\\Desktop\\记账系统\\Server-side\\node_modules\\sequelize\\src\\instance-validator.js:78:13)\n    at processTicksAndRejections (node:internal/process/task_queues:95:5)\n    at InstanceValidator._validateAndRunHooks (C:\\Users\\MH\\Desktop\\记账系统\\Server-side\\node_modules\\sequelize\\src\\instance-validator.js:111:7)\n    at InstanceValidator.validate (C:\\Users\\MH\\Desktop\\记账系统\\Server-side\\node_modules\\sequelize\\src\\instance-validator.js:93:12)\n    at model.save (C:\\Users\\MH\\Desktop\\记账系统\\Server-side\\node_modules\\sequelize\\src\\model.js:4077:7)\n    at Function.create (C:\\Users\\MH\\Desktop\\记账系统\\Server-side\\node_modules\\sequelize\\src\\model.js:2305:12)\n    at Object.<anonymous> (C:\\Users\\MH\\Desktop\\记账系统\\Server-side\\tests\\unit\\offline-payment-service-real-db.test.js:27:16)"],"fullName":"离线支付服务测试 - 真实数据库 syncOfflinePayment 应该成功同步离线支付记录","invocations":1,"location":null,"numPassingAsserts":0,"retryReasons":[],"status":"failed","title":"应该成功同步离线支付记录"},{"ancestorTitles":["离线支付服务测试 - 真实数据库","syncOfflinePayment"],"duration":482,"failureDetails":[{"name":"SequelizeValidationError","errors":[{"message":"users.password_hash cannot be null","type":"notNull Violation","path":"password_hash","value":null,"origin":"CORE","instance":{"dataValues":{"id":{"val":"gen_random_uuid()"},"username":"testuser","email":"test@example.com","name":"测试用户","updated_at":{},"created_at":{}},"_previousDataValues":{},"uniqno":1,"_changed":{},"_options":{"isNewRecord":true,"_schema":null,"_schemaDelimiter":""},"isNewRecord":true},"validatorKey":"is_null","validatorName":null,"validatorArgs":[]}]}],"failureMessages":["SequelizeValidationError: notNull Violation: users.password_hash cannot be null\n    at InstanceValidator._validate (C:\\Users\\MH\\Desktop\\记账系统\\Server-side\\node_modules\\sequelize\\src\\instance-validator.js:78:13)\n    at processTicksAndRejections (node:internal/process/task_queues:95:5)\n    at InstanceValidator._validateAndRunHooks (C:\\Users\\MH\\Desktop\\记账系统\\Server-side\\node_modules\\sequelize\\src\\instance-validator.js:111:7)\n    at InstanceValidator.validate (C:\\Users\\MH\\Desktop\\记账系统\\Server-side\\node_modules\\sequelize\\src\\instance-validator.js:93:12)\n    at model.save (C:\\Users\\MH\\Desktop\\记账系统\\Server-side\\node_modules\\sequelize\\src\\model.js:4077:7)\n    at Function.create (C:\\Users\\MH\\Desktop\\记账系统\\Server-side\\node_modules\\sequelize\\src\\model.js:2305:12)\n    at Object.<anonymous> (C:\\Users\\MH\\Desktop\\记账系统\\Server-side\\tests\\unit\\offline-payment-service-real-db.test.js:27:16)"],"fullName":"离线支付服务测试 - 真实数据库 syncOfflinePayment 应该在支付记录不存在时抛出错误","invocations":1,"location":null,"numPassingAsserts":0,"retryReasons":[],"status":"failed","title":"应该在支付记录不存在时抛出错误"},{"ancestorTitles":["离线支付服务测试 - 真实数据库","syncOfflinePayment"],"duration":338,"failureDetails":[{"name":"SequelizeValidationError","errors":[{"message":"users.password_hash cannot be null","type":"notNull Violation","path":"password_hash","value":null,"origin":"CORE","instance":{"dataValues":{"id":{"val":"gen_random_uuid()"},"username":"testuser","email":"test@example.com","name":"测试用户","updated_at":{},"created_at":{}},"_previousDataValues":{},"uniqno":1,"_changed":{},"_options":{"isNewRecord":true,"_schema":null,"_schemaDelimiter":""},"isNewRecord":true},"validatorKey":"is_null","validatorName":null,"validatorArgs":[]}]}],"failureMessages":["SequelizeValidationError: notNull Violation: users.password_hash cannot be null\n    at InstanceValidator._validate (C:\\Users\\MH\\Desktop\\记账系统\\Server-side\\node_modules\\sequelize\\src\\instance-validator.js:78:13)\n    at processTicksAndRejections (node:internal/process/task_queues:95:5)\n    at InstanceValidator._validateAndRunHooks (C:\\Users\\MH\\Desktop\\记账系统\\Server-side\\node_modules\\sequelize\\src\\instance-validator.js:111:7)\n    at InstanceValidator.validate (C:\\Users\\MH\\Desktop\\记账系统\\Server-side\\node_modules\\sequelize\\src\\instance-validator.js:93:12)\n    at model.save (C:\\Users\\MH\\Desktop\\记账系统\\Server-side\\node_modules\\sequelize\\src\\model.js:4077:7)\n    at Function.create (C:\\Users\\MH\\Desktop\\记账系统\\Server-side\\node_modules\\sequelize\\src\\model.js:2305:12)\n    at Object.<anonymous> (C:\\Users\\MH\\Desktop\\记账系统\\Server-side\\tests\\unit\\offline-payment-service-real-db.test.js:27:16)"],"fullName":"离线支付服务测试 - 真实数据库 syncOfflinePayment 应该在支付记录状态不正确时抛出错误","invocations":1,"location":null,"numPassingAsserts":0,"retryReasons":[],"status":"failed","title":"应该在支付记录状态不正确时抛出错误"},{"ancestorTitles":["离线支付服务测试 - 真实数据库","getUserOfflinePayments"],"duration":334,"failureDetails":[{"name":"SequelizeValidationError","errors":[{"message":"users.password_hash cannot be null","type":"notNull Violation","path":"password_hash","value":null,"origin":"CORE","instance":{"dataValues":{"id":{"val":"gen_random_uuid()"},"username":"testuser","email":"test@example.com","name":"测试用户","updated_at":{},"created_at":{}},"_previousDataValues":{},"uniqno":1,"_changed":{},"_options":{"isNewRecord":true,"_schema":null,"_schemaDelimiter":""},"isNewRecord":true},"validatorKey":"is_null","validatorName":null,"validatorArgs":[]}]}],"failureMessages":["SequelizeValidationError: notNull Violation: users.password_hash cannot be null\n    at InstanceValidator._validate (C:\\Users\\MH\\Desktop\\记账系统\\Server-side\\node_modules\\sequelize\\src\\instance-validator.js:78:13)\n    at processTicksAndRejections (node:internal/process/task_queues:95:5)\n    at InstanceValidator._validateAndRunHooks (C:\\Users\\MH\\Desktop\\记账系统\\Server-side\\node_modules\\sequelize\\src\\instance-validator.js:111:7)\n    at InstanceValidator.validate (C:\\Users\\MH\\Desktop\\记账系统\\Server-side\\node_modules\\sequelize\\src\\instance-validator.js:93:12)\n    at model.save (C:\\Users\\MH\\Desktop\\记账系统\\Server-side\\node_modules\\sequelize\\src\\model.js:4077:7)\n    at Function.create (C:\\Users\\MH\\Desktop\\记账系统\\Server-side\\node_modules\\sequelize\\src\\model.js:2305:12)\n    at Object.<anonymous> (C:\\Users\\MH\\Desktop\\记账系统\\Server-side\\tests\\unit\\offline-payment-service-real-db.test.js:27:16)"],"fullName":"离线支付服务测试 - 真实数据库 getUserOfflinePayments 应该成功获取用户离线支付记录","invocations":1,"location":null,"numPassingAsserts":0,"retryReasons":[],"status":"failed","title":"应该成功获取用户离线支付记录"},{"ancestorTitles":["离线支付服务测试 - 真实数据库","getUserOfflinePayments"],"duration":331,"failureDetails":[{"name":"SequelizeValidationError","errors":[{"message":"users.password_hash cannot be null","type":"notNull Violation","path":"password_hash","value":null,"origin":"CORE","instance":{"dataValues":{"id":{"val":"gen_random_uuid()"},"username":"testuser","email":"test@example.com","name":"测试用户","updated_at":{},"created_at":{}},"_previousDataValues":{},"uniqno":1,"_changed":{},"_options":{"isNewRecord":true,"_schema":null,"_schemaDelimiter":""},"isNewRecord":true},"validatorKey":"is_null","validatorName":null,"validatorArgs":[]}]}],"failureMessages":["SequelizeValidationError: notNull Violation: users.password_hash cannot be null\n    at InstanceValidator._validate (C:\\Users\\MH\\Desktop\\记账系统\\Server-side\\node_modules\\sequelize\\src\\instance-validator.js:78:13)\n    at processTicksAndRejections (node:internal/process/task_queues:95:5)\n    at InstanceValidator._validateAndRunHooks (C:\\Users\\MH\\Desktop\\记账系统\\Server-side\\node_modules\\sequelize\\src\\instance-validator.js:111:7)\n    at InstanceValidator.validate (C:\\Users\\MH\\Desktop\\记账系统\\Server-side\\node_modules\\sequelize\\src\\instance-validator.js:93:12)\n    at model.save (C:\\Users\\MH\\Desktop\\记账系统\\Server-side\\node_modules\\sequelize\\src\\model.js:4077:7)\n    at Function.create (C:\\Users\\MH\\Desktop\\记账系统\\Server-side\\node_modules\\sequelize\\src\\model.js:2305:12)\n    at Object.<anonymous> (C:\\Users\\MH\\Desktop\\记账系统\\Server-side\\tests\\unit\\offline-payment-service-real-db.test.js:27:16)"],"fullName":"离线支付服务测试 - 真实数据库 getUserOfflinePayments 应该正确处理分页","invocations":1,"location":null,"numPassingAsserts":0,"retryReasons":[],"status":"failed","title":"应该正确处理分页"},{"ancestorTitles":["离线支付服务测试 - 真实数据库","getUserOfflinePayments"],"duration":338,"failureDetails":[{"name":"SequelizeValidationError","errors":[{"message":"users.password_hash cannot be null","type":"notNull Violation","path":"password_hash","value":null,"origin":"CORE","instance":{"dataValues":{"id":{"val":"gen_random_uuid()"},"username":"testuser","email":"test@example.com","name":"测试用户","updated_at":{},"created_at":{}},"_previousDataValues":{},"uniqno":1,"_changed":{},"_options":{"isNewRecord":true,"_schema":null,"_schemaDelimiter":""},"isNewRecord":true},"validatorKey":"is_null","validatorName":null,"validatorArgs":[]}]}],"failureMessages":["SequelizeValidationError: notNull Violation: users.password_hash cannot be null\n    at InstanceValidator._validate (C:\\Users\\MH\\Desktop\\记账系统\\Server-side\\node_modules\\sequelize\\src\\instance-validator.js:78:13)\n    at processTicksAndRejections (node:internal/process/task_queues:95:5)\n    at InstanceValidator._validateAndRunHooks (C:\\Users\\MH\\Desktop\\记账系统\\Server-side\\node_modules\\sequelize\\src\\instance-validator.js:111:7)\n    at InstanceValidator.validate (C:\\Users\\MH\\Desktop\\记账系统\\Server-side\\node_modules\\sequelize\\src\\instance-validator.js:93:12)\n    at model.save (C:\\Users\\MH\\Desktop\\记账系统\\Server-side\\node_modules\\sequelize\\src\\model.js:4077:7)\n    at Function.create (C:\\Users\\MH\\Desktop\\记账系统\\Server-side\\node_modules\\sequelize\\src\\model.js:2305:12)\n    at Object.<anonymous> (C:\\Users\\MH\\Desktop\\记账系统\\Server-side\\tests\\unit\\offline-payment-service-real-db.test.js:27:16)"],"fullName":"离线支付服务测试 - 真实数据库 getUserOfflinePayments 应该根据状态筛选支付记录","invocations":1,"location":null,"numPassingAsserts":0,"retryReasons":[],"status":"failed","title":"应该根据状态筛选支付记录"}],"endTime":1762160856498,"message":"  ● 离线支付服务测试 - 真实数据库 › createOfflinePayment › 应该成功创建离线支付记录\n\n    SequelizeValidationError: notNull Violation: users.password_hash cannot be null\n\n      25 |\n      26 |     // 创建测试用户\n    > 27 |     testUser = await models.User.create({\n         |                ^\n      28 |       username: 'testuser',\n      29 |       email: 'test@example.com',\n      30 |       password: 'password123',\n\n      at InstanceValidator._validate (node_modules/sequelize/src/instance-validator.js:78:13)\n      at InstanceValidator._validateAndRunHooks (node_modules/sequelize/src/instance-validator.js:111:7)\n      at InstanceValidator.validate (node_modules/sequelize/src/instance-validator.js:93:12)\n      at model.save (node_modules/sequelize/src/model.js:4077:7)\n      at Function.create (node_modules/sequelize/src/model.js:2305:12)\n      at Object.<anonymous> (tests/unit/offline-payment-service-real-db.test.js:27:16)\n\n  ● 离线支付服务测试 - 真实数据库 › createOfflinePayment › 应该在缺少必要参数时抛出错误\n\n    SequelizeValidationError: notNull Violation: users.password_hash cannot be null\n\n      25 |\n      26 |     // 创建测试用户\n    > 27 |     testUser = await models.User.create({\n         |                ^\n      28 |       username: 'testuser',\n      29 |       email: 'test@example.com',\n      30 |       password: 'password123',\n\n      at InstanceValidator._validate (node_modules/sequelize/src/instance-validator.js:78:13)\n      at InstanceValidator._validateAndRunHooks (node_modules/sequelize/src/instance-validator.js:111:7)\n      at InstanceValidator.validate (node_modules/sequelize/src/instance-validator.js:93:12)\n      at model.save (node_modules/sequelize/src/model.js:4077:7)\n      at Function.create (node_modules/sequelize/src/model.js:2305:12)\n      at Object.<anonymous> (tests/unit/offline-payment-service-real-db.test.js:27:16)\n\n  ● 离线支付服务测试 - 真实数据库 › createOfflinePayment › 应该在账单不存在时抛出错误\n\n    SequelizeValidationError: notNull Violation: users.password_hash cannot be null\n\n      25 |\n      26 |     // 创建测试用户\n    > 27 |     testUser = await models.User.create({\n         |                ^\n      28 |       username: 'testuser',\n      29 |       email: 'test@example.com',\n      30 |       password: 'password123',\n\n      at InstanceValidator._validate (node_modules/sequelize/src/instance-validator.js:78:13)\n      at InstanceValidator._validateAndRunHooks (node_modules/sequelize/src/instance-validator.js:111:7)\n      at InstanceValidator.validate (node_modules/sequelize/src/instance-validator.js:93:12)\n      at model.save (node_modules/sequelize/src/model.js:4077:7)\n      at Function.create (node_modules/sequelize/src/model.js:2305:12)\n      at Object.<anonymous> (tests/unit/offline-payment-service-real-db.test.js:27:16)\n\n  ● 离线支付服务测试 - 真实数据库 › createOfflinePayment › 应该在用户不存在时抛出错误\n\n    SequelizeValidationError: notNull Violation: users.password_hash cannot be null\n\n      25 |\n      26 |     // 创建测试用户\n    > 27 |     testUser = await models.User.create({\n         |                ^\n      28 |       username: 'testuser',\n      29 |       email: 'test@example.com',\n      30 |       password: 'password123',\n\n      at InstanceValidator._validate (node_modules/sequelize/src/instance-validator.js:78:13)\n      at InstanceValidator._validateAndRunHooks (node_modules/sequelize/src/instance-validator.js:111:7)\n      at InstanceValidator.validate (node_modules/sequelize/src/instance-validator.js:93:12)\n      at model.save (node_modules/sequelize/src/model.js:4077:7)\n      at Function.create (node_modules/sequelize/src/model.js:2305:12)\n      at Object.<anonymous> (tests/unit/offline-payment-service-real-db.test.js:27:16)\n\n  ● 离线支付服务测试 - 真实数据库 › syncOfflinePayment › 应该成功同步离线支付记录\n\n    SequelizeValidationError: notNull Violation: users.password_hash cannot be null\n\n      25 |\n      26 |     // 创建测试用户\n    > 27 |     testUser = await models.User.create({\n         |                ^\n      28 |       username: 'testuser',\n      29 |       email: 'test@example.com',\n      30 |       password: 'password123',\n\n      at InstanceValidator._validate (node_modules/sequelize/src/instance-validator.js:78:13)\n      at InstanceValidator._validateAndRunHooks (node_modules/sequelize/src/instance-validator.js:111:7)\n      at InstanceValidator.validate (node_modules/sequelize/src/instance-validator.js:93:12)\n      at model.save (node_modules/sequelize/src/model.js:4077:7)\n      at Function.create (node_modules/sequelize/src/model.js:2305:12)\n      at Object.<anonymous> (tests/unit/offline-payment-service-real-db.test.js:27:16)\n\n  ● 离线支付服务测试 - 真实数据库 › syncOfflinePayment › 应该在支付记录不存在时抛出错误\n\n    SequelizeValidationError: notNull Violation: users.password_hash cannot be null\n\n      25 |\n      26 |     // 创建测试用户\n    > 27 |     testUser = await models.User.create({\n         |                ^\n      28 |       username: 'testuser',\n      29 |       email: 'test@example.com',\n      30 |       password: 'password123',\n\n      at InstanceValidator._validate (node_modules/sequelize/src/instance-validator.js:78:13)\n      at InstanceValidator._validateAndRunHooks (node_modules/sequelize/src/instance-validator.js:111:7)\n      at InstanceValidator.validate (node_modules/sequelize/src/instance-validator.js:93:12)\n      at model.save (node_modules/sequelize/src/model.js:4077:7)\n      at Function.create (node_modules/sequelize/src/model.js:2305:12)\n      at Object.<anonymous> (tests/unit/offline-payment-service-real-db.test.js:27:16)\n\n  ● 离线支付服务测试 - 真实数据库 › syncOfflinePayment › 应该在支付记录状态不正确时抛出错误\n\n    SequelizeValidationError: notNull Violation: users.password_hash cannot be null\n\n      25 |\n      26 |     // 创建测试用户\n    > 27 |     testUser = await models.User.create({\n         |                ^\n      28 |       username: 'testuser',\n      29 |       email: 'test@example.com',\n      30 |       password: 'password123',\n\n      at InstanceValidator._validate (node_modules/sequelize/src/instance-validator.js:78:13)\n      at InstanceValidator._validateAndRunHooks (node_modules/sequelize/src/instance-validator.js:111:7)\n      at InstanceValidator.validate (node_modules/sequelize/src/instance-validator.js:93:12)\n      at model.save (node_modules/sequelize/src/model.js:4077:7)\n      at Function.create (node_modules/sequelize/src/model.js:2305:12)\n      at Object.<anonymous> (tests/unit/offline-payment-service-real-db.test.js:27:16)\n\n  ● 离线支付服务测试 - 真实数据库 › getUserOfflinePayments › 应该成功获取用户离线支付记录\n\n    SequelizeValidationError: notNull Violation: users.password_hash cannot be null\n\n      25 |\n      26 |     // 创建测试用户\n    > 27 |     testUser = await models.User.create({\n         |                ^\n      28 |       username: 'testuser',\n      29 |       email: 'test@example.com',\n      30 |       password: 'password123',\n\n      at InstanceValidator._validate (node_modules/sequelize/src/instance-validator.js:78:13)\n      at InstanceValidator._validateAndRunHooks (node_modules/sequelize/src/instance-validator.js:111:7)\n      at InstanceValidator.validate (node_modules/sequelize/src/instance-validator.js:93:12)\n      at model.save (node_modules/sequelize/src/model.js:4077:7)\n      at Function.create (node_modules/sequelize/src/model.js:2305:12)\n      at Object.<anonymous> (tests/unit/offline-payment-service-real-db.test.js:27:16)\n\n  ● 离线支付服务测试 - 真实数据库 › getUserOfflinePayments › 应该正确处理分页\n\n    SequelizeValidationError: notNull Violation: users.password_hash cannot be null\n\n      25 |\n      26 |     // 创建测试用户\n    > 27 |     testUser = await models.User.create({\n         |                ^\n      28 |       username: 'testuser',\n      29 |       email: 'test@example.com',\n      30 |       password: 'password123',\n\n      at InstanceValidator._validate (node_modules/sequelize/src/instance-validator.js:78:13)\n      at InstanceValidator._validateAndRunHooks (node_modules/sequelize/src/instance-validator.js:111:7)\n      at InstanceValidator.validate (node_modules/sequelize/src/instance-validator.js:93:12)\n      at model.save (node_modules/sequelize/src/model.js:4077:7)\n      at Function.create (node_modules/sequelize/src/model.js:2305:12)\n      at Object.<anonymous> (tests/unit/offline-payment-service-real-db.test.js:27:16)\n\n  ● 离线支付服务测试 - 真实数据库 › getUserOfflinePayments › 应该根据状态筛选支付记录\n\n    SequelizeValidationError: notNull Violation: users.password_hash cannot be null\n\n      25 |\n      26 |     // 创建测试用户\n    > 27 |     testUser = await models.User.create({\n         |                ^\n      28 |       username: 'testuser',\n      29 |       email: 'test@example.com',\n      30 |       password: 'password123',\n\n      at InstanceValidator._validate (node_modules/sequelize/src/instance-validator.js:78:13)\n      at InstanceValidator._validateAndRunHooks (node_modules/sequelize/src/instance-validator.js:111:7)\n      at InstanceValidator.validate (node_modules/sequelize/src/instance-validator.js:93:12)\n      at model.save (node_modules/sequelize/src/model.js:4077:7)\n      at Function.create (node_modules/sequelize/src/model.js:2305:12)\n      at Object.<anonymous> (tests/unit/offline-payment-service-real-db.test.js:27:16)\n","name":"C:\\Users\\MH\\Desktop\\记账系统\\Server-side\\tests\\unit\\offline-payment-service-real-db.test.js","startTime":1762160850989,"status":"failed","summary":""},{"assertionResults":[{"ancestorTitles":["支付流程优化控制器测试 - 真实数据库","createOfflinePayment"],"duration":430,"failureDetails":[{"name":"SequelizeValidationError","errors":[{"message":"users.password_hash cannot be null","type":"notNull Violation","path":"password_hash","value":null,"origin":"CORE","instance":{"dataValues":{"id":{"val":"gen_random_uuid()"},"username":"testuser","email":"test@example.com","name":"测试用户","updated_at":{},"created_at":{}},"_previousDataValues":{},"uniqno":1,"_changed":{},"_options":{"isNewRecord":true,"_schema":null,"_schemaDelimiter":""},"isNewRecord":true},"validatorKey":"is_null","validatorName":null,"validatorArgs":[]}]}],"failureMessages":["SequelizeValidationError: notNull Violation: users.password_hash cannot be null\n    at InstanceValidator._validate (C:\\Users\\MH\\Desktop\\记账系统\\Server-side\\node_modules\\sequelize\\src\\instance-validator.js:78:13)\n    at processTicksAndRejections (node:internal/process/task_queues:95:5)\n    at InstanceValidator._validateAndRunHooks (C:\\Users\\MH\\Desktop\\记账系统\\Server-side\\node_modules\\sequelize\\src\\instance-validator.js:111:7)\n    at InstanceValidator.validate (C:\\Users\\MH\\Desktop\\记账系统\\Server-side\\node_modules\\sequelize\\src\\instance-validator.js:93:12)\n    at model.save (C:\\Users\\MH\\Desktop\\记账系统\\Server-side\\node_modules\\sequelize\\src\\model.js:4077:7)\n    at Function.create (C:\\Users\\MH\\Desktop\\记账系统\\Server-side\\node_modules\\sequelize\\src\\model.js:2305:12)\n    at Object.<anonymous> (C:\\Users\\MH\\Desktop\\记账系统\\Server-side\\tests\\unit\\payment-optimization-controller-real-db.test.js:27:16)"],"fullName":"支付流程优化控制器测试 - 真实数据库 createOfflinePayment 应该成功创建离线支付","invocations":1,"location":null,"numPassingAsserts":0,"retryReasons":[],"status":"failed","title":"应该成功创建离线支付"},{"ancestorTitles":["支付流程优化控制器测试 - 真实数据库","createOfflinePayment"],"duration":351,"failureDetails":[{"name":"SequelizeValidationError","errors":[{"message":"users.password_hash cannot be null","type":"notNull Violation","path":"password_hash","value":null,"origin":"CORE","instance":{"dataValues":{"id":{"val":"gen_random_uuid()"},"username":"testuser","email":"test@example.com","name":"测试用户","updated_at":{},"created_at":{}},"_previousDataValues":{},"uniqno":1,"_changed":{},"_options":{"isNewRecord":true,"_schema":null,"_schemaDelimiter":""},"isNewRecord":true},"validatorKey":"is_null","validatorName":null,"validatorArgs":[]}]}],"failureMessages":["SequelizeValidationError: notNull Violation: users.password_hash cannot be null\n    at InstanceValidator._validate (C:\\Users\\MH\\Desktop\\记账系统\\Server-side\\node_modules\\sequelize\\src\\instance-validator.js:78:13)\n    at processTicksAndRejections (node:internal/process/task_queues:95:5)\n    at InstanceValidator._validateAndRunHooks (C:\\Users\\MH\\Desktop\\记账系统\\Server-side\\node_modules\\sequelize\\src\\instance-validator.js:111:7)\n    at InstanceValidator.validate (C:\\Users\\MH\\Desktop\\记账系统\\Server-side\\node_modules\\sequelize\\src\\instance-validator.js:93:12)\n    at model.save (C:\\Users\\MH\\Desktop\\记账系统\\Server-side\\node_modules\\sequelize\\src\\model.js:4077:7)\n    at Function.create (C:\\Users\\MH\\Desktop\\记账系统\\Server-side\\node_modules\\sequelize\\src\\model.js:2305:12)\n    at Object.<anonymous> (C:\\Users\\MH\\Desktop\\记账系统\\Server-side\\tests\\unit\\payment-optimization-controller-real-db.test.js:27:16)"],"fullName":"支付流程优化控制器测试 - 真实数据库 createOfflinePayment 应该在缺少必要参数时返回错误","invocations":1,"location":null,"numPassingAsserts":0,"retryReasons":[],"status":"failed","title":"应该在缺少必要参数时返回错误"},{"ancestorTitles":["支付流程优化控制器测试 - 真实数据库","createOfflinePayment"],"duration":317,"failureDetails":[{"name":"SequelizeValidationError","errors":[{"message":"users.password_hash cannot be null","type":"notNull Violation","path":"password_hash","value":null,"origin":"CORE","instance":{"dataValues":{"id":{"val":"gen_random_uuid()"},"username":"testuser","email":"test@example.com","name":"测试用户","updated_at":{},"created_at":{}},"_previousDataValues":{},"uniqno":1,"_changed":{},"_options":{"isNewRecord":true,"_schema":null,"_schemaDelimiter":""},"isNewRecord":true},"validatorKey":"is_null","validatorName":null,"validatorArgs":[]}]}],"failureMessages":["SequelizeValidationError: notNull Violation: users.password_hash cannot be null\n    at InstanceValidator._validate (C:\\Users\\MH\\Desktop\\记账系统\\Server-side\\node_modules\\sequelize\\src\\instance-validator.js:78:13)\n    at processTicksAndRejections (node:internal/process/task_queues:95:5)\n    at InstanceValidator._validateAndRunHooks (C:\\Users\\MH\\Desktop\\记账系统\\Server-side\\node_modules\\sequelize\\src\\instance-validator.js:111:7)\n    at InstanceValidator.validate (C:\\Users\\MH\\Desktop\\记账系统\\Server-side\\node_modules\\sequelize\\src\\instance-validator.js:93:12)\n    at model.save (C:\\Users\\MH\\Desktop\\记账系统\\Server-side\\node_modules\\sequelize\\src\\model.js:4077:7)\n    at Function.create (C:\\Users\\MH\\Desktop\\记账系统\\Server-side\\node_modules\\sequelize\\src\\model.js:2305:12)\n    at Object.<anonymous> (C:\\Users\\MH\\Desktop\\记账系统\\Server-side\\tests\\unit\\payment-optimization-controller-real-db.test.js:27:16)"],"fullName":"支付流程优化控制器测试 - 真实数据库 createOfflinePayment 应该在账单不存在时返回错误","invocations":1,"location":null,"numPassingAsserts":0,"retryReasons":[],"status":"failed","title":"应该在账单不存在时返回错误"},{"ancestorTitles":["支付流程优化控制器测试 - 真实数据库","syncOfflinePayment"],"duration":336,"failureDetails":[{"name":"SequelizeValidationError","errors":[{"message":"users.password_hash cannot be null","type":"notNull Violation","path":"password_hash","value":null,"origin":"CORE","instance":{"dataValues":{"id":{"val":"gen_random_uuid()"},"username":"testuser","email":"test@example.com","name":"测试用户","updated_at":{},"created_at":{}},"_previousDataValues":{},"uniqno":1,"_changed":{},"_options":{"isNewRecord":true,"_schema":null,"_schemaDelimiter":""},"isNewRecord":true},"validatorKey":"is_null","validatorName":null,"validatorArgs":[]}]}],"failureMessages":["SequelizeValidationError: notNull Violation: users.password_hash cannot be null\n    at InstanceValidator._validate (C:\\Users\\MH\\Desktop\\记账系统\\Server-side\\node_modules\\sequelize\\src\\instance-validator.js:78:13)\n    at processTicksAndRejections (node:internal/process/task_queues:95:5)\n    at InstanceValidator._validateAndRunHooks (C:\\Users\\MH\\Desktop\\记账系统\\Server-side\\node_modules\\sequelize\\src\\instance-validator.js:111:7)\n    at InstanceValidator.validate (C:\\Users\\MH\\Desktop\\记账系统\\Server-side\\node_modules\\sequelize\\src\\instance-validator.js:93:12)\n    at model.save (C:\\Users\\MH\\Desktop\\记账系统\\Server-side\\node_modules\\sequelize\\src\\model.js:4077:7)\n    at Function.create (C:\\Users\\MH\\Desktop\\记账系统\\Server-side\\node_modules\\sequelize\\src\\model.js:2305:12)\n    at Object.<anonymous> (C:\\Users\\MH\\Desktop\\记账系统\\Server-side\\tests\\unit\\payment-optimization-controller-real-db.test.js:27:16)"],"fullName":"支付流程优化控制器测试 - 真实数据库 syncOfflinePayment 应该成功同步离线支付","invocations":1,"location":null,"numPassingAsserts":0,"retryReasons":[],"status":"failed","title":"应该成功同步离线支付"},{"ancestorTitles":["支付流程优化控制器测试 - 真实数据库","syncOfflinePayment"],"duration":321,"failureDetails":[{"name":"SequelizeValidationError","errors":[{"message":"users.password_hash cannot be null","type":"notNull Violation","path":"password_hash","value":null,"origin":"CORE","instance":{"dataValues":{"id":{"val":"gen_random_uuid()"},"username":"testuser","email":"test@example.com","name":"测试用户","updated_at":{},"created_at":{}},"_previousDataValues":{},"uniqno":1,"_changed":{},"_options":{"isNewRecord":true,"_schema":null,"_schemaDelimiter":""},"isNewRecord":true},"validatorKey":"is_null","validatorName":null,"validatorArgs":[]}]}],"failureMessages":["SequelizeValidationError: notNull Violation: users.password_hash cannot be null\n    at InstanceValidator._validate (C:\\Users\\MH\\Desktop\\记账系统\\Server-side\\node_modules\\sequelize\\src\\instance-validator.js:78:13)\n    at processTicksAndRejections (node:internal/process/task_queues:95:5)\n    at InstanceValidator._validateAndRunHooks (C:\\Users\\MH\\Desktop\\记账系统\\Server-side\\node_modules\\sequelize\\src\\instance-validator.js:111:7)\n    at InstanceValidator.validate (C:\\Users\\MH\\Desktop\\记账系统\\Server-side\\node_modules\\sequelize\\src\\instance-validator.js:93:12)\n    at model.save (C:\\Users\\MH\\Desktop\\记账系统\\Server-side\\node_modules\\sequelize\\src\\model.js:4077:7)\n    at Function.create (C:\\Users\\MH\\Desktop\\记账系统\\Server-side\\node_modules\\sequelize\\src\\model.js:2305:12)\n    at Object.<anonymous> (C:\\Users\\MH\\Desktop\\记账系统\\Server-side\\tests\\unit\\payment-optimization-controller-real-db.test.js:27:16)"],"fullName":"支付流程优化控制器测试 - 真实数据库 syncOfflinePayment 应该在ID无效时返回错误","invocations":1,"location":null,"numPassingAsserts":0,"retryReasons":[],"status":"failed","title":"应该在ID无效时返回错误"},{"ancestorTitles":["支付流程优化控制器测试 - 真实数据库","syncOfflinePayment"],"duration":301,"failureDetails":[{"name":"SequelizeValidationError","errors":[{"message":"users.password_hash cannot be null","type":"notNull Violation","path":"password_hash","value":null,"origin":"CORE","instance":{"dataValues":{"id":{"val":"gen_random_uuid()"},"username":"testuser","email":"test@example.com","name":"测试用户","updated_at":{},"created_at":{}},"_previousDataValues":{},"uniqno":1,"_changed":{},"_options":{"isNewRecord":true,"_schema":null,"_schemaDelimiter":""},"isNewRecord":true},"validatorKey":"is_null","validatorName":null,"validatorArgs":[]}]}],"failureMessages":["SequelizeValidationError: notNull Violation: users.password_hash cannot be null\n    at InstanceValidator._validate (C:\\Users\\MH\\Desktop\\记账系统\\Server-side\\node_modules\\sequelize\\src\\instance-validator.js:78:13)\n    at processTicksAndRejections (node:internal/process/task_queues:95:5)\n    at InstanceValidator._validateAndRunHooks (C:\\Users\\MH\\Desktop\\记账系统\\Server-side\\node_modules\\sequelize\\src\\instance-validator.js:111:7)\n    at InstanceValidator.validate (C:\\Users\\MH\\Desktop\\记账系统\\Server-side\\node_modules\\sequelize\\src\\instance-validator.js:93:12)\n    at model.save (C:\\Users\\MH\\Desktop\\记账系统\\Server-side\\node_modules\\sequelize\\src\\model.js:4077:7)\n    at Function.create (C:\\Users\\MH\\Desktop\\记账系统\\Server-side\\node_modules\\sequelize\\src\\model.js:2305:12)\n    at Object.<anonymous> (C:\\Users\\MH\\Desktop\\记账系统\\Server-side\\tests\\unit\\payment-optimization-controller-real-db.test.js:27:16)"],"fullName":"支付流程优化控制器测试 - 真实数据库 syncOfflinePayment 应该在支付记录不存在时返回错误","invocations":1,"location":null,"numPassingAsserts":0,"retryReasons":[],"status":"failed","title":"应该在支付记录不存在时返回错误"},{"ancestorTitles":["支付流程优化控制器测试 - 真实数据库","getUserOfflinePayments"],"duration":346,"failureDetails":[{"name":"SequelizeValidationError","errors":[{"message":"users.password_hash cannot be null","type":"notNull Violation","path":"password_hash","value":null,"origin":"CORE","instance":{"dataValues":{"id":{"val":"gen_random_uuid()"},"username":"testuser","email":"test@example.com","name":"测试用户","updated_at":{},"created_at":{}},"_previousDataValues":{},"uniqno":1,"_changed":{},"_options":{"isNewRecord":true,"_schema":null,"_schemaDelimiter":""},"isNewRecord":true},"validatorKey":"is_null","validatorName":null,"validatorArgs":[]}]}],"failureMessages":["SequelizeValidationError: notNull Violation: users.password_hash cannot be null\n    at InstanceValidator._validate (C:\\Users\\MH\\Desktop\\记账系统\\Server-side\\node_modules\\sequelize\\src\\instance-validator.js:78:13)\n    at processTicksAndRejections (node:internal/process/task_queues:95:5)\n    at InstanceValidator._validateAndRunHooks (C:\\Users\\MH\\Desktop\\记账系统\\Server-side\\node_modules\\sequelize\\src\\instance-validator.js:111:7)\n    at InstanceValidator.validate (C:\\Users\\MH\\Desktop\\记账系统\\Server-side\\node_modules\\sequelize\\src\\instance-validator.js:93:12)\n    at model.save (C:\\Users\\MH\\Desktop\\记账系统\\Server-side\\node_modules\\sequelize\\src\\model.js:4077:7)\n    at Function.create (C:\\Users\\MH\\Desktop\\记账系统\\Server-side\\node_modules\\sequelize\\src\\model.js:2305:12)\n    at Object.<anonymous> (C:\\Users\\MH\\Desktop\\记账系统\\Server-side\\tests\\unit\\payment-optimization-controller-real-db.test.js:27:16)"],"fullName":"支付流程优化控制器测试 - 真实数据库 getUserOfflinePayments 应该成功获取用户离线支付记录","invocations":1,"location":null,"numPassingAsserts":0,"retryReasons":[],"status":"failed","title":"应该成功获取用户离线支付记录"},{"ancestorTitles":["支付流程优化控制器测试 - 真实数据库","getUserOfflinePayments"],"duration":295,"failureDetails":[{"name":"SequelizeValidationError","errors":[{"message":"users.password_hash cannot be null","type":"notNull Violation","path":"password_hash","value":null,"origin":"CORE","instance":{"dataValues":{"id":{"val":"gen_random_uuid()"},"username":"testuser","email":"test@example.com","name":"测试用户","updated_at":{},"created_at":{}},"_previousDataValues":{},"uniqno":1,"_changed":{},"_options":{"isNewRecord":true,"_schema":null,"_schemaDelimiter":""},"isNewRecord":true},"validatorKey":"is_null","validatorName":null,"validatorArgs":[]}]}],"failureMessages":["SequelizeValidationError: notNull Violation: users.password_hash cannot be null\n    at InstanceValidator._validate (C:\\Users\\MH\\Desktop\\记账系统\\Server-side\\node_modules\\sequelize\\src\\instance-validator.js:78:13)\n    at processTicksAndRejections (node:internal/process/task_queues:95:5)\n    at InstanceValidator._validateAndRunHooks (C:\\Users\\MH\\Desktop\\记账系统\\Server-side\\node_modules\\sequelize\\src\\instance-validator.js:111:7)\n    at InstanceValidator.validate (C:\\Users\\MH\\Desktop\\记账系统\\Server-side\\node_modules\\sequelize\\src\\instance-validator.js:93:12)\n    at model.save (C:\\Users\\MH\\Desktop\\记账系统\\Server-side\\node_modules\\sequelize\\src\\model.js:4077:7)\n    at Function.create (C:\\Users\\MH\\Desktop\\记账系统\\Server-side\\node_modules\\sequelize\\src\\model.js:2305:12)\n    at Object.<anonymous> (C:\\Users\\MH\\Desktop\\记账系统\\Server-side\\tests\\unit\\payment-optimization-controller-real-db.test.js:27:16)"],"fullName":"支付流程优化控制器测试 - 真实数据库 getUserOfflinePayments 应该正确处理分页","invocations":1,"location":null,"numPassingAsserts":0,"retryReasons":[],"status":"failed","title":"应该正确处理分页"},{"ancestorTitles":["支付流程优化控制器测试 - 真实数据库","getUserOfflinePayments"],"duration":291,"failureDetails":[{"name":"SequelizeValidationError","errors":[{"message":"users.password_hash cannot be null","type":"notNull Violation","path":"password_hash","value":null,"origin":"CORE","instance":{"dataValues":{"id":{"val":"gen_random_uuid()"},"username":"testuser","email":"test@example.com","name":"测试用户","updated_at":{},"created_at":{}},"_previousDataValues":{},"uniqno":1,"_changed":{},"_options":{"isNewRecord":true,"_schema":null,"_schemaDelimiter":""},"isNewRecord":true},"validatorKey":"is_null","validatorName":null,"validatorArgs":[]}]}],"failureMessages":["SequelizeValidationError: notNull Violation: users.password_hash cannot be null\n    at InstanceValidator._validate (C:\\Users\\MH\\Desktop\\记账系统\\Server-side\\node_modules\\sequelize\\src\\instance-validator.js:78:13)\n    at processTicksAndRejections (node:internal/process/task_queues:95:5)\n    at InstanceValidator._validateAndRunHooks (C:\\Users\\MH\\Desktop\\记账系统\\Server-side\\node_modules\\sequelize\\src\\instance-validator.js:111:7)\n    at InstanceValidator.validate (C:\\Users\\MH\\Desktop\\记账系统\\Server-side\\node_modules\\sequelize\\src\\instance-validator.js:93:12)\n    at model.save (C:\\Users\\MH\\Desktop\\记账系统\\Server-side\\node_modules\\sequelize\\src\\model.js:4077:7)\n    at Function.create (C:\\Users\\MH\\Desktop\\记账系统\\Server-side\\node_modules\\sequelize\\src\\model.js:2305:12)\n    at Object.<anonymous> (C:\\Users\\MH\\Desktop\\记账系统\\Server-side\\tests\\unit\\payment-optimization-controller-real-db.test.js:27:16)"],"fullName":"支付流程优化控制器测试 - 真实数据库 getUserOfflinePayments 应该根据状态筛选支付记录","invocations":1,"location":null,"numPassingAsserts":0,"retryReasons":[],"status":"failed","title":"应该根据状态筛选支付记录"}],"endTime":1762160860362,"message":"  ● 支付流程优化控制器测试 - 真实数据库 › createOfflinePayment › 应该成功创建离线支付\n\n    SequelizeValidationError: notNull Violation: users.password_hash cannot be null\n\n      25 |\n      26 |     // 创建测试用户\n    > 27 |     testUser = await models.User.create({\n         |                ^\n      28 |       username: 'testuser',\n      29 |       email: 'test@example.com',\n      30 |       password: 'password123',\n\n      at InstanceValidator._validate (node_modules/sequelize/src/instance-validator.js:78:13)\n      at InstanceValidator._validateAndRunHooks (node_modules/sequelize/src/instance-validator.js:111:7)\n      at InstanceValidator.validate (node_modules/sequelize/src/instance-validator.js:93:12)\n      at model.save (node_modules/sequelize/src/model.js:4077:7)\n      at Function.create (node_modules/sequelize/src/model.js:2305:12)\n      at Object.<anonymous> (tests/unit/payment-optimization-controller-real-db.test.js:27:16)\n\n  ● 支付流程优化控制器测试 - 真实数据库 › createOfflinePayment › 应该在缺少必要参数时返回错误\n\n    SequelizeValidationError: notNull Violation: users.password_hash cannot be null\n\n      25 |\n      26 |     // 创建测试用户\n    > 27 |     testUser = await models.User.create({\n         |                ^\n      28 |       username: 'testuser',\n      29 |       email: 'test@example.com',\n      30 |       password: 'password123',\n\n      at InstanceValidator._validate (node_modules/sequelize/src/instance-validator.js:78:13)\n      at InstanceValidator._validateAndRunHooks (node_modules/sequelize/src/instance-validator.js:111:7)\n      at InstanceValidator.validate (node_modules/sequelize/src/instance-validator.js:93:12)\n      at model.save (node_modules/sequelize/src/model.js:4077:7)\n      at Function.create (node_modules/sequelize/src/model.js:2305:12)\n      at Object.<anonymous> (tests/unit/payment-optimization-controller-real-db.test.js:27:16)\n\n  ● 支付流程优化控制器测试 - 真实数据库 › createOfflinePayment › 应该在账单不存在时返回错误\n\n    SequelizeValidationError: notNull Violation: users.password_hash cannot be null\n\n      25 |\n      26 |     // 创建测试用户\n    > 27 |     testUser = await models.User.create({\n         |                ^\n      28 |       username: 'testuser',\n      29 |       email: 'test@example.com',\n      30 |       password: 'password123',\n\n      at InstanceValidator._validate (node_modules/sequelize/src/instance-validator.js:78:13)\n      at InstanceValidator._validateAndRunHooks (node_modules/sequelize/src/instance-validator.js:111:7)\n      at InstanceValidator.validate (node_modules/sequelize/src/instance-validator.js:93:12)\n      at model.save (node_modules/sequelize/src/model.js:4077:7)\n      at Function.create (node_modules/sequelize/src/model.js:2305:12)\n      at Object.<anonymous> (tests/unit/payment-optimization-controller-real-db.test.js:27:16)\n\n  ● 支付流程优化控制器测试 - 真实数据库 › syncOfflinePayment › 应该成功同步离线支付\n\n    SequelizeValidationError: notNull Violation: users.password_hash cannot be null\n\n      25 |\n      26 |     // 创建测试用户\n    > 27 |     testUser = await models.User.create({\n         |                ^\n      28 |       username: 'testuser',\n      29 |       email: 'test@example.com',\n      30 |       password: 'password123',\n\n      at InstanceValidator._validate (node_modules/sequelize/src/instance-validator.js:78:13)\n      at InstanceValidator._validateAndRunHooks (node_modules/sequelize/src/instance-validator.js:111:7)\n      at InstanceValidator.validate (node_modules/sequelize/src/instance-validator.js:93:12)\n      at model.save (node_modules/sequelize/src/model.js:4077:7)\n      at Function.create (node_modules/sequelize/src/model.js:2305:12)\n      at Object.<anonymous> (tests/unit/payment-optimization-controller-real-db.test.js:27:16)\n\n  ● 支付流程优化控制器测试 - 真实数据库 › syncOfflinePayment › 应该在ID无效时返回错误\n\n    SequelizeValidationError: notNull Violation: users.password_hash cannot be null\n\n      25 |\n      26 |     // 创建测试用户\n    > 27 |     testUser = await models.User.create({\n         |                ^\n      28 |       username: 'testuser',\n      29 |       email: 'test@example.com',\n      30 |       password: 'password123',\n\n      at InstanceValidator._validate (node_modules/sequelize/src/instance-validator.js:78:13)\n      at InstanceValidator._validateAndRunHooks (node_modules/sequelize/src/instance-validator.js:111:7)\n      at InstanceValidator.validate (node_modules/sequelize/src/instance-validator.js:93:12)\n      at model.save (node_modules/sequelize/src/model.js:4077:7)\n      at Function.create (node_modules/sequelize/src/model.js:2305:12)\n      at Object.<anonymous> (tests/unit/payment-optimization-controller-real-db.test.js:27:16)\n\n  ● 支付流程优化控制器测试 - 真实数据库 › syncOfflinePayment › 应该在支付记录不存在时返回错误\n\n    SequelizeValidationError: notNull Violation: users.password_hash cannot be null\n\n      25 |\n      26 |     // 创建测试用户\n    > 27 |     testUser = await models.User.create({\n         |                ^\n      28 |       username: 'testuser',\n      29 |       email: 'test@example.com',\n      30 |       password: 'password123',\n\n      at InstanceValidator._validate (node_modules/sequelize/src/instance-validator.js:78:13)\n      at InstanceValidator._validateAndRunHooks (node_modules/sequelize/src/instance-validator.js:111:7)\n      at InstanceValidator.validate (node_modules/sequelize/src/instance-validator.js:93:12)\n      at model.save (node_modules/sequelize/src/model.js:4077:7)\n      at Function.create (node_modules/sequelize/src/model.js:2305:12)\n      at Object.<anonymous> (tests/unit/payment-optimization-controller-real-db.test.js:27:16)\n\n  ● 支付流程优化控制器测试 - 真实数据库 › getUserOfflinePayments › 应该成功获取用户离线支付记录\n\n    SequelizeValidationError: notNull Violation: users.password_hash cannot be null\n\n      25 |\n      26 |     // 创建测试用户\n    > 27 |     testUser = await models.User.create({\n         |                ^\n      28 |       username: 'testuser',\n      29 |       email: 'test@example.com',\n      30 |       password: 'password123',\n\n      at InstanceValidator._validate (node_modules/sequelize/src/instance-validator.js:78:13)\n      at InstanceValidator._validateAndRunHooks (node_modules/sequelize/src/instance-validator.js:111:7)\n      at InstanceValidator.validate (node_modules/sequelize/src/instance-validator.js:93:12)\n      at model.save (node_modules/sequelize/src/model.js:4077:7)\n      at Function.create (node_modules/sequelize/src/model.js:2305:12)\n      at Object.<anonymous> (tests/unit/payment-optimization-controller-real-db.test.js:27:16)\n\n  ● 支付流程优化控制器测试 - 真实数据库 › getUserOfflinePayments › 应该正确处理分页\n\n    SequelizeValidationError: notNull Violation: users.password_hash cannot be null\n\n      25 |\n      26 |     // 创建测试用户\n    > 27 |     testUser = await models.User.create({\n         |                ^\n      28 |       username: 'testuser',\n      29 |       email: 'test@example.com',\n      30 |       password: 'password123',\n\n      at InstanceValidator._validate (node_modules/sequelize/src/instance-validator.js:78:13)\n      at InstanceValidator._validateAndRunHooks (node_modules/sequelize/src/instance-validator.js:111:7)\n      at InstanceValidator.validate (node_modules/sequelize/src/instance-validator.js:93:12)\n      at model.save (node_modules/sequelize/src/model.js:4077:7)\n      at Function.create (node_modules/sequelize/src/model.js:2305:12)\n      at Object.<anonymous> (tests/unit/payment-optimization-controller-real-db.test.js:27:16)\n\n  ● 支付流程优化控制器测试 - 真实数据库 › getUserOfflinePayments › 应该根据状态筛选支付记录\n\n    SequelizeValidationError: notNull Violation: users.password_hash cannot be null\n\n      25 |\n      26 |     // 创建测试用户\n    > 27 |     testUser = await models.User.create({\n         |                ^\n      28 |       username: 'testuser',\n      29 |       email: 'test@example.com',\n      30 |       password: 'password123',\n\n      at InstanceValidator._validate (node_modules/sequelize/src/instance-validator.js:78:13)\n      at InstanceValidator._validateAndRunHooks (node_modules/sequelize/src/instance-validator.js:111:7)\n      at InstanceValidator.validate (node_modules/sequelize/src/instance-validator.js:93:12)\n      at model.save (node_modules/sequelize/src/model.js:4077:7)\n      at Function.create (node_modules/sequelize/src/model.js:2305:12)\n      at Object.<anonymous> (tests/unit/payment-optimization-controller-real-db.test.js:27:16)\n","name":"C:\\Users\\MH\\Desktop\\记账系统\\Server-side\\tests\\unit\\payment-optimization-controller-real-db.test.js","startTime":1762160856515,"status":"failed","summary":""},{"assertionResults":[{"ancestorTitles":["简单API集成测试","变量初始化测试"],"duration":2,"failureDetails":[{"matcherResult":{"message":"expect(received).toBeDefined()\n\nReceived: undefined","pass":false}}],"failureMessages":["Error: expect(received).toBeDefined()\n\nReceived: undefined\n    at Object.toBeDefined (C:\\Users\\MH\\Desktop\\记账系统\\Server-side\\tests\\integration\\simple.test.js:140:24)\n    at Promise.then.completed (C:\\Users\\MH\\Desktop\\记账系统\\Server-side\\node_modules\\jest-circus\\build\\utils.js:298:28)\n    at new Promise (<anonymous>)\n    at callAsyncCircusFn (C:\\Users\\MH\\Desktop\\记账系统\\Server-side\\node_modules\\jest-circus\\build\\utils.js:231:10)\n    at _callCircusTest (C:\\Users\\MH\\Desktop\\记账系统\\Server-side\\node_modules\\jest-circus\\build\\run.js:316:40)\n    at processTicksAndRejections (node:internal/process/task_queues:95:5)\n    at _runTest (C:\\Users\\MH\\Desktop\\记账系统\\Server-side\\node_modules\\jest-circus\\build\\run.js:252:3)\n    at _runTestsForDescribeBlock (C:\\Users\\MH\\Desktop\\记账系统\\Server-side\\node_modules\\jest-circus\\build\\run.js:126:9)\n    at _runTestsForDescribeBlock (C:\\Users\\MH\\Desktop\\记账系统\\Server-side\\node_modules\\jest-circus\\build\\run.js:121:9)\n    at _runTestsForDescribeBlock (C:\\Users\\MH\\Desktop\\记账系统\\Server-side\\node_modules\\jest-circus\\build\\run.js:121:9)\n    at run (C:\\Users\\MH\\Desktop\\记账系统\\Server-side\\node_modules\\jest-circus\\build\\run.js:71:3)\n    at runAndTransformResultsToJestFormat (C:\\Users\\MH\\Desktop\\记账系统\\Server-side\\node_modules\\jest-circus\\build\\legacy-code-todo-rewrite\\jestAdapterInit.js:122:21)\n    at jestAdapter (C:\\Users\\MH\\Desktop\\记账系统\\Server-side\\node_modules\\jest-circus\\build\\legacy-code-todo-rewrite\\jestAdapter.js:79:19)\n    at runTestInternal (C:\\Users\\MH\\Desktop\\记账系统\\Server-side\\node_modules\\jest-runner\\build\\runTest.js:367:16)\n    at runTest (C:\\Users\\MH\\Desktop\\记账系统\\Server-side\\node_modules\\jest-runner\\build\\runTest.js:444:34)"],"fullName":"简单API集成测试 变量初始化测试 应该正确初始化所有测试变量","invocations":1,"location":null,"numPassingAsserts":2,"retryReasons":[],"status":"failed","title":"应该正确初始化所有测试变量"},{"ancestorTitles":["简单API集成测试","GET /api/rooms/:id"],"duration":0,"failureDetails":[],"failureMessages":[],"fullName":"简单API集成测试 GET /api/rooms/:id 应该成功获取寝室详情","invocations":1,"location":null,"numPassingAsserts":0,"retryReasons":[],"status":"passed","title":"应该成功获取寝室详情"}],"endTime":1762160861535,"message":"  ● 简单API集成测试 › 变量初始化测试 › 应该正确初始化所有测试变量\n\n    expect(received).toBeDefined()\n\n    Received: undefined\n\n      138 |       expect(testUser).toBeDefined();\n      139 |       expect(testUser.id).toBeDefined();\n    > 140 |       expect(testRoom).toBeDefined();\n          |                        ^\n      141 |       expect(testRoom.id).toBeDefined();\n      142 |       expect(testRoomCode).toBeDefined();\n      143 |       expect(authToken).toBeDefined();\n\n      at Object.toBeDefined (tests/integration/simple.test.js:140:24)\n","name":"C:\\Users\\MH\\Desktop\\记账系统\\Server-side\\tests\\integration\\simple.test.js","startTime":1762160860374,"status":"failed","summary":""},{"assertionResults":[{"ancestorTitles":["RoomController单元测试","createRoom"],"duration":1,"failureDetails":[{}],"failureMessages":["TypeError: Cannot read properties of undefined (reading 'mockResolvedValueOnce')\n    at Object.mockResolvedValueOnce (C:\\Users\\MH\\Desktop\\记账系统\\Server-side\\tests\\unit\\room-controller.test.js:86:10)\n    at Promise.then.completed (C:\\Users\\MH\\Desktop\\记账系统\\Server-side\\node_modules\\jest-circus\\build\\utils.js:298:28)\n    at new Promise (<anonymous>)\n    at callAsyncCircusFn (C:\\Users\\MH\\Desktop\\记账系统\\Server-side\\node_modules\\jest-circus\\build\\utils.js:231:10)\n    at _callCircusTest (C:\\Users\\MH\\Desktop\\记账系统\\Server-side\\node_modules\\jest-circus\\build\\run.js:316:40)\n    at processTicksAndRejections (node:internal/process/task_queues:95:5)\n    at _runTest (C:\\Users\\MH\\Desktop\\记账系统\\Server-side\\node_modules\\jest-circus\\build\\run.js:252:3)\n    at _runTestsForDescribeBlock (C:\\Users\\MH\\Desktop\\记账系统\\Server-side\\node_modules\\jest-circus\\build\\run.js:126:9)\n    at _runTestsForDescribeBlock (C:\\Users\\MH\\Desktop\\记账系统\\Server-side\\node_modules\\jest-circus\\build\\run.js:121:9)\n    at _runTestsForDescribeBlock (C:\\Users\\MH\\Desktop\\记账系统\\Server-side\\node_modules\\jest-circus\\build\\run.js:121:9)\n    at run (C:\\Users\\MH\\Desktop\\记账系统\\Server-side\\node_modules\\jest-circus\\build\\run.js:71:3)\n    at runAndTransformResultsToJestFormat (C:\\Users\\MH\\Desktop\\记账系统\\Server-side\\node_modules\\jest-circus\\build\\legacy-code-todo-rewrite\\jestAdapterInit.js:122:21)\n    at jestAdapter (C:\\Users\\MH\\Desktop\\记账系统\\Server-side\\node_modules\\jest-circus\\build\\legacy-code-todo-rewrite\\jestAdapter.js:79:19)\n    at runTestInternal (C:\\Users\\MH\\Desktop\\记账系统\\Server-side\\node_modules\\jest-runner\\build\\runTest.js:367:16)\n    at runTest (C:\\Users\\MH\\Desktop\\记账系统\\Server-side\\node_modules\\jest-runner\\build\\runTest.js:444:34)"],"fullName":"RoomController单元测试 createRoom 应该成功创建寝室","invocations":1,"location":null,"numPassingAsserts":0,"retryReasons":[],"status":"failed","title":"应该成功创建寝室"},{"ancestorTitles":["RoomController单元测试","createRoom"],"duration":2,"failureDetails":[{"matcherResult":{"message":"expect(jest.fn()).not.toHaveBeenCalled()\n\nExpected number of calls: 0\nReceived number of calls: 1\n\n1: called with 0 arguments","pass":true}}],"failureMessages":["Error: expect(jest.fn()).not.toHaveBeenCalled()\n\nExpected number of calls: 0\nReceived number of calls: 1\n\n1: called with 0 arguments\n    at Object.toHaveBeenCalled (C:\\Users\\MH\\Desktop\\记账系统\\Server-side\\tests\\unit\\room-controller.test.js:150:36)\n    at processTicksAndRejections (node:internal/process/task_queues:95:5)"],"fullName":"RoomController单元测试 createRoom 应该在缺少必填字段时返回400错误","invocations":1,"location":null,"numPassingAsserts":2,"retryReasons":[],"status":"failed","title":"应该在缺少必填字段时返回400错误"},{"ancestorTitles":["RoomController单元测试","createRoom"],"duration":0,"failureDetails":[{}],"failureMessages":["TypeError: Cannot read properties of undefined (reading 'mockResolvedValueOnce')\n    at Object.mockResolvedValueOnce (C:\\Users\\MH\\Desktop\\记账系统\\Server-side\\tests\\unit\\room-controller.test.js:162:10)\n    at Promise.then.completed (C:\\Users\\MH\\Desktop\\记账系统\\Server-side\\node_modules\\jest-circus\\build\\utils.js:298:28)\n    at new Promise (<anonymous>)\n    at callAsyncCircusFn (C:\\Users\\MH\\Desktop\\记账系统\\Server-side\\node_modules\\jest-circus\\build\\utils.js:231:10)\n    at _callCircusTest (C:\\Users\\MH\\Desktop\\记账系统\\Server-side\\node_modules\\jest-circus\\build\\run.js:316:40)\n    at processTicksAndRejections (node:internal/process/task_queues:95:5)\n    at _runTest (C:\\Users\\MH\\Desktop\\记账系统\\Server-side\\node_modules\\jest-circus\\build\\run.js:252:3)\n    at _runTestsForDescribeBlock (C:\\Users\\MH\\Desktop\\记账系统\\Server-side\\node_modules\\jest-circus\\build\\run.js:126:9)\n    at _runTestsForDescribeBlock (C:\\Users\\MH\\Desktop\\记账系统\\Server-side\\node_modules\\jest-circus\\build\\run.js:121:9)\n    at _runTestsForDescribeBlock (C:\\Users\\MH\\Desktop\\记账系统\\Server-side\\node_modules\\jest-circus\\build\\run.js:121:9)\n    at run (C:\\Users\\MH\\Desktop\\记账系统\\Server-side\\node_modules\\jest-circus\\build\\run.js:71:3)\n    at runAndTransformResultsToJestFormat (C:\\Users\\MH\\Desktop\\记账系统\\Server-side\\node_modules\\jest-circus\\build\\legacy-code-todo-rewrite\\jestAdapterInit.js:122:21)\n    at jestAdapter (C:\\Users\\MH\\Desktop\\记账系统\\Server-side\\node_modules\\jest-circus\\build\\legacy-code-todo-rewrite\\jestAdapter.js:79:19)\n    at runTestInternal (C:\\Users\\MH\\Desktop\\记账系统\\Server-side\\node_modules\\jest-runner\\build\\runTest.js:367:16)\n    at runTest (C:\\Users\\MH\\Desktop\\记账系统\\Server-side\\node_modules\\jest-runner\\build\\runTest.js:444:34)"],"fullName":"RoomController单元测试 createRoom 应该在数据库错误时回滚事务并返回500错误","invocations":1,"location":null,"numPassingAsserts":0,"retryReasons":[],"status":"failed","title":"应该在数据库错误时回滚事务并返回500错误"},{"ancestorTitles":["RoomController单元测试","getRooms"],"duration":6,"failureDetails":[{"matcherResult":{"message":"expect(jest.fn()).toHaveBeenCalledWith(...expected)\n\nExpected: ObjectContaining {\"data\": ObjectContaining {\"pagination\": ObjectContaining {\"limit\": 10, \"page\": 1, \"total\": 2, \"totalPages\": 1}, \"rooms\": ArrayContaining [ObjectContaining {\"id\": 1, \"name\": \"测试寝室1\"}]}, \"message\": \"获取寝室列表成功\", \"success\": true}\nReceived: {\"data\": {\"pagination\": {\"limit\": 10, \"page\": 1, \"total\": 0, \"totalPages\": 0}, \"rooms\": []}, \"message\": \"获取寝室列表成功\", \"success\": true}\n\nNumber of calls: 1","pass":false}}],"failureMessages":["Error: expect(jest.fn()).toHaveBeenCalledWith(...expected)\n\nExpected: ObjectContaining {\"data\": ObjectContaining {\"pagination\": ObjectContaining {\"limit\": 10, \"page\": 1, \"total\": 2, \"totalPages\": 1}, \"rooms\": ArrayContaining [ObjectContaining {\"id\": 1, \"name\": \"测试寝室1\"}]}, \"message\": \"获取寝室列表成功\", \"success\": true}\nReceived: {\"data\": {\"pagination\": {\"limit\": 10, \"page\": 1, \"total\": 0, \"totalPages\": 0}, \"rooms\": []}, \"message\": \"获取寝室列表成功\", \"success\": true}\n\nNumber of calls: 1\n    at Object.toHaveBeenCalledWith (C:\\Users\\MH\\Desktop\\记账系统\\Server-side\\tests\\unit\\room-controller.test.js:231:28)\n    at processTicksAndRejections (node:internal/process/task_queues:95:5)"],"fullName":"RoomController单元测试 getRooms 应该成功获取寝室列表","invocations":1,"location":null,"numPassingAsserts":1,"retryReasons":[],"status":"failed","title":"应该成功获取寝室列表"},{"ancestorTitles":["RoomController单元测试","getRooms"],"duration":1,"failureDetails":[{"matcherResult":{"message":"expect(jest.fn()).toHaveBeenCalledTimes(expected)\n\nExpected number of calls: 2\nReceived number of calls: 0","pass":false}}],"failureMessages":["Error: expect(jest.fn()).toHaveBeenCalledTimes(expected)\n\nExpected number of calls: 2\nReceived number of calls: 0\n    at Object.toHaveBeenCalledTimes (C:\\Users\\MH\\Desktop\\记账系统\\Server-side\\tests\\unit\\room-controller.test.js:273:30)\n    at processTicksAndRejections (node:internal/process/task_queues:95:5)"],"fullName":"RoomController单元测试 getRooms 应该支持按状态筛选寝室","invocations":1,"location":null,"numPassingAsserts":0,"retryReasons":[],"status":"failed","title":"应该支持按状态筛选寝室"},{"ancestorTitles":["RoomController单元测试","getRoomById"],"duration":1,"failureDetails":[{"matcherResult":{"message":"expect(jest.fn()).toHaveBeenCalledWith(...expected)\n\nExpected: 200\nReceived: 500\n\nNumber of calls: 1","pass":false}}],"failureMessages":["Error: expect(jest.fn()).toHaveBeenCalledWith(...expected)\n\nExpected: 200\nReceived: 500\n\nNumber of calls: 1\n    at Object.toHaveBeenCalledWith (C:\\Users\\MH\\Desktop\\记账系统\\Server-side\\tests\\unit\\room-controller.test.js:305:30)\n    at processTicksAndRejections (node:internal/process/task_queues:95:5)"],"fullName":"RoomController单元测试 getRoomById 应该成功获取寝室详情","invocations":1,"location":null,"numPassingAsserts":0,"retryReasons":[],"status":"failed","title":"应该成功获取寝室详情"},{"ancestorTitles":["RoomController单元测试","getRoomById"],"duration":189,"failureDetails":[{"matcherResult":{"message":"expect(jest.fn()).toHaveBeenCalledWith(...expected)\n\nExpected: 404\nReceived: 500\n\nNumber of calls: 1","pass":false}}],"failureMessages":["Error: expect(jest.fn()).toHaveBeenCalledWith(...expected)\n\nExpected: 404\nReceived: 500\n\nNumber of calls: 1\n    at Object.toHaveBeenCalledWith (C:\\Users\\MH\\Desktop\\记账系统\\Server-side\\tests\\unit\\room-controller.test.js:329:30)\n    at processTicksAndRejections (node:internal/process/task_queues:95:5)"],"fullName":"RoomController单元测试 getRoomById 应该在寝室不存在时返回404错误","invocations":1,"location":null,"numPassingAsserts":0,"retryReasons":[],"status":"failed","title":"应该在寝室不存在时返回404错误"},{"ancestorTitles":["RoomController单元测试","updateRoom"],"duration":75,"failureDetails":[{"matcherResult":{"message":"expect(jest.fn()).toHaveBeenCalledWith(...expected)\n\nExpected: 200\nReceived: 500\n\nNumber of calls: 1","pass":false}}],"failureMessages":["Error: expect(jest.fn()).toHaveBeenCalledWith(...expected)\n\nExpected: 200\nReceived: 500\n\nNumber of calls: 1\n    at Object.toHaveBeenCalledWith (C:\\Users\\MH\\Desktop\\记账系统\\Server-side\\tests\\unit\\room-controller.test.js:358:30)\n    at processTicksAndRejections (node:internal/process/task_queues:95:5)"],"fullName":"RoomController单元测试 updateRoom 应该成功更新寝室信息","invocations":1,"location":null,"numPassingAsserts":0,"retryReasons":[],"status":"failed","title":"应该成功更新寝室信息"},{"ancestorTitles":["RoomController单元测试","updateRoom"],"duration":96,"failureDetails":[{"matcherResult":{"message":"expect(jest.fn()).toHaveBeenCalledWith(...expected)\n\nExpected: 404\nReceived: 500\n\nNumber of calls: 1","pass":false}}],"failureMessages":["Error: expect(jest.fn()).toHaveBeenCalledWith(...expected)\n\nExpected: 404\nReceived: 500\n\nNumber of calls: 1\n    at Object.toHaveBeenCalledWith (C:\\Users\\MH\\Desktop\\记账系统\\Server-side\\tests\\unit\\room-controller.test.js:383:30)\n    at processTicksAndRejections (node:internal/process/task_queues:95:5)"],"fullName":"RoomController单元测试 updateRoom 应该在寝室不存在时返回404错误","invocations":1,"location":null,"numPassingAsserts":0,"retryReasons":[],"status":"failed","title":"应该在寝室不存在时返回404错误"},{"ancestorTitles":["RoomController单元测试","updateRoom"],"duration":73,"failureDetails":[{"matcherResult":{"message":"expect(jest.fn()).toHaveBeenCalledWith(...expected)\n\nExpected: 403\nReceived: 500\n\nNumber of calls: 1","pass":false}}],"failureMessages":["Error: expect(jest.fn()).toHaveBeenCalledWith(...expected)\n\nExpected: 403\nReceived: 500\n\nNumber of calls: 1\n    at Object.toHaveBeenCalledWith (C:\\Users\\MH\\Desktop\\记账系统\\Server-side\\tests\\unit\\room-controller.test.js:405:30)\n    at processTicksAndRejections (node:internal/process/task_queues:95:5)"],"fullName":"RoomController单元测试 updateRoom 应该在用户不是寝室创建者时返回403错误","invocations":1,"location":null,"numPassingAsserts":0,"retryReasons":[],"status":"failed","title":"应该在用户不是寝室创建者时返回403错误"},{"ancestorTitles":["RoomController单元测试","joinRoom"],"duration":97,"failureDetails":[{"matcherResult":{"message":"expect(jest.fn()).toHaveBeenCalledWith(...expected)\n\nExpected: 200\nReceived: 404\n\nNumber of calls: 1","pass":false}}],"failureMessages":["Error: expect(jest.fn()).toHaveBeenCalledWith(...expected)\n\nExpected: 200\nReceived: 404\n\nNumber of calls: 1\n    at Object.toHaveBeenCalledWith (C:\\Users\\MH\\Desktop\\记账系统\\Server-side\\tests\\unit\\room-controller.test.js:432:30)\n    at processTicksAndRejections (node:internal/process/task_queues:95:5)"],"fullName":"RoomController单元测试 joinRoom 应该成功通过邀请码加入寝室","invocations":1,"location":null,"numPassingAsserts":0,"retryReasons":[],"status":"failed","title":"应该成功通过邀请码加入寝室"},{"ancestorTitles":["RoomController单元测试","joinRoom"],"duration":1,"failureDetails":[],"failureMessages":[],"fullName":"RoomController单元测试 joinRoom 应该在邀请码无效时返回404错误","invocations":1,"location":null,"numPassingAsserts":2,"retryReasons":[],"status":"passed","title":"应该在邀请码无效时返回404错误"},{"ancestorTitles":["RoomController单元测试","joinRoom"],"duration":1,"failureDetails":[{"matcherResult":{"message":"expect(jest.fn()).toHaveBeenCalledWith(...expected)\n\nExpected: 409\nReceived: 404\n\nNumber of calls: 1","pass":false}}],"failureMessages":["Error: expect(jest.fn()).toHaveBeenCalledWith(...expected)\n\nExpected: 409\nReceived: 404\n\nNumber of calls: 1\n    at Object.toHaveBeenCalledWith (C:\\Users\\MH\\Desktop\\记账系统\\Server-side\\tests\\unit\\room-controller.test.js:475:30)\n    at processTicksAndRejections (node:internal/process/task_queues:95:5)"],"fullName":"RoomController单元测试 joinRoom 应该在用户已加入寝室时返回409错误","invocations":1,"location":null,"numPassingAsserts":0,"retryReasons":[],"status":"failed","title":"应该在用户已加入寝室时返回409错误"},{"ancestorTitles":["RoomController单元测试","joinRoom"],"duration":1,"failureDetails":[{"matcherResult":{"message":"expect(jest.fn()).toHaveBeenCalledWith(...expected)\n\nExpected: 409\nReceived: 404\n\nNumber of calls: 1","pass":false}}],"failureMessages":["Error: expect(jest.fn()).toHaveBeenCalledWith(...expected)\n\nExpected: 409\nReceived: 404\n\nNumber of calls: 1\n    at Object.toHaveBeenCalledWith (C:\\Users\\MH\\Desktop\\记账系统\\Server-side\\tests\\unit\\room-controller.test.js:499:30)\n    at processTicksAndRejections (node:internal/process/task_queues:95:5)"],"fullName":"RoomController单元测试 joinRoom 应该在寝室成员已满时返回409错误","invocations":1,"location":null,"numPassingAsserts":0,"retryReasons":[],"status":"failed","title":"应该在寝室成员已满时返回409错误"},{"ancestorTitles":["RoomController单元测试","leaveRoom"],"duration":1,"failureDetails":[{"matcherResult":{"message":"expect(jest.fn()).toHaveBeenCalledWith(...expected)\n\nExpected: 200\nReceived: 500\n\nNumber of calls: 1","pass":false}}],"failureMessages":["Error: expect(jest.fn()).toHaveBeenCalledWith(...expected)\n\nExpected: 200\nReceived: 500\n\nNumber of calls: 1\n    at Object.toHaveBeenCalledWith (C:\\Users\\MH\\Desktop\\记账系统\\Server-side\\tests\\unit\\room-controller.test.js:525:30)\n    at processTicksAndRejections (node:internal/process/task_queues:95:5)"],"fullName":"RoomController单元测试 leaveRoom 应该成功退出寝室","invocations":1,"location":null,"numPassingAsserts":0,"retryReasons":[],"status":"failed","title":"应该成功退出寝室"},{"ancestorTitles":["RoomController单元测试","leaveRoom"],"duration":72,"failureDetails":[{"matcherResult":{"message":"expect(jest.fn()).toHaveBeenCalledWith(...expected)\n\nExpected: 404\nReceived: 500\n\nNumber of calls: 1","pass":false}}],"failureMessages":["Error: expect(jest.fn()).toHaveBeenCalledWith(...expected)\n\nExpected: 404\nReceived: 500\n\nNumber of calls: 1\n    at Object.toHaveBeenCalledWith (C:\\Users\\MH\\Desktop\\记账系统\\Server-side\\tests\\unit\\room-controller.test.js:545:30)\n    at processTicksAndRejections (node:internal/process/task_queues:95:5)"],"fullName":"RoomController单元测试 leaveRoom 应该在寝室不存在时返回404错误","invocations":1,"location":null,"numPassingAsserts":0,"retryReasons":[],"status":"failed","title":"应该在寝室不存在时返回404错误"},{"ancestorTitles":["RoomController单元测试","leaveRoom"],"duration":75,"failureDetails":[{"matcherResult":{"message":"expect(jest.fn()).toHaveBeenCalledWith(...expected)\n\nExpected: 400\nReceived: 500\n\nNumber of calls: 1","pass":false}}],"failureMessages":["Error: expect(jest.fn()).toHaveBeenCalledWith(...expected)\n\nExpected: 400\nReceived: 500\n\nNumber of calls: 1\n    at Object.toHaveBeenCalledWith (C:\\Users\\MH\\Desktop\\记账系统\\Server-side\\tests\\unit\\room-controller.test.js:568:30)\n    at processTicksAndRejections (node:internal/process/task_queues:95:5)"],"fullName":"RoomController单元测试 leaveRoom 应该在用户不是寝室成员时返回400错误","invocations":1,"location":null,"numPassingAsserts":0,"retryReasons":[],"status":"failed","title":"应该在用户不是寝室成员时返回400错误"},{"ancestorTitles":["RoomController单元测试","leaveRoom"],"duration":110,"failureDetails":[{"matcherResult":{"message":"expect(jest.fn()).toHaveBeenCalledWith(...expected)\n\nExpected: 400\nReceived: 500\n\nNumber of calls: 1","pass":false}}],"failureMessages":["Error: expect(jest.fn()).toHaveBeenCalledWith(...expected)\n\nExpected: 400\nReceived: 500\n\nNumber of calls: 1\n    at Object.toHaveBeenCalledWith (C:\\Users\\MH\\Desktop\\记账系统\\Server-side\\tests\\unit\\room-controller.test.js:591:30)\n    at processTicksAndRejections (node:internal/process/task_queues:95:5)"],"fullName":"RoomController单元测试 leaveRoom 应该在用户是寝室创建者时返回400错误","invocations":1,"location":null,"numPassingAsserts":0,"retryReasons":[],"status":"failed","title":"应该在用户是寝室创建者时返回400错误"},{"ancestorTitles":["RoomController单元测试","getRoomMembers"],"duration":1,"failureDetails":[{}],"failureMessages":["TypeError: roomController.getRoomMembers is not a function\n    at Object.getRoomMembers (C:\\Users\\MH\\Desktop\\记账系统\\Server-side\\tests\\unit\\room-controller.test.js:633:28)\n    at Promise.then.completed (C:\\Users\\MH\\Desktop\\记账系统\\Server-side\\node_modules\\jest-circus\\build\\utils.js:298:28)\n    at new Promise (<anonymous>)\n    at callAsyncCircusFn (C:\\Users\\MH\\Desktop\\记账系统\\Server-side\\node_modules\\jest-circus\\build\\utils.js:231:10)\n    at _callCircusTest (C:\\Users\\MH\\Desktop\\记账系统\\Server-side\\node_modules\\jest-circus\\build\\run.js:316:40)\n    at processTicksAndRejections (node:internal/process/task_queues:95:5)\n    at _runTest (C:\\Users\\MH\\Desktop\\记账系统\\Server-side\\node_modules\\jest-circus\\build\\run.js:252:3)\n    at _runTestsForDescribeBlock (C:\\Users\\MH\\Desktop\\记账系统\\Server-side\\node_modules\\jest-circus\\build\\run.js:126:9)\n    at _runTestsForDescribeBlock (C:\\Users\\MH\\Desktop\\记账系统\\Server-side\\node_modules\\jest-circus\\build\\run.js:121:9)\n    at _runTestsForDescribeBlock (C:\\Users\\MH\\Desktop\\记账系统\\Server-side\\node_modules\\jest-circus\\build\\run.js:121:9)\n    at run (C:\\Users\\MH\\Desktop\\记账系统\\Server-side\\node_modules\\jest-circus\\build\\run.js:71:3)\n    at runAndTransformResultsToJestFormat (C:\\Users\\MH\\Desktop\\记账系统\\Server-side\\node_modules\\jest-circus\\build\\legacy-code-todo-rewrite\\jestAdapterInit.js:122:21)\n    at jestAdapter (C:\\Users\\MH\\Desktop\\记账系统\\Server-side\\node_modules\\jest-circus\\build\\legacy-code-todo-rewrite\\jestAdapter.js:79:19)\n    at runTestInternal (C:\\Users\\MH\\Desktop\\记账系统\\Server-side\\node_modules\\jest-runner\\build\\runTest.js:367:16)\n    at runTest (C:\\Users\\MH\\Desktop\\记账系统\\Server-side\\node_modules\\jest-runner\\build\\runTest.js:444:34)"],"fullName":"RoomController单元测试 getRoomMembers 应该成功获取寝室成员列表","invocations":1,"location":null,"numPassingAsserts":0,"retryReasons":[],"status":"failed","title":"应该成功获取寝室成员列表"},{"ancestorTitles":["RoomController单元测试","getRoomMembers"],"duration":1,"failureDetails":[{}],"failureMessages":["TypeError: roomController.getRoomMembers is not a function\n    at Object.getRoomMembers (C:\\Users\\MH\\Desktop\\记账系统\\Server-side\\tests\\unit\\room-controller.test.js:663:28)\n    at Promise.then.completed (C:\\Users\\MH\\Desktop\\记账系统\\Server-side\\node_modules\\jest-circus\\build\\utils.js:298:28)\n    at new Promise (<anonymous>)\n    at callAsyncCircusFn (C:\\Users\\MH\\Desktop\\记账系统\\Server-side\\node_modules\\jest-circus\\build\\utils.js:231:10)\n    at _callCircusTest (C:\\Users\\MH\\Desktop\\记账系统\\Server-side\\node_modules\\jest-circus\\build\\run.js:316:40)\n    at processTicksAndRejections (node:internal/process/task_queues:95:5)\n    at _runTest (C:\\Users\\MH\\Desktop\\记账系统\\Server-side\\node_modules\\jest-circus\\build\\run.js:252:3)\n    at _runTestsForDescribeBlock (C:\\Users\\MH\\Desktop\\记账系统\\Server-side\\node_modules\\jest-circus\\build\\run.js:126:9)\n    at _runTestsForDescribeBlock (C:\\Users\\MH\\Desktop\\记账系统\\Server-side\\node_modules\\jest-circus\\build\\run.js:121:9)\n    at _runTestsForDescribeBlock (C:\\Users\\MH\\Desktop\\记账系统\\Server-side\\node_modules\\jest-circus\\build\\run.js:121:9)\n    at run (C:\\Users\\MH\\Desktop\\记账系统\\Server-side\\node_modules\\jest-circus\\build\\run.js:71:3)\n    at runAndTransformResultsToJestFormat (C:\\Users\\MH\\Desktop\\记账系统\\Server-side\\node_modules\\jest-circus\\build\\legacy-code-todo-rewrite\\jestAdapterInit.js:122:21)\n    at jestAdapter (C:\\Users\\MH\\Desktop\\记账系统\\Server-side\\node_modules\\jest-circus\\build\\legacy-code-todo-rewrite\\jestAdapter.js:79:19)\n    at runTestInternal (C:\\Users\\MH\\Desktop\\记账系统\\Server-side\\node_modules\\jest-runner\\build\\runTest.js:367:16)\n    at runTest (C:\\Users\\MH\\Desktop\\记账系统\\Server-side\\node_modules\\jest-runner\\build\\runTest.js:444:34)"],"fullName":"RoomController单元测试 getRoomMembers 应该在用户不是寝室成员时返回403错误","invocations":1,"location":null,"numPassingAsserts":0,"retryReasons":[],"status":"failed","title":"应该在用户不是寝室成员时返回403错误"},{"ancestorTitles":["RoomController单元测试","removeMember"],"duration":0,"failureDetails":[{}],"failureMessages":["TypeError: roomController.removeMember is not a function\n    at Object.removeMember (C:\\Users\\MH\\Desktop\\记账系统\\Server-side\\tests\\unit\\room-controller.test.js:689:28)\n    at Promise.then.completed (C:\\Users\\MH\\Desktop\\记账系统\\Server-side\\node_modules\\jest-circus\\build\\utils.js:298:28)\n    at new Promise (<anonymous>)\n    at callAsyncCircusFn (C:\\Users\\MH\\Desktop\\记账系统\\Server-side\\node_modules\\jest-circus\\build\\utils.js:231:10)\n    at _callCircusTest (C:\\Users\\MH\\Desktop\\记账系统\\Server-side\\node_modules\\jest-circus\\build\\run.js:316:40)\n    at processTicksAndRejections (node:internal/process/task_queues:95:5)\n    at _runTest (C:\\Users\\MH\\Desktop\\记账系统\\Server-side\\node_modules\\jest-circus\\build\\run.js:252:3)\n    at _runTestsForDescribeBlock (C:\\Users\\MH\\Desktop\\记账系统\\Server-side\\node_modules\\jest-circus\\build\\run.js:126:9)\n    at _runTestsForDescribeBlock (C:\\Users\\MH\\Desktop\\记账系统\\Server-side\\node_modules\\jest-circus\\build\\run.js:121:9)\n    at _runTestsForDescribeBlock (C:\\Users\\MH\\Desktop\\记账系统\\Server-side\\node_modules\\jest-circus\\build\\run.js:121:9)\n    at run (C:\\Users\\MH\\Desktop\\记账系统\\Server-side\\node_modules\\jest-circus\\build\\run.js:71:3)\n    at runAndTransformResultsToJestFormat (C:\\Users\\MH\\Desktop\\记账系统\\Server-side\\node_modules\\jest-circus\\build\\legacy-code-todo-rewrite\\jestAdapterInit.js:122:21)\n    at jestAdapter (C:\\Users\\MH\\Desktop\\记账系统\\Server-side\\node_modules\\jest-circus\\build\\legacy-code-todo-rewrite\\jestAdapter.js:79:19)\n    at runTestInternal (C:\\Users\\MH\\Desktop\\记账系统\\Server-side\\node_modules\\jest-runner\\build\\runTest.js:367:16)\n    at runTest (C:\\Users\\MH\\Desktop\\记账系统\\Server-side\\node_modules\\jest-runner\\build\\runTest.js:444:34)"],"fullName":"RoomController单元测试 removeMember 应该成功移除寝室成员","invocations":1,"location":null,"numPassingAsserts":0,"retryReasons":[],"status":"failed","title":"应该成功移除寝室成员"},{"ancestorTitles":["RoomController单元测试","removeMember"],"duration":0,"failureDetails":[{}],"failureMessages":["TypeError: roomController.removeMember is not a function\n    at Object.removeMember (C:\\Users\\MH\\Desktop\\记账系统\\Server-side\\tests\\unit\\room-controller.test.js:710:28)\n    at Promise.then.completed (C:\\Users\\MH\\Desktop\\记账系统\\Server-side\\node_modules\\jest-circus\\build\\utils.js:298:28)\n    at new Promise (<anonymous>)\n    at callAsyncCircusFn (C:\\Users\\MH\\Desktop\\记账系统\\Server-side\\node_modules\\jest-circus\\build\\utils.js:231:10)\n    at _callCircusTest (C:\\Users\\MH\\Desktop\\记账系统\\Server-side\\node_modules\\jest-circus\\build\\run.js:316:40)\n    at processTicksAndRejections (node:internal/process/task_queues:95:5)\n    at _runTest (C:\\Users\\MH\\Desktop\\记账系统\\Server-side\\node_modules\\jest-circus\\build\\run.js:252:3)\n    at _runTestsForDescribeBlock (C:\\Users\\MH\\Desktop\\记账系统\\Server-side\\node_modules\\jest-circus\\build\\run.js:126:9)\n    at _runTestsForDescribeBlock (C:\\Users\\MH\\Desktop\\记账系统\\Server-side\\node_modules\\jest-circus\\build\\run.js:121:9)\n    at _runTestsForDescribeBlock (C:\\Users\\MH\\Desktop\\记账系统\\Server-side\\node_modules\\jest-circus\\build\\run.js:121:9)\n    at run (C:\\Users\\MH\\Desktop\\记账系统\\Server-side\\node_modules\\jest-circus\\build\\run.js:71:3)\n    at runAndTransformResultsToJestFormat (C:\\Users\\MH\\Desktop\\记账系统\\Server-side\\node_modules\\jest-circus\\build\\legacy-code-todo-rewrite\\jestAdapterInit.js:122:21)\n    at jestAdapter (C:\\Users\\MH\\Desktop\\记账系统\\Server-side\\node_modules\
[...]
型管理API集成测试 权限测试 应该在非创建者尝试删除费用类型时返回403错误","invocations":1,"location":null,"numPassingAsserts":3,"retryReasons":[],"status":"passed","title":"应该在非创建者尝试删除费用类型时返回403错误"}],"endTime":1762160876337,"message":"","name":"C:\\Users\\MH\\Desktop\\记账系统\\Server-side\\tests\\integration\\expense-types.test.js","startTime":1762160875061,"status":"passed","summary":""},{"assertionResults":[{"ancestorTitles":["支付流程优化控制器测试","createOfflinePayment"],"duration":1,"failureDetails":[],"failureMessages":[],"fullName":"支付流程优化控制器测试 createOfflinePayment 应该成功创建离线支付","invocations":1,"location":null,"numPassingAsserts":3,"retryReasons":[],"status":"passed","title":"应该成功创建离线支付"},{"ancestorTitles":["支付流程优化控制器测试","createOfflinePayment"],"duration":0,"failureDetails":[],"failureMessages":[],"fullName":"支付流程优化控制器测试 createOfflinePayment 应该在缺少必要参数时返回错误","invocations":1,"location":null,"numPassingAsserts":2,"retryReasons":[],"status":"passed","title":"应该在缺少必要参数时返回错误"},{"ancestorTitles":["支付流程优化控制器测试","createOfflinePayment"],"duration":1,"failureDetails":[],"failureMessages":[],"fullName":"支付流程优化控制器测试 createOfflinePayment 应该在服务失败时返回错误","invocations":1,"location":null,"numPassingAsserts":2,"retryReasons":[],"status":"passed","title":"应该在服务失败时返回错误"},{"ancestorTitles":["支付流程优化控制器测试","syncOfflinePayment"],"duration":0,"failureDetails":[],"failureMessages":[],"fullName":"支付流程优化控制器测试 syncOfflinePayment 应该成功同步离线支付","invocations":1,"location":null,"numPassingAsserts":3,"retryReasons":[],"status":"passed","title":"应该成功同步离线支付"},{"ancestorTitles":["支付流程优化控制器测试","syncOfflinePayment"],"duration":0,"failureDetails":[],"failureMessages":[],"fullName":"支付流程优化控制器测试 syncOfflinePayment 应该在ID无效时返回错误","invocations":1,"location":null,"numPassingAsserts":2,"retryReasons":[],"status":"passed","title":"应该在ID无效时返回错误"},{"ancestorTitles":["支付流程优化控制器测试","syncOfflinePayment"],"duration":0,"failureDetails":[],"failureMessages":[],"fullName":"支付流程优化控制器测试 syncOfflinePayment 应该在支付记录不存在时返回错误","invocations":1,"location":null,"numPassingAsserts":2,"retryReasons":[],"status":"passed","title":"应该在支付记录不存在时返回错误"},{"ancestorTitles":["支付流程优化控制器测试","getUserOfflinePayments"],"duration":1,"failureDetails":[],"failureMessages":[],"fullName":"支付流程优化控制器测试 getUserOfflinePayments 应该成功获取用户离线支付记录","invocations":1,"location":null,"numPassingAsserts":3,"retryReasons":[],"status":"passed","title":"应该成功获取用户离线支付记录"},{"ancestorTitles":["支付流程优化控制器测试","getUserOfflinePayments"],"duration":0,"failureDetails":[],"failureMessages":[],"fullName":"支付流程优化控制器测试 getUserOfflinePayments 应该在用户ID无效时返回错误","invocations":1,"location":null,"numPassingAsserts":2,"retryReasons":[],"status":"passed","title":"应该在用户ID无效时返回错误"},{"ancestorTitles":["支付流程优化控制器测试","getPendingSyncPayments"],"duration":0,"failureDetails":[],"failureMessages":[],"fullName":"支付流程优化控制器测试 getPendingSyncPayments 应该成功获取待同步的离线支付记录","invocations":1,"location":null,"numPassingAsserts":3,"retryReasons":[],"status":"passed","title":"应该成功获取待同步的离线支付记录"},{"ancestorTitles":["支付流程优化控制器测试","createPaymentReminder"],"duration":1,"failureDetails":[],"failureMessages":[],"fullName":"支付流程优化控制器测试 createPaymentReminder 应该成功创建支付提醒","invocations":1,"location":null,"numPassingAsserts":3,"retryReasons":[],"status":"passed","title":"应该成功创建支付提醒"},{"ancestorTitles":["支付流程优化控制器测试","createPaymentReminder"],"duration":0,"failureDetails":[],"failureMessages":[],"fullName":"支付流程优化控制器测试 createPaymentReminder 应该在缺少必要参数时返回错误","invocations":1,"location":null,"numPassingAsserts":2,"retryReasons":[],"status":"passed","title":"应该在缺少必要参数时返回错误"},{"ancestorTitles":["支付流程优化控制器测试","getUserPaymentReminders"],"duration":0,"failureDetails":[],"failureMessages":[],"fullName":"支付流程优化控制器测试 getUserPaymentReminders 应该成功获取用户支付提醒列表","invocations":1,"location":null,"numPassingAsserts":3,"retryReasons":[],"status":"passed","title":"应该成功获取用户支付提醒列表"},{"ancestorTitles":["支付流程优化控制器测试","getPaymentRecords"],"duration":1,"failureDetails":[],"failureMessages":[],"fullName":"支付流程优化控制器测试 getPaymentRecords 应该成功获取支付记录列表","invocations":1,"location":null,"numPassingAsserts":3,"retryReasons":[],"status":"passed","title":"应该成功获取支付记录列表"},{"ancestorTitles":["支付流程优化控制器测试","getPaymentRecordById"],"duration":0,"failureDetails":[],"failureMessages":[],"fullName":"支付流程优化控制器测试 getPaymentRecordById 应该成功获取支付记录详情","invocations":1,"location":null,"numPassingAsserts":3,"retryReasons":[],"status":"passed","title":"应该成功获取支付记录详情"},{"ancestorTitles":["支付流程优化控制器测试","getPaymentRecordById"],"duration":1,"failureDetails":[],"failureMessages":[],"fullName":"支付流程优化控制器测试 getPaymentRecordById 应该在支付记录不存在时返回404","invocations":1,"location":null,"numPassingAsserts":3,"retryReasons":[],"status":"passed","title":"应该在支付记录不存在时返回404"},{"ancestorTitles":["支付流程优化控制器测试","getUserPaymentStats"],"duration":0,"failureDetails":[],"failureMessages":[],"fullName":"支付流程优化控制器测试 getUserPaymentStats 应该成功获取用户支付统计","invocations":1,"location":null,"numPassingAsserts":3,"retryReasons":[],"status":"passed","title":"应该成功获取用户支付统计"},{"ancestorTitles":["支付流程优化控制器测试","getRoomPaymentStats"],"duration":0,"failureDetails":[],"failureMessages":[],"fullName":"支付流程优化控制器测试 getRoomPaymentStats 应该成功获取房间支付统计","invocations":1,"location":null,"numPassingAsserts":3,"retryReasons":[],"status":"passed","title":"应该成功获取房间支付统计"},{"ancestorTitles":["支付流程优化控制器测试","triggerTask"],"duration":1,"failureDetails":[],"failureMessages":[],"fullName":"支付流程优化控制器测试 triggerTask 应该成功触发定时任务","invocations":1,"location":null,"numPassingAsserts":3,"retryReasons":[],"status":"passed","title":"应该成功触发定时任务"},{"ancestorTitles":["支付流程优化控制器测试","triggerTask"],"duration":0,"failureDetails":[],"failureMessages":[],"fullName":"支付流程优化控制器测试 triggerTask 应该在任务不存在时返回错误","invocations":1,"location":null,"numPassingAsserts":3,"retryReasons":[],"status":"passed","title":"应该在任务不存在时返回错误"},{"ancestorTitles":["支付流程优化控制器测试","getTaskStatus"],"duration":1,"failureDetails":[],"failureMessages":[],"fullName":"支付流程优化控制器测试 getTaskStatus 应该成功获取任务状态","invocations":1,"location":null,"numPassingAsserts":3,"retryReasons":[],"status":"passed","title":"应该成功获取任务状态"}],"endTime":1762160877022,"message":"","name":"C:\\Users\\MH\\Desktop\\记账系统\\Server-side\\tests\\unit\\payment-optimization-controller.test.js","startTime":1762160876348,"status":"passed","summary":""},{"assertionResults":[{"ancestorTitles":["Payments Bill Flow"],"duration":0,"failureDetails":[],"failureMessages":[],"fullName":"Payments Bill Flow should get bill qr-code info and confirm payment","invocations":1,"location":null,"numPassingAsserts":0,"retryReasons":[],"status":"passed","title":"should get bill qr-code info and confirm payment"}],"endTime":1762160877687,"message":"","name":"C:\\Users\\MH\\Desktop\\记账系统\\Server-side\\tests\\integration\\payments-bill-flow.test.js","startTime":1762160877035,"status":"passed","summary":""},{"assertionResults":[{"ancestorTitles":["Rooms API - integration"],"duration":150,"failureDetails":[],"failureMessages":[],"fullName":"Rooms API - integration create room, list rooms, get detail, second user joins","invocations":1,"location":null,"numPassingAsserts":2,"retryReasons":[],"status":"passed","title":"create room, list rooms, get detail, second user joins"}],"endTime":1762160878332,"message":"","name":"C:\\Users\\MH\\Desktop\\记账系统\\Server-side\\tests\\integration\\rooms.test.js","startTime":1762160877695,"status":"passed","summary":""},{"assertionResults":[{"ancestorTitles":["QR Codes API"],"duration":1,"failureDetails":[],"failureMessages":[],"fullName":"QR Codes API should upload and list qr codes","invocations":1,"location":null,"numPassingAsserts":0,"retryReasons":[],"status":"passed","title":"should upload and list qr codes"}],"endTime":1762160878990,"message":"","name":"C:\\Users\\MH\\Desktop\\记账系统\\Server-side\\tests\\integration\\qr-codes.test.js","startTime":1762160878341,"status":"passed","summary":""},{"assertionResults":[{"ancestorTitles":["定时任务服务测试","startAllTasks"],"duration":1,"failureDetails":[],"failureMessages":[],"fullName":"定时任务服务测试 startAllTasks 应该成功启动所有定时任务","invocations":1,"location":null,"numPassingAsserts":1,"retryReasons":[],"status":"passed","title":"应该成功启动所有定时任务"},{"ancestorTitles":["定时任务服务测试","startAllTasks"],"duration":1,"failureDetails":[],"failureMessages":[],"fullName":"定时任务服务测试 startAllTasks 应该在任务已启动时返回相应消息","invocations":1,"location":null,"numPassingAsserts":1,"retryReasons":[],"status":"passed","title":"应该在任务已启动时返回相应消息"},{"ancestorTitles":["定时任务服务测试","stopAllTasks"],"duration":0,"failureDetails":[],"failureMessages":[],"fullName":"定时任务服务测试 stopAllTasks 应该成功停止所有定时任务","invocations":1,"location":null,"numPassingAsserts":1,"retryReasons":[],"status":"passed","title":"应该成功停止所有定时任务"},{"ancestorTitles":["定时任务服务测试","stopAllTasks"],"duration":1,"failureDetails":[],"failureMessages":[],"fullName":"定时任务服务测试 stopAllTasks 应该在任务未启动时返回相应消息","invocations":1,"location":null,"numPassingAsserts":1,"retryReasons":[],"status":"passed","title":"应该在任务未启动时返回相应消息"},{"ancestorTitles":["定时任务服务测试","checkPaymentReminders"],"duration":0,"failureDetails":[],"failureMessages":[],"fullName":"定时任务服务测试 checkPaymentReminders 应该成功检查并发送支付提醒","invocations":1,"location":null,"numPassingAsserts":3,"retryReasons":[],"status":"passed","title":"应该成功检查并发送支付提醒"},{"ancestorTitles":["定时任务服务测试","checkPaymentReminders"],"duration":0,"failureDetails":[],"failureMessages":[],"fullName":"定时任务服务测试 checkPaymentReminders 应该处理没有待发送提醒的情况","invocations":1,"location":null,"numPassingAsserts":3,"retryReasons":[],"status":"passed","title":"应该处理没有待发送提醒的情况"},{"ancestorTitles":["定时任务服务测试","checkPaymentReminders"],"duration":1,"failureDetails":[],"failureMessages":[],"fullName":"定时任务服务测试 checkPaymentReminders 应该处理发送提醒失败的情况","invocations":1,"location":null,"numPassingAsserts":3,"retryReasons":[],"status":"passed","title":"应该处理发送提醒失败的情况"},{"ancestorTitles":["定时任务服务测试","checkPaymentReminders"],"duration":0,"failureDetails":[],"failureMessages":[],"fullName":"定时任务服务测试 checkPaymentReminders 应该处理获取提醒失败的情况","invocations":1,"location":null,"numPassingAsserts":2,"retryReasons":[],"status":"passed","title":"应该处理获取提醒失败的情况"},{"ancestorTitles":["定时任务服务测试","syncOfflinePayments"],"duration":1,"failureDetails":[],"failureMessages":[],"fullName":"定时任务服务测试 syncOfflinePayments 应该成功同步离线支付","invocations":1,"location":null,"numPassingAsserts":3,"retryReasons":[],"status":"passed","title":"应该成功同步离线支付"},{"ancestorTitles":["定时任务服务测试","syncOfflinePayments"],"duration":1,"failureDetails":[],"failureMessages":[],"fullName":"定时任务服务测试 syncOfflinePayments 应该处理没有待同步支付的情况","invocations":1,"location":null,"numPassingAsserts":3,"retryReasons":[],"status":"passed","title":"应该处理没有待同步支付的情况"},{"ancestorTitles":["定时任务服务测试","syncOfflinePayments"],"duration":0,"failureDetails":[],"failureMessages":[],"fullName":"定时任务服务测试 syncOfflinePayments 应该处理部分同步失败的情况","invocations":1,"location":null,"numPassingAsserts":3,"retryReasons":[],"status":"passed","title":"应该处理部分同步失败的情况"},{"ancestorTitles":["定时任务服务测试","syncOfflinePayments"],"duration":0,"failureDetails":[],"failureMessages":[],"fullName":"定时任务服务测试 syncOfflinePayments 应该处理获取待同步支付失败的情况","invocations":1,"location":null,"numPassingAsserts":2,"retryReasons":[],"status":"passed","title":"应该处理获取待同步支付失败的情况"},{"ancestorTitles":["定时任务服务测试","cleanupExpiredReminders"],"duration":1,"failureDetails":[],"failureMessages":[],"fullName":"定时任务服务测试 cleanupExpiredReminders 应该成功清理过期提醒","invocations":1,"location":null,"numPassingAsserts":2,"retryReasons":[],"status":"passed","title":"应该成功清理过期提醒"},{"ancestorTitles":["定时任务服务测试","cleanupExpiredReminders"],"duration":0,"failureDetails":[],"failureMessages":[],"fullName":"定时任务服务测试 cleanupExpiredReminders 应该处理没有过期提醒的情况","invocations":1,"location":null,"numPassingAsserts":2,"retryReasons":[],"status":"passed","title":"应该处理没有过期提醒的情况"},{"ancestorTitles":["定时任务服务测试","cleanupExpiredReminders"],"duration":1,"failureDetails":[],"failureMessages":[],"fullName":"定时任务服务测试 cleanupExpiredReminders 应该处理清理过期提醒失败的情况","invocations":1,"location":null,"numPassingAsserts":2,"retryReasons":[],"status":"passed","title":"应该处理清理过期提醒失败的情况"},{"ancestorTitles":["定时任务服务测试","generatePaymentStats"],"duration":1,"failureDetails":[],"failureMessages":[],"fullName":"定时任务服务测试 generatePaymentStats 应该成功生成支付统计报告","invocations":1,"location":null,"numPassingAsserts":3,"retryReasons":[],"status":"passed","title":"应该成功生成支付统计报告"},{"ancestorTitles":["定时任务服务测试","generatePaymentStats"],"duration":1,"failureDetails":[],"failureMessages":[],"fullName":"定时任务服务测试 generatePaymentStats 应该处理没有支付记录的情况","invocations":1,"location":null,"numPassingAsserts":3,"retryReasons":[],"status":"passed","title":"应该处理没有支付记录的情况"},{"ancestorTitles":["定时任务服务测试","generatePaymentStats"],"duration":0,"failureDetails":[],"failureMessages":[],"fullName":"定时任务服务测试 generatePaymentStats 应该处理生成支付统计失败的情况","invocations":1,"location":null,"numPassingAsserts":2,"retryReasons":[],"status":"passed","title":"应该处理生成支付统计失败的情况"},{"ancestorTitles":["定时任务服务测试","getTaskStatus"],"duration":0,"failureDetails":[],"failureMessages":[],"fullName":"定时任务服务测试 getTaskStatus 应该返回所有任务状态","invocations":1,"location":null,"numPassingAsserts":1,"retryReasons":[],"status":"passed","title":"应该返回所有任务状态"},{"ancestorTitles":["定时任务服务测试","getTaskStatus"],"duration":1,"failureDetails":[],"failureMessages":[],"fullName":"定时任务服务测试 getTaskStatus 应该在任务未启动时返回相应状态","invocations":1,"location":null,"numPassingAsserts":1,"retryReasons":[],"status":"passed","title":"应该在任务未启动时返回相应状态"},{"ancestorTitles":["定时任务服务测试","triggerTask"],"duration":0,"failureDetails":[],"failureMessages":[],"fullName":"定时任务服务测试 triggerTask 应该成功触发指定任务","invocations":1,"location":null,"numPassingAsserts":2,"retryReasons":[],"status":"passed","title":"应该成功触发指定任务"},{"ancestorTitles":["定时任务服务测试","triggerTask"],"duration":0,"failureDetails":[],"failureMessages":[],"fullName":"定时任务服务测试 triggerTask 应该在任务不存在时返回错误","invocations":1,"location":null,"numPassingAsserts":1,"retryReasons":[],"status":"passed","title":"应该在任务不存在时返回错误"},{"ancestorTitles":["定时任务服务测试","triggerTask"],"duration":1,"failureDetails":[],"failureMessages":[],"fullName":"定时任务服务测试 triggerTask 应该处理任务执行失败的情况","invocations":1,"location":null,"numPassingAsserts":2,"retryReasons":[],"status":"passed","title":"应该处理任务执行失败的情况"}],"endTime":1762160879768,"message":"","name":"C:\\Users\\MH\\Desktop\\记账系统\\Server-side\\tests\\unit\\scheduler.test.js","startTime":1762160879002,"status":"passed","summary":""},{"assertionResults":[{"ancestorTitles":["Expenses API - basic flows"],"duration":171,"failureDetails":[],"failureMessages":[],"fullName":"Expenses API - basic flows list expenses empty, calculate split works, create expense guarded","invocations":1,"location":null,"numPassingAsserts":4,"retryReasons":[],"status":"passed","title":"list expenses empty, calculate split works, create expense guarded"}],"endTime":1762160880568,"message":"","name":"C:\\Users\\MH\\Desktop\\记账系统\\Server-side\\tests\\integration\\expenses-basic.test.js","startTime":1762160879781,"status":"passed","summary":""},{"assertionResults":[{"ancestorTitles":["Bills API - basic flows"],"duration":193,"failureDetails":[],"failureMessages":[],"fullName":"Bills API - basic flows create bill (optional), list bills, get one, review/payment guarded","invocations":1,"location":null,"numPassingAsserts":2,"retryReasons":[],"status":"passed","title":"create bill (optional), list bills, get one, review/payment guarded"}],"endTime":1762160881504,"message":"","name":"C:\\Users\\MH\\Desktop\\记账系统\\Server-side\\tests\\integration\\bills-basic.test.js","startTime":1762160880578,"status":"passed","summary":""},{"assertionResults":[{"ancestorTitles":["最小测试","变量初始化测试"],"duration":0,"failureDetails":[],"failureMessages":[],"fullName":"最小测试 变量初始化测试 应该正确初始化testUser变量","invocations":1,"location":null,"numPassingAsserts":2,"retryReasons":[],"status":"passed","title":"应该正确初始化testUser变量"}],"endTime":1762160882339,"message":"","name":"C:\\Users\\MH\\Desktop\\记账系统\\Server-side\\tests\\integration\\minimal.test.js","startTime":1762160881515,"status":"passed","summary":""},{"assertionResults":[{"ancestorTitles":["BillController单元测试","createBill"],"duration":null,"failureDetails":[],"failureMessages":[],"fullName":"BillController单元测试 createBill 应该成功创建账单","invocations":1,"location":null,"numPassingAsserts":0,"retryReasons":[],"status":"pending","title":"应该成功创建账单"},{"ancestorTitles":["BillController单元测试","createBill"],"duration":null,"failureDetails":[],"failureMessages":[],"fullName":"BillController单元测试 createBill 应该在缺少必填字段时返回500错误","invocations":1,"location":null,"numPassingAsserts":0,"retryReasons":[],"status":"pending","title":"应该在缺少必填字段时返回500错误"},{"ancestorTitles":["BillController单元测试","createBill"],"duration":null,"failureDetails":[],"failureMessages":[],"fullName":"BillController单元测试 createBill 应该在用户不是寝室成员时返回403错误","invocations":1,"location":null,"numPassingAsserts":0,"retryReasons":[],"status":"pending","title":"应该在用户不是寝室成员时返回403错误"},{"ancestorTitles":["BillController单元测试","getBills"],"duration":null,"failureDetails":[],"failureMessages":[],"fullName":"BillController单元测试 getBills 应该成功获取账单列表","invocations":1,"location":null,"numPassingAsserts":0,"retryReasons":[],"status":"pending","title":"应该成功获取账单列表"},{"ancestorTitles":["BillController单元测试","getBillById"],"duration":null,"failureDetails":[],"failureMessages":[],"fullName":"BillController单元测试 getBillById 应该成功获取特定账单详情","invocations":1,"location":null,"numPassingAsserts":0,"retryReasons":[],"status":"pending","title":"应该成功获取特定账单详情"},{"ancestorTitles":["BillController单元测试","getBillById"],"duration":null,"failureDetails":[],"failureMessages":[],"fullName":"BillController单元测试 getBillById 应该在账单不存在时返回403错误","invocations":1,"location":null,"numPassingAsserts":0,"retryReasons":[],"status":"pending","title":"应该在账单不存在时返回403错误"},{"ancestorTitles":["BillController单元测试","reviewBill"],"duration":null,"failureDetails":[],"failureMessages":[],"fullName":"BillController单元测试 reviewBill 应该成功审核账单","invocations":1,"location":null,"numPassingAsserts":0,"retryReasons":[],"status":"pending","title":"应该成功审核账单"},{"ancestorTitles":["BillController单元测试","reviewBill"],"duration":null,"failureDetails":[],"failureMessages":[],"fullName":"BillController单元测试 reviewBill 应该在账单不存在时返回403错误","invocations":1,"location":null,"numPassingAsserts":0,"retryReasons":[],"status":"pending","title":"应该在账单不存在时返回403错误"},{"ancestorTitles":["BillController单元测试","confirmBillPayment"],"duration":null,"failureDetails":[],"failureMessages":[],"fullName":"BillController单元测试 confirmBillPayment 应该成功确认账单支付","invocations":1,"location":null,"numPassingAsserts":0,"retryReasons":[],"status":"pending","title":"应该成功确认账单支付"},{"ancestorTitles":["BillController单元测试","confirmBillPayment"],"duration":null,"failureDetails":[],"failureMessages":[],"fullName":"BillController单元测试 confirmBillPayment 应该在分摊ID不存在时返回403错误","invocations":1,"location":null,"numPassingAsserts":0,"retryReasons":[],"status":"pending","title":"应该在分摊ID不存在时返回403错误"}],"coverage":{},"endTime":1762160888033,"message":"","name":"C:\\Users\\MH\\Desktop\\记账系统\\Server-side\\tests\\unit\\bill-controller.test.js","startTime":1762160888033,"status":"skipped","summary":""},{"assertionResults":[{"ancestorTitles":["BillController 真实数据库集成测试"],"duration":1,"failureDetails":[],"failureMessages":[],"fullName":"BillController 真实数据库集成测试 should connect to real DB and run a simple query","invocations":1,"location":null,"numPassingAsserts":1,"retryReasons":[],"status":"passed","title":"should connect to real DB and run a simple query"},{"ancestorTitles":["BillController 真实数据库集成测试"],"duration":5,"failureDetails":[],"failureMessages":[],"fullName":"BillController 真实数据库集成测试 should not throw when calling getBills with empty data","invocations":1,"location":null,"numPassingAsserts":1,"retryReasons":[],"status":"passed","title":"should not throw when calling getBills with empty data"}],"endTime":1762160883075,"message":"","name":"C:\\Users\\MH\\Desktop\\记账系统\\Server-side\\tests\\integration\\bill-controller-real-db.test.js","startTime":1762160882587,"status":"passed","summary":""}],"wasInterrupted":false}
